imagenet1k_export/gray3/train/brain coral/train_sh02_00000209.png
imagenet1k_export/gray3/train/carbonara/train_sh06_00000202.png
imagenet1k_export/gray3/train/crane/train_sh07_00000069.png
imagenet1k_export/gray3/train/harvester, reaper/train_sh07_00000196.png
imagenet1k_export/gray3/train/slot, one-armed bandit/train_sh08_00000267.png
imagenet1k_export/gray3/train/vending machine/train_sh05_00000168.png
imagenet1k_export/gray3/train/brassiere, bra, bandeau/train_sh09_00000281.png
imagenet1k_export/gray3/train/rock beauty, Holocanthus tricolor/train_sh01_00000119.png
imagenet1k_export/gray3/train/solar dish, solar collector, solar furnace/train_sh13_00000192.png
imagenet1k_export/gray3/train/boathouse/train_sh04_00000109.png
imagenet1k_export/gray3/train/Norfolk terrier/train_sh02_00000088.png
imagenet1k_export/gray3/train/weasel/train_sh15_00000247.png
imagenet1k_export/gray3/train/cock/train_sh03_00000179.png
imagenet1k_export/gray3/train/pole/train_sh03_00000129.png
imagenet1k_export/gray3/train/pencil box, pencil case/train_sh05_00000070.png
imagenet1k_export/gray3/train/warplane, military plane/train_sh01_00000246.png
imagenet1k_export/gray3/train/toy terrier/train_sh06_00000168.png
imagenet1k_export/gray3/train/canoe/train_sh01_00000197.png
imagenet1k_export/gray3/train/pill bottle/train_sh03_00000167.png
imagenet1k_export/gray3/train/crayfish, crawfish, crawdad, crawdaddy/train_sh10_00000209.png
imagenet1k_export/gray3/train/crayfish, crawfish, crawdad, crawdaddy/train_sh14_00000184.png
