nohup: ignoring input
wandb: Currently logged in as: rtrt505 to https://api.wandb.ai. Use `wandb login --relogin` to force relogin
wandb: setting up run ro8o344g
wandb: Tracking run with wandb version 0.23.0
wandb: Run data is saved locally in /workspace/rkd_cifar10_1111/wandb/run-20260102_144455-ro8o344g
wandb: Run `wandb offline` to turn off syncing.
wandb: Syncing run sgd_bs256_cuda6
wandb: ⭐️ View project at https://wandb.ai/rtrt505/0102-imagenet-gray3
wandb: 🚀 View run at https://wandb.ai/rtrt505/0102-imagenet-gray3/runs/ro8o344g
[2026-01-02 14:44:56] W&B enabled: project=0102-imagenet-gray3 name=sgd_bs256_cuda6
[2026-01-02 14:44:57] Dataset: 1285684 train, 50000 val | classes=1000
[2026-01-02 14:44:57] Device: cuda:6 | amp=True | tf32=True | ema=True | randaug=True | force_gray3=True
[2026-01-02 14:44:57] Norm: mean=(0.45798322587856827, 0.45798322587856827, 0.45798322587856827), std=(0.2623006911570552, 0.2623006911570552, 0.2623006911570552)
[2026-01-02 14:44:58] Optimizer=sgd | lr=0.1 | wd=0.0001 | updates/epoch=5022 total_updates=502200 warmup_updates=25110
[2026-01-02 14:48:49] [Train][E000][upd 0000502] lr=0.00297921 loss=12.5469 top1=0.09 top5=0.50 imgs/s=556.5
[2026-01-02 14:52:34] [Train][E000][upd 0001004] lr=0.00495842 loss=12.1025 top1=0.10 top5=0.51 imgs/s=563.3
[2026-01-02 14:56:21] [Train][E000][upd 0001506] lr=0.00693763 loss=11.6640 top1=0.10 top5=0.51 imgs/s=564.3
[2026-01-02 15:00:09] [Train][E000][upd 0002008] lr=0.00891685 loss=11.3328 top1=0.10 top5=0.52 imgs/s=564.6
[2026-01-02 15:03:56] [Train][E000][upd 0002510] lr=0.0108961 loss=11.0862 top1=0.10 top5=0.52 imgs/s=564.7
[2026-01-02 15:07:42] [Train][E000][upd 0003012] lr=0.0128753 loss=10.8936 top1=0.10 top5=0.53 imgs/s=565.2
[2026-01-02 15:11:26] [Train][E000][upd 0003514] lr=0.0148545 loss=10.7375 top1=0.11 top5=0.54 imgs/s=566.5
[2026-01-02 15:15:11] [Train][E000][upd 0004016] lr=0.0168337 loss=10.6048 top1=0.11 top5=0.55 imgs/s=566.9
[2026-01-02 15:18:57] [Train][E000][upd 0004518] lr=0.0188129 loss=10.4928 top1=0.12 top5=0.59 imgs/s=567.4
[2026-01-02 15:22:36] [Train][E000][upd 0005020] lr=0.0207921 loss=10.3957 top1=0.13 top5=0.65 imgs/s=569.2
[2026-01-02 15:23:30] [Epoch 000] TrainLoss=10.3953 ValLoss=10.2621 ValTop1=0.10% ValTop5=0.50% (BestTop1=0.10%)
[2026-01-02 15:27:04] [Train][E001][upd 0005522] lr=0.0227713 loss=9.4014 top1=0.36 top5=1.61 imgs/s=598.9
[2026-01-02 15:30:47] [Train][E001][upd 0006024] lr=0.0247505 loss=9.3265 top1=0.43 top5=1.93 imgs/s=587.9
[2026-01-02 15:34:29] [Train][E001][upd 0006526] lr=0.0267297 loss=9.2515 top1=0.54 top5=2.33 imgs/s=584.4
[2026-01-02 15:38:10] [Train][E001][upd 0007028] lr=0.028709 loss=9.1747 top1=0.69 top5=2.80 imgs/s=583.7
[2026-01-02 15:41:55] [Train][E001][upd 0007530] lr=0.0306882 loss=9.0950 top1=0.86 top5=3.35 imgs/s=581.1
[2026-01-02 15:45:39] [Train][E001][upd 0008032] lr=0.0326674 loss=9.0132 top1=1.06 top5=4.01 imgs/s=579.7
[2026-01-02 15:49:26] [Train][E001][upd 0008534] lr=0.0346466 loss=8.9283 top1=1.29 top5=4.75 imgs/s=578.1
[2026-01-02 15:53:09] [Train][E001][upd 0009036] lr=0.0366258 loss=8.8439 top1=1.54 top5=5.54 imgs/s=577.6
[2026-01-02 15:56:55] [Train][E001][upd 0009538] lr=0.038605 loss=8.7596 top1=1.83 top5=6.39 imgs/s=576.8
[2026-01-02 16:00:40] [Train][E001][upd 0010040] lr=0.0405842 loss=8.6762 top1=2.13 top5=7.28 imgs/s=576.1
[2026-01-02 16:01:33] [Epoch 001] TrainLoss=8.6756 ValLoss=17355.3572 ValTop1=0.10% ValTop5=0.47% (BestTop1=0.10%)
[2026-01-02 16:05:11] [Train][E002][upd 0010542] lr=0.0425634 loss=7.7444 top1=6.12 top5=18.02 imgs/s=586.2
[2026-01-02 16:08:58] [Train][E002][upd 0011044] lr=0.0445427 loss=7.6707 top1=6.65 top5=19.24 imgs/s=575.9
[2026-01-02 16:12:46] [Train][E002][upd 0011546] lr=0.0465219 loss=7.5967 top1=7.15 top5=20.42 imgs/s=572.1
[2026-01-02 16:16:31] [Train][E002][upd 0012048] lr=0.0485011 loss=7.5239 top1=7.72 top5=21.62 imgs/s=571.7
[2026-01-02 16:20:17] [Train][E002][upd 0012550] lr=0.0504803 loss=7.4518 top1=8.31 top5=22.85 imgs/s=570.9
[2026-01-02 16:24:05] [Train][E002][upd 0013052] lr=0.0524595 loss=7.3840 top1=8.90 top5=24.01 imgs/s=569.9
[2026-01-02 16:27:52] [Train][E002][upd 0013554] lr=0.0544387 loss=7.3194 top1=9.47 top5=25.13 imgs/s=569.1
[2026-01-02 16:31:40] [Train][E002][upd 0014056] lr=0.0564179 loss=7.2560 top1=10.07 top5=26.24 imgs/s=568.7
[2026-01-02 16:35:25] [Train][E002][upd 0014558] lr=0.0583971 loss=7.1948 top1=10.67 top5=27.30 imgs/s=568.8
[2026-01-02 16:39:12] [Train][E002][upd 0015060] lr=0.0603763 loss=7.1353 top1=11.26 top5=28.35 imgs/s=568.5
[2026-01-02 16:40:05] [Epoch 002] TrainLoss=7.1346 ValLoss=2261981995.1718 ValTop1=0.10% ValTop5=0.47% (BestTop1=0.10%)
[2026-01-02 16:43:41] [Train][E003][upd 0015562] lr=0.0623556 loss=6.4844 top1=17.94 top5=39.95 imgs/s=591.5
[2026-01-02 16:47:26] [Train][E003][upd 0016064] lr=0.0643348 loss=6.4419 top1=18.49 top5=40.53 imgs/s=581.1
[2026-01-02 16:51:13] [Train][E003][upd 0016566] lr=0.066314 loss=6.3982 top1=19.04 top5=41.33 imgs/s=575.4
[2026-01-02 16:54:59] [Train][E003][upd 0017068] lr=0.0682932 loss=6.3622 top1=19.47 top5=41.98 imgs/s=573.7
[2026-01-02 16:58:45] [Train][E003][upd 0017570] lr=0.0702724 loss=6.3235 top1=19.95 top5=42.70 imgs/s=572.7
[2026-01-02 17:02:32] [Train][E003][upd 0018072] lr=0.0722516 loss=6.2863 top1=20.41 top5=43.35 imgs/s=571.6
[2026-01-02 17:06:19] [Train][E003][upd 0018574] lr=0.0742308 loss=6.2501 top1=20.86 top5=43.95 imgs/s=570.8
[2026-01-02 17:10:06] [Train][E003][upd 0019076] lr=0.07621 loss=6.2182 top1=21.28 top5=44.50 imgs/s=570.3
[2026-01-02 17:13:51] [Train][E003][upd 0019578] lr=0.0781892 loss=6.1869 top1=21.70 top5=45.04 imgs/s=570.3
[2026-01-02 17:17:38] [Train][E003][upd 0020080] lr=0.0801685 loss=6.1571 top1=22.07 top5=45.53 imgs/s=569.9
[2026-01-02 17:18:32] [Epoch 003] TrainLoss=6.1568 ValLoss=49337998728820.1641 ValTop1=0.10% ValTop5=0.49% (BestTop1=0.10%)
[2026-01-02 17:22:05] [Train][E004][upd 0020582] lr=0.0821477 loss=5.7977 top1=26.73 top5=51.55 imgs/s=594.8
[2026-01-02 17:25:49] [Train][E004][upd 0021084] lr=0.0841269 loss=5.7884 top1=26.86 top5=51.69 imgs/s=583.7
[2026-01-02 17:29:36] [Train][E004][upd 0021586] lr=0.0861061 loss=5.7734 top1=27.06 top5=51.95 imgs/s=578.4
[2026-01-02 17:33:23] [Train][E004][upd 0022088] lr=0.0880853 loss=5.7565 top1=27.30 top5=52.22 imgs/s=575.0
[2026-01-02 17:37:11] [Train][E004][upd 0022590] lr=0.0900645 loss=5.7443 top1=27.48 top5=52.40 imgs/s=572.9
[2026-01-02 17:40:56] [Train][E004][upd 0023092] lr=0.0920437 loss=5.7283 top1=27.71 top5=52.68 imgs/s=572.6
[2026-01-02 17:44:43] [Train][E004][upd 0023594] lr=0.0940229 loss=5.7136 top1=27.92 top5=52.91 imgs/s=571.7
[2026-01-02 17:48:29] [Train][E004][upd 0024096] lr=0.0960022 loss=5.7009 top1=28.07 top5=53.12 imgs/s=571.3
[2026-01-02 17:52:16] [Train][E004][upd 0024598] lr=0.0979814 loss=5.6890 top1=28.25 top5=53.30 imgs/s=570.6
[2026-01-02 17:56:03] [Train][E004][upd 0025100] lr=0.0999606 loss=5.6779 top1=28.40 top5=53.48 imgs/s=570.1
[2026-01-02 17:57:03] [Epoch 004] TrainLoss=5.6776 ValLoss=35550895607298.1328 ValTop1=0.10% ValTop5=0.51% (BestTop1=0.10%)
[2026-01-02 18:00:40] [Train][E005][upd 0025602] lr=0.0999997 loss=5.4882 top1=30.80 top5=56.49 imgs/s=582.7
[2026-01-02 18:04:26] [Train][E005][upd 0026104] lr=0.0999989 loss=5.4861 top1=30.85 top5=56.53 imgs/s=575.3
[2026-01-02 18:08:10] [Train][E005][upd 0026606] lr=0.0999976 loss=5.4712 top1=31.04 top5=56.77 imgs/s=574.7
[2026-01-02 18:11:56] [Train][E005][upd 0027108] lr=0.0999957 loss=5.4616 top1=31.13 top5=56.91 imgs/s=573.7
[2026-01-02 18:15:42] [Train][E005][upd 0027610] lr=0.0999932 loss=5.4507 top1=31.31 top5=57.09 imgs/s=572.3
[2026-01-02 18:19:29] [Train][E005][upd 0028112] lr=0.0999902 loss=5.4399 top1=31.47 top5=57.24 imgs/s=571.5
[2026-01-02 18:23:15] [Train][E005][upd 0028614] lr=0.0999867 loss=5.4272 top1=31.68 top5=57.45 imgs/s=571.1
[2026-01-02 18:27:01] [Train][E005][upd 0029116] lr=0.0999826 loss=5.4163 top1=31.86 top5=57.60 imgs/s=570.8
[2026-01-02 18:30:45] [Train][E005][upd 0029618] lr=0.099978 loss=5.4067 top1=32.00 top5=57.73 imgs/s=571.1
[2026-01-02 18:34:30] [Train][E005][upd 0030120] lr=0.0999728 loss=5.3955 top1=32.16 top5=57.92 imgs/s=570.9
[2026-01-02 18:35:27] [Epoch 005] TrainLoss=5.3950 ValLoss=989169383.0758 ValTop1=0.10% ValTop5=0.50% (BestTop1=0.10%)
[2026-01-02 18:39:00] [Train][E006][upd 0030622] lr=0.0999671 loss=5.2463 top1=34.22 top5=60.18 imgs/s=590.7
[2026-01-02 18:42:45] [Train][E006][upd 0031124] lr=0.0999608 loss=5.2416 top1=34.39 top5=60.33 imgs/s=580.6
[2026-01-02 18:46:27] [Train][E006][upd 0031626] lr=0.099954 loss=5.2347 top1=34.49 top5=60.40 imgs/s=579.8
[2026-01-02 18:50:12] [Train][E006][upd 0032128] lr=0.0999466 loss=5.2284 top1=34.62 top5=60.49 imgs/s=577.6
[2026-01-02 18:53:57] [Train][E006][upd 0032630] lr=0.0999387 loss=5.2209 top1=34.72 top5=60.61 imgs/s=576.6
[2026-01-02 18:57:42] [Train][E006][upd 0033132] lr=0.0999303 loss=5.2167 top1=34.79 top5=60.65 imgs/s=575.4
[2026-01-02 19:01:29] [Train][E006][upd 0033634] lr=0.0999213 loss=5.2104 top1=34.87 top5=60.75 imgs/s=574.1
[2026-01-02 19:05:16] [Train][E006][upd 0034136] lr=0.0999117 loss=5.2035 top1=34.98 top5=60.86 imgs/s=573.1
[2026-01-02 19:09:03] [Train][E006][upd 0034638] lr=0.0999016 loss=5.1971 top1=35.07 top5=60.96 imgs/s=572.4
[2026-01-02 19:12:50] [Train][E006][upd 0035140] lr=0.099891 loss=5.1899 top1=35.20 top5=61.07 imgs/s=571.8
[2026-01-02 19:13:47] [Epoch 006] TrainLoss=5.1897 ValLoss=13783.7664 ValTop1=0.09% ValTop5=0.50% (BestTop1=0.10%)
[2026-01-02 19:17:20] [Train][E007][upd 0035642] lr=0.0998798 loss=5.0789 top1=36.70 top5=62.69 imgs/s=586.4
[2026-01-02 19:21:05] [Train][E007][upd 0036144] lr=0.0998681 loss=5.0768 top1=36.82 top5=62.75 imgs/s=578.9
[2026-01-02 19:24:49] [Train][E007][upd 0036646] lr=0.0998558 loss=5.0789 top1=36.82 top5=62.73 imgs/s=576.9
[2026-01-02 19:28:37] [Train][E007][upd 0037148] lr=0.099843 loss=5.0757 top1=36.89 top5=62.78 imgs/s=573.9
[2026-01-02 19:32:22] [Train][E007][upd 0037650] lr=0.0998296 loss=5.0746 top1=36.95 top5=62.78 imgs/s=573.0
[2026-01-02 19:36:10] [Train][E007][upd 0038152] lr=0.0998157 loss=5.0718 top1=37.01 top5=62.83 imgs/s=571.7
[2026-01-02 19:39:55] [Train][E007][upd 0038654] lr=0.0998013 loss=5.0655 top1=37.12 top5=62.92 imgs/s=571.3
[2026-01-02 19:43:38] [Train][E007][upd 0039156] lr=0.0997863 loss=5.0601 top1=37.19 top5=63.01 imgs/s=572.0
[2026-01-02 19:47:26] [Train][E007][upd 0039658] lr=0.0997708 loss=5.0570 top1=37.26 top5=63.05 imgs/s=571.3
[2026-01-02 19:51:08] [Train][E007][upd 0040160] lr=0.0997547 loss=5.0544 top1=37.30 top5=63.10 imgs/s=571.9
[2026-01-02 19:52:05] [Epoch 007] TrainLoss=5.0543 ValLoss=38.7778 ValTop1=0.10% ValTop5=0.48% (BestTop1=0.10%)
[2026-01-02 19:55:31] [Train][E008][upd 0040662] lr=0.099738 loss=4.9730 top1=38.70 top5=64.16 imgs/s=604.9
[2026-01-02 19:59:15] [Train][E008][upd 0041164] lr=0.0997209 loss=4.9715 top1=38.63 top5=64.25 imgs/s=588.9
[2026-01-02 20:03:00] [Train][E008][upd 0041666] lr=0.0997032 loss=4.9674 top1=38.77 top5=64.34 imgs/s=582.1
[2026-01-02 20:06:46] [Train][E008][upd 0042168] lr=0.0996849 loss=4.9682 top1=38.71 top5=64.35 imgs/s=579.3
[2026-01-02 20:10:32] [Train][E008][upd 0042670] lr=0.0996661 loss=4.9657 top1=38.77 top5=64.39 imgs/s=576.9
[2026-01-02 20:14:19] [Train][E008][upd 0043172] lr=0.0996468 loss=4.9652 top1=38.79 top5=64.42 imgs/s=575.0
[2026-01-02 20:18:06] [Train][E008][upd 0043674] lr=0.0996269 loss=4.9630 top1=38.80 top5=64.45 imgs/s=573.9
[2026-01-02 20:21:50] [Train][E008][upd 0044176] lr=0.0996065 loss=4.9616 top1=38.82 top5=64.45 imgs/s=573.8
[2026-01-02 20:25:35] [Train][E008][upd 0044678] lr=0.0995855 loss=4.9601 top1=38.84 top5=64.47 imgs/s=573.6
[2026-01-02 20:29:21] [Train][E008][upd 0045180] lr=0.099564 loss=4.9576 top1=38.88 top5=64.51 imgs/s=573.0
[2026-01-02 20:30:18] [Epoch 008] TrainLoss=4.9576 ValLoss=6.8934 ValTop1=0.31% ValTop5=1.04% (BestTop1=0.31%)
[2026-01-02 20:33:43] [Train][E009][upd 0045682] lr=0.0995419 loss=4.8944 top1=39.88 top5=65.39 imgs/s=606.5
[2026-01-02 20:37:25] [Train][E009][upd 0046184] lr=0.0995193 loss=4.8918 top1=39.90 top5=65.44 imgs/s=592.0
[2026-01-02 20:41:10] [Train][E009][upd 0046686] lr=0.0994962 loss=4.8955 top1=39.85 top5=65.43 imgs/s=585.5
[2026-01-02 20:44:55] [Train][E009][upd 0047188] lr=0.0994725 loss=4.8976 top1=39.80 top5=65.42 imgs/s=581.5
[2026-01-02 20:48:41] [Train][E009][upd 0047690] lr=0.0994483 loss=4.8964 top1=39.82 top5=65.42 imgs/s=579.0
[2026-01-02 20:52:27] [Train][E009][upd 0048192] lr=0.0994236 loss=4.8947 top1=39.85 top5=65.45 imgs/s=577.2
[2026-01-02 20:56:12] [Train][E009][upd 0048694] lr=0.0993983 loss=4.8923 top1=39.89 top5=65.49 imgs/s=576.3
[2026-01-02 20:59:56] [Train][E009][upd 0049196] lr=0.0993724 loss=4.8915 top1=39.90 top5=65.50 imgs/s=575.9
[2026-01-02 21:03:42] [Train][E009][upd 0049698] lr=0.0993461 loss=4.8903 top1=39.91 top5=65.50 imgs/s=575.2
[2026-01-02 21:07:26] [Train][E009][upd 0050200] lr=0.0993192 loss=4.8894 top1=39.93 top5=65.52 imgs/s=574.9
[2026-01-02 21:08:25] [Epoch 009] TrainLoss=4.8892 ValLoss=6.6109 ValTop1=6.01% ValTop5=14.90% (BestTop1=6.01%)
[2026-01-02 21:11:46] [Train][E010][upd 0050702] lr=0.0992917 loss=4.8377 top1=40.76 top5=66.29 imgs/s=617.6
[2026-01-02 21:15:27] [Train][E010][upd 0051204] lr=0.0992637 loss=4.8420 top1=40.74 top5=66.25 imgs/s=598.2
[2026-01-02 21:19:10] [Train][E010][upd 0051706] lr=0.0992352 loss=4.8405 top1=40.77 top5=66.29 imgs/s=591.3
[2026-01-02 21:22:53] [Train][E010][upd 0052208] lr=0.0992061 loss=4.8415 top1=40.77 top5=66.24 imgs/s=587.4
[2026-01-02 21:26:38] [Train][E010][upd 0052710] lr=0.0991765 loss=4.8412 top1=40.74 top5=66.24 imgs/s=583.8
[2026-01-02 21:30:25] [Train][E010][upd 0053212] lr=0.0991464 loss=4.8393 top1=40.74 top5=66.24 imgs/s=580.9
[2026-01-02 21:34:10] [Train][E010][upd 0053714] lr=0.0991157 loss=4.8389 top1=40.77 top5=66.25 imgs/s=579.6
[2026-01-02 21:37:57] [Train][E010][upd 0054216] lr=0.0990845 loss=4.8385 top1=40.79 top5=66.25 imgs/s=577.7
[2026-01-02 21:41:44] [Train][E010][upd 0054718] lr=0.0990527 loss=4.8384 top1=40.79 top5=66.26 imgs/s=576.3
[2026-01-02 21:45:32] [Train][E010][upd 0055220] lr=0.0990204 loss=4.8360 top1=40.81 top5=66.30 imgs/s=575.1
[2026-01-02 21:46:31] [Epoch 010] TrainLoss=4.8361 ValLoss=5.0232 ValTop1=27.44% ValTop5=51.40% (BestTop1=27.44%)
[2026-01-02 21:49:50] [Train][E011][upd 0055722] lr=0.0989876 loss=4.7902 top1=41.57 top5=66.94 imgs/s=622.3
[2026-01-02 21:53:37] [Train][E011][upd 0056224] lr=0.0989543 loss=4.7910 top1=41.55 top5=66.97 imgs/s=592.2
[2026-01-02 21:57:24] [Train][E011][upd 0056726] lr=0.0989204 loss=4.7897 top1=41.57 top5=66.95 imgs/s=582.9
[2026-01-02 22:01:11] [Train][E011][upd 0057228] lr=0.0988859 loss=4.7894 top1=41.61 top5=66.96 imgs/s=578.8
[2026-01-02 22:04:56] [Train][E011][upd 0057730] lr=0.098851 loss=4.7909 top1=41.60 top5=66.96 imgs/s=576.8
[2026-01-02 22:08:42] [Train][E011][upd 0058232] lr=0.0988155 loss=4.7917 top1=41.57 top5=66.94 imgs/s=575.6
[2026-01-02 22:12:29] [Train][E011][upd 0058734] lr=0.0987794 loss=4.7925 top1=41.56 top5=66.93 imgs/s=574.2
[2026-01-02 22:16:17] [Train][E011][upd 0059236] lr=0.0987429 loss=4.7926 top1=41.56 top5=66.91 imgs/s=572.9
[2026-01-02 22:20:04] [Train][E011][upd 0059738] lr=0.0987058 loss=4.7911 top1=41.56 top5=66.94 imgs/s=572.0
[2026-01-02 22:23:52] [Train][E011][upd 0060240] lr=0.0986682 loss=4.7901 top1=41.57 top5=66.96 imgs/s=571.2
[2026-01-02 22:24:53] [Epoch 011] TrainLoss=4.7902 ValLoss=3.8638 ValTop1=37.13% ValTop5=62.40% (BestTop1=37.13%)
[2026-01-02 22:28:08] [Train][E012][upd 0060742] lr=0.09863 loss=4.7423 top1=42.36 top5=67.67 imgs/s=628.3
[2026-01-02 22:31:56] [Train][E012][upd 0061244] lr=0.0985913 loss=4.7454 top1=42.32 top5=67.58 imgs/s=594.0
[2026-01-02 22:35:44] [Train][E012][upd 0061746] lr=0.0985521 loss=4.7464 top1=42.27 top5=67.55 imgs/s=583.5
[2026-01-02 22:39:32] [Train][E012][upd 0062248] lr=0.0985123 loss=4.7501 top1=42.23 top5=67.50 imgs/s=578.3
[2026-01-02 22:43:19] [Train][E012][upd 0062750] lr=0.098472 loss=4.7497 top1=42.23 top5=67.51 imgs/s=575.5
[2026-01-02 22:47:04] [Train][E012][upd 0063252] lr=0.0984312 loss=4.7504 top1=42.22 top5=67.51 imgs/s=574.9
[2026-01-02 22:50:48] [Train][E012][upd 0063754] lr=0.0983899 loss=4.7507 top1=42.22 top5=67.50 imgs/s=574.7
[2026-01-02 22:54:34] [Train][E012][upd 0064256] lr=0.098348 loss=4.7503 top1=42.25 top5=67.50 imgs/s=574.0
[2026-01-02 22:58:20] [Train][E012][upd 0064758] lr=0.0983056 loss=4.7518 top1=42.23 top5=67.49 imgs/s=573.4
[2026-01-02 23:02:04] [Train][E012][upd 0065260] lr=0.0982627 loss=4.7513 top1=42.23 top5=67.50 imgs/s=573.4
[2026-01-02 23:03:07] [Epoch 012] TrainLoss=4.7512 ValLoss=3.4234 ValTop1=42.79% ValTop5=69.07% (BestTop1=42.79%)
[2026-01-02 23:06:20] [Train][E013][upd 0065762] lr=0.0982192 loss=4.6992 top1=42.83 top5=68.23 imgs/s=632.7
[2026-01-02 23:10:05] [Train][E013][upd 0066264] lr=0.0981753 loss=4.7132 top1=42.69 top5=68.02 imgs/s=599.7
[2026-01-02 23:13:47] [Train][E013][upd 0066766] lr=0.0981308 loss=4.7200 top1=42.65 top5=67.92 imgs/s=592.9
[2026-01-02 23:17:28] [Train][E013][upd 0067268] lr=0.0980857 loss=4.7205 top1=42.62 top5=67.91 imgs/s=590.2
[2026-01-02 23:21:12] [Train][E013][upd 0067770] lr=0.0980402 loss=4.7214 top1=42.67 top5=67.90 imgs/s=586.3
[2026-01-02 23:24:57] [Train][E013][upd 0068272] lr=0.0979941 loss=4.7209 top1=42.65 top5=67.90 imgs/s=584.1
[2026-01-02 23:28:41] [Train][E013][upd 0068774] lr=0.0979475 loss=4.7225 top1=42.65 top5=67.88 imgs/s=582.4
[2026-01-02 23:32:24] [Train][E013][upd 0069276] lr=0.0979003 loss=4.7220 top1=42.67 top5=67.89 imgs/s=581.8
[2026-01-02 23:36:05] [Train][E013][upd 0069778] lr=0.0978527 loss=4.7223 top1=42.68 top5=67.88 imgs/s=581.6
[2026-01-02 23:39:47] [Train][E013][upd 0070280] lr=0.0978045 loss=4.7217 top1=42.70 top5=67.90 imgs/s=581.4
[2026-01-02 23:40:48] [Epoch 013] TrainLoss=4.7215 ValLoss=4.0402 ValTop1=31.84% ValTop5=56.18% (BestTop1=42.79%)
[2026-01-02 23:43:57] [Train][E014][upd 0070782] lr=0.0977558 loss=4.6811 top1=43.26 top5=68.57 imgs/s=644.7
[2026-01-02 23:47:41] [Train][E014][upd 0071284] lr=0.0977066 loss=4.6832 top1=43.33 top5=68.52 imgs/s=605.7
[2026-01-02 23:51:25] [Train][E014][upd 0071786] lr=0.0976568 loss=4.6893 top1=43.26 top5=68.41 imgs/s=594.8
[2026-01-02 23:55:08] [Train][E014][upd 0072288] lr=0.0976066 loss=4.6893 top1=43.21 top5=68.44 imgs/s=589.7
[2026-01-02 23:58:53] [Train][E014][upd 0072790] lr=0.0975558 loss=4.6909 top1=43.19 top5=68.40 imgs/s=586.3
[2026-01-03 00:02:35] [Train][E014][upd 0073292] lr=0.0975045 loss=4.6900 top1=43.20 top5=68.41 imgs/s=584.7
[2026-01-03 00:06:17] [Train][E014][upd 0073794] lr=0.0974527 loss=4.6921 top1=43.14 top5=68.36 imgs/s=584.0
[2026-01-03 00:10:01] [Train][E014][upd 0074296] lr=0.0974003 loss=4.6928 top1=43.14 top5=68.34 imgs/s=582.5
[2026-01-03 00:13:45] [Train][E014][upd 0074798] lr=0.0973475 loss=4.6930 top1=43.13 top5=68.33 imgs/s=581.6
[2026-01-03 00:17:30] [Train][E014][upd 0075300] lr=0.0972941 loss=4.6936 top1=43.13 top5=68.33 imgs/s=580.6
[2026-01-03 00:18:32] [Epoch 014] TrainLoss=4.6935 ValLoss=3.1113 ValTop1=48.47% ValTop5=73.82% (BestTop1=48.47%)
[2026-01-03 00:21:40] [Train][E015][upd 0075802] lr=0.0972402 loss=4.6451 top1=44.01 top5=69.01 imgs/s=646.5
[2026-01-03 00:25:25] [Train][E015][upd 0076304] lr=0.0971858 loss=4.6508 top1=43.86 top5=68.91 imgs/s=605.3
[2026-01-03 00:29:10] [Train][E015][upd 0076806] lr=0.0971309 loss=4.6591 top1=43.73 top5=68.76 imgs/s=592.7
[2026-01-03 00:32:54] [Train][E015][upd 0077308] lr=0.0970754 loss=4.6665 top1=43.64 top5=68.68 imgs/s=588.1
[2026-01-03 00:36:39] [Train][E015][upd 0077810] lr=0.0970195 loss=4.6659 top1=43.64 top5=68.70 imgs/s=584.5
[2026-01-03 00:40:22] [Train][E015][upd 0078312] lr=0.096963 loss=4.6691 top1=43.59 top5=68.66 imgs/s=582.8
[2026-01-03 00:44:07] [Train][E015][upd 0078814] lr=0.096906 loss=4.6693 top1=43.56 top5=68.65 imgs/s=581.5
[2026-01-03 00:47:50] [Train][E015][upd 0079316] lr=0.0968485 loss=4.6692 top1=43.58 top5=68.66 imgs/s=580.8
[2026-01-03 00:51:34] [Train][E015][upd 0079818] lr=0.0967905 loss=4.6696 top1=43.56 top5=68.66 imgs/s=579.8
[2026-01-03 00:55:20] [Train][E015][upd 0080320] lr=0.096732 loss=4.6689 top1=43.57 top5=68.66 imgs/s=578.8
[2026-01-03 00:56:22] [Epoch 015] TrainLoss=4.6689 ValLoss=3.1488 ValTop1=48.45% ValTop5=74.35% (BestTop1=48.47%)
[2026-01-03 00:59:29] [Train][E016][upd 0080822] lr=0.096673 loss=4.6449 top1=44.06 top5=68.85 imgs/s=645.7
[2026-01-03 01:03:10] [Train][E016][upd 0081324] lr=0.0966134 loss=4.6409 top1=44.14 top5=68.95 imgs/s=610.4
[2026-01-03 01:06:56] [Train][E016][upd 0081826] lr=0.0965534 loss=4.6425 top1=44.11 top5=68.93 imgs/s=595.7
[2026-01-03 01:10:42] [Train][E016][upd 0082328] lr=0.0964928 loss=4.6422 top1=44.13 top5=68.96 imgs/s=588.7
[2026-01-03 01:14:26] [Train][E016][upd 0082830] lr=0.0964318 loss=4.6462 top1=44.05 top5=68.92 imgs/s=585.6
[2026-01-03 01:18:08] [Train][E016][upd 0083332] lr=0.0963702 loss=4.6466 top1=44.04 top5=68.92 imgs/s=584.6
[2026-01-03 01:21:52] [Train][E016][upd 0083834] lr=0.0963081 loss=4.6472 top1=44.05 top5=68.92 imgs/s=582.9
[2026-01-03 01:25:35] [Train][E016][upd 0084336] lr=0.0962455 loss=4.6485 top1=44.02 top5=68.89 imgs/s=581.9
[2026-01-03 01:29:20] [Train][E016][upd 0084838] lr=0.0961824 loss=4.6487 top1=44.04 top5=68.89 imgs/s=580.8
[2026-01-03 01:33:04] [Train][E016][upd 0085340] lr=0.0961189 loss=4.6481 top1=44.03 top5=68.91 imgs/s=580.1
[2026-01-03 01:34:07] [Epoch 016] TrainLoss=4.6480 ValLoss=2.9215 ValTop1=51.10% ValTop5=76.92% (BestTop1=51.10%)
[2026-01-03 01:37:15] [Train][E017][upd 0085842] lr=0.0960548 loss=4.6045 top1=44.56 top5=69.55 imgs/s=641.2
[2026-01-03 01:41:03] [Train][E017][upd 0086344] lr=0.0959902 loss=4.6181 top1=44.43 top5=69.42 imgs/s=599.6
[2026-01-03 01:44:49] [Train][E017][upd 0086846] lr=0.095925 loss=4.6181 top1=44.47 top5=69.42 imgs/s=588.4
[2026-01-03 01:48:35] [Train][E017][upd 0087348] lr=0.0958594 loss=4.6223 top1=44.43 top5=69.34 imgs/s=582.9
[2026-01-03 01:52:23] [Train][E017][upd 0087850] lr=0.0957933 loss=4.6256 top1=44.36 top5=69.29 imgs/s=579.3
[2026-01-03 01:56:10] [Train][E017][upd 0088352] lr=0.0957267 loss=4.6282 top1=44.33 top5=69.26 imgs/s=576.8
[2026-01-03 01:59:58] [Train][E017][upd 0088854] lr=0.0956596 loss=4.6282 top1=44.33 top5=69.24 imgs/s=575.1
[2026-01-03 02:03:45] [Train][E017][upd 0089356] lr=0.095592 loss=4.6293 top1=44.33 top5=69.21 imgs/s=573.9
[2026-01-03 02:07:31] [Train][E017][upd 0089858] lr=0.0955239 loss=4.6312 top1=44.31 top5=69.17 imgs/s=573.1
[2026-01-03 02:11:17] [Train][E017][upd 0090360] lr=0.0954553 loss=4.6322 top1=44.29 top5=69.16 imgs/s=572.8
[2026-01-03 02:12:21] [Epoch 017] TrainLoss=4.6321 ValLoss=2.8379 ValTop1=52.69% ValTop5=78.05% (BestTop1=52.69%)
[2026-01-03 02:15:29] [Train][E018][upd 0090862] lr=0.0953862 loss=4.5903 top1=44.79 top5=69.82 imgs/s=637.9
[2026-01-03 02:19:16] [Train][E018][upd 0091364] lr=0.0953166 loss=4.5980 top1=44.68 top5=69.69 imgs/s=599.1
[2026-01-03 02:23:04] [Train][E018][upd 0091866] lr=0.0952465 loss=4.5986 top1=44.71 top5=69.68 imgs/s=586.4
[2026-01-03 02:26:52] [Train][E018][upd 0092368] lr=0.0951759 loss=4.5990 top1=44.70 top5=69.66 imgs/s=580.4
[2026-01-03 02:30:38] [Train][E018][upd 0092870] lr=0.0951049 loss=4.6025 top1=44.63 top5=69.61 imgs/s=577.6
[2026-01-03 02:34:26] [Train][E018][upd 0093372] lr=0.0950333 loss=4.6048 top1=44.62 top5=69.56 imgs/s=575.3
[2026-01-03 02:38:13] [Train][E018][upd 0093874] lr=0.0949612 loss=4.6081 top1=44.59 top5=69.51 imgs/s=574.0
[2026-01-03 02:42:01] [Train][E018][upd 0094376] lr=0.0948887 loss=4.6088 top1=44.58 top5=69.48 imgs/s=572.8
[2026-01-03 02:45:49] [Train][E018][upd 0094878] lr=0.0948156 loss=4.6087 top1=44.59 top5=69.48 imgs/s=571.8
[2026-01-03 02:49:37] [Train][E018][upd 0095380] lr=0.0947421 loss=4.6088 top1=44.60 top5=69.49 imgs/s=570.9
[2026-01-03 02:50:43] [Epoch 018] TrainLoss=4.6089 ValLoss=2.8669 ValTop1=51.99% ValTop5=77.40% (BestTop1=52.69%)
[2026-01-03 02:53:48] [Train][E019][upd 0095882] lr=0.0946681 loss=4.5872 top1=44.79 top5=69.81 imgs/s=646.1
[2026-01-03 02:57:36] [Train][E019][upd 0096384] lr=0.0945936 loss=4.5873 top1=44.86 top5=69.83 imgs/s=600.3
[2026-01-03 03:01:24] [Train][E019][upd 0096886] lr=0.0945186 loss=4.5854 top1=44.90 top5=69.84 imgs/s=587.3
[2026-01-03 03:05:12] [Train][E019][upd 0097388] lr=0.0944431 loss=4.5870 top1=44.90 top5=69.84 imgs/s=580.9
[2026-01-03 03:09:00] [Train][E019][upd 0097890] lr=0.0943671 loss=4.5875 top1=44.88 top5=69.81 imgs/s=577.3
[2026-01-03 03:12:44] [Train][E019][upd 0098392] lr=0.0942907 loss=4.5910 top1=44.83 top5=69.78 imgs/s=576.8
[2026-01-03 03:16:31] [Train][E019][upd 0098894] lr=0.0942137 loss=4.5908 top1=44.85 top5=69.77 imgs/s=575.2
[2026-01-03 03:20:18] [Train][E019][upd 0099396] lr=0.0941363 loss=4.5917 top1=44.85 top5=69.76 imgs/s=573.8
[2026-01-03 03:24:05] [Train][E019][upd 0099898] lr=0.0940584 loss=4.5932 top1=44.83 top5=69.73 imgs/s=573.2
[2026-01-03 03:27:49] [Train][E019][upd 0100400] lr=0.09398 loss=4.5947 top1=44.83 top5=69.71 imgs/s=573.1
[2026-01-03 03:28:56] [Epoch 019] TrainLoss=4.5945 ValLoss=2.8968 ValTop1=51.59% ValTop5=76.84% (BestTop1=52.69%)
[2026-01-03 03:32:01] [Train][E020][upd 0100902] lr=0.0939011 loss=4.5451 top1=45.54 top5=70.33 imgs/s=641.6
[2026-01-03 03:35:46] [Train][E020][upd 0101404] lr=0.0938218 loss=4.5547 top1=45.41 top5=70.24 imgs/s=602.9
[2026-01-03 03:39:34] [Train][E020][upd 0101906] lr=0.093742 loss=4.5607 top1=45.29 top5=70.14 imgs/s=589.2
[2026-01-03 03:43:22] [Train][E020][upd 0102408] lr=0.0936617 loss=4.5646 top1=45.27 top5=70.12 imgs/s=582.5
[2026-01-03 03:47:09] [Train][E020][upd 0102910] lr=0.0935809 loss=4.5668 top1=45.24 top5=70.06 imgs/s=578.6
[2026-01-03 03:50:56] [Train][E020][upd 0103412] lr=0.0934996 loss=4.5704 top1=45.19 top5=70.03 imgs/s=576.5
[2026-01-03 03:54:43] [Train][E020][upd 0103914] lr=0.0934179 loss=4.5723 top1=45.18 top5=69.99 imgs/s=575.0
[2026-01-03 03:58:31] [Train][E020][upd 0104416] lr=0.0933357 loss=4.5739 top1=45.17 top5=69.98 imgs/s=573.5
[2026-01-03 04:02:19] [Train][E020][upd 0104918] lr=0.093253 loss=4.5750 top1=45.15 top5=69.97 imgs/s=572.4
[2026-01-03 04:06:08] [Train][E020][upd 0105420] lr=0.0931699 loss=4.5762 top1=45.13 top5=69.96 imgs/s=571.4
[2026-01-03 04:07:15] [Epoch 020] TrainLoss=4.5766 ValLoss=2.7335 ValTop1=54.95% ValTop5=80.06% (BestTop1=54.95%)
[2026-01-03 04:10:19] [Train][E021][upd 0105922] lr=0.0930862 loss=4.5303 top1=45.83 top5=70.53 imgs/s=643.2
[2026-01-03 04:14:08] [Train][E021][upd 0106424] lr=0.0930022 loss=4.5422 top1=45.63 top5=70.43 imgs/s=598.0
[2026-01-03 04:17:54] [Train][E021][upd 0106926] lr=0.0929176 loss=4.5432 top1=45.60 top5=70.46 imgs/s=587.8
[2026-01-03 04:21:43] [Train][E021][upd 0107428] lr=0.0928326 loss=4.5483 top1=45.51 top5=70.39 imgs/s=580.8
[2026-01-03 04:25:31] [Train][E021][upd 0107930] lr=0.0927471 loss=4.5540 top1=45.45 top5=70.29 imgs/s=577.1
[2026-01-03 04:29:19] [Train][E021][upd 0108432] lr=0.0926611 loss=4.5534 top1=45.42 top5=70.30 imgs/s=574.7
[2026-01-03 04:33:07] [Train][E021][upd 0108934] lr=0.0925747 loss=4.5546 top1=45.41 top5=70.26 imgs/s=573.3
[2026-01-03 04:36:55] [Train][E021][upd 0109436] lr=0.0924878 loss=4.5557 top1=45.40 top5=70.25 imgs/s=572.0
[2026-01-03 04:40:42] [Train][E021][upd 0109938] lr=0.0924004 loss=4.5568 top1=45.40 top5=70.23 imgs/s=571.3
[2026-01-03 04:44:27] [Train][E021][upd 0110440] lr=0.0923126 loss=4.5577 top1=45.39 top5=70.22 imgs/s=571.1
[2026-01-03 04:45:36] [Epoch 021] TrainLoss=4.5577 ValLoss=2.9736 ValTop1=50.78% ValTop5=75.47% (BestTop1=54.95%)
[2026-01-03 04:48:35] [Train][E022][upd 0110942] lr=0.0922243 loss=4.5284 top1=45.81 top5=70.62 imgs/s=656.6
[2026-01-03 04:52:16] [Train][E022][upd 0111444] lr=0.0921355 loss=4.5354 top1=45.80 top5=70.49 imgs/s=615.4
[2026-01-03 04:55:59] [Train][E022][upd 0111946] lr=0.0920463 loss=4.5386 top1=45.77 top5=70.50 imgs/s=601.0
[2026-01-03 04:59:46] [Train][E022][upd 0112448] lr=0.0919566 loss=4.5383 top1=45.77 top5=70.49 imgs/s=591.6
[2026-01-03 05:03:32] [Train][E022][upd 0112950] lr=0.0918665 loss=4.5407 top1=45.70 top5=70.48 imgs/s=587.0
[2026-01-03 05:07:18] [Train][E022][upd 0113452] lr=0.0917759 loss=4.5428 top1=45.70 top5=70.42 imgs/s=583.7
[2026-01-03 05:11:02] [Train][E022][upd 0113954] lr=0.0916849 loss=4.5454 top1=45.64 top5=70.39 imgs/s=582.3
[2026-01-03 05:14:45] [Train][E022][upd 0114456] lr=0.0915934 loss=4.5461 top1=45.63 top5=70.39 imgs/s=581.5
[2026-01-03 05:18:31] [Train][E022][upd 0114958] lr=0.0915014 loss=4.5450 top1=45.64 top5=70.40 imgs/s=580.1
[2026-01-03 05:22:14] [Train][E022][upd 0115460] lr=0.091409 loss=4.5456 top1=45.62 top5=70.39 imgs/s=579.6
[2026-01-03 05:23:23] [Epoch 022] TrainLoss=4.5455 ValLoss=3.2616 ValTop1=45.47% ValTop5=69.81% (BestTop1=54.95%)
[2026-01-03 05:26:23] [Train][E023][upd 0115962] lr=0.0913162 loss=4.5036 top1=46.28 top5=70.95 imgs/s=651.4
[2026-01-03 05:30:06] [Train][E023][upd 0116464] lr=0.0912228 loss=4.5212 top1=46.12 top5=70.69 imgs/s=610.0
[2026-01-03 05:33:50] [Train][E023][upd 0116966] lr=0.0911291 loss=4.5236 top1=46.08 top5=70.64 imgs/s=597.0
[2026-01-03 05:37:35] [Train][E023][upd 0117468] lr=0.0910349 loss=4.5218 top1=46.06 top5=70.65 imgs/s=590.4
[2026-01-03 05:41:18] [Train][E023][upd 0117970] lr=0.0909402 loss=4.5238 top1=46.00 top5=70.66 imgs/s=587.3
[2026-01-03 05:44:59] [Train][E023][upd 0118472] lr=0.0908451 loss=4.5263 top1=45.97 top5=70.62 imgs/s=586.3
[2026-01-03 05:48:44] [Train][E023][upd 0118974] lr=0.0907496 loss=4.5283 top1=45.94 top5=70.60 imgs/s=584.0
[2026-01-03 05:52:28] [Train][E023][upd 0119476] lr=0.0906536 loss=4.5302 top1=45.91 top5=70.58 imgs/s=582.7
[2026-01-03 05:56:12] [Train][E023][upd 0119978] lr=0.0905571 loss=4.5299 top1=45.92 top5=70.58 imgs/s=581.8
[2026-01-03 05:59:55] [Train][E023][upd 0120480] lr=0.0904602 loss=4.5312 top1=45.87 top5=70.56 imgs/s=581.1
[2026-01-03 06:01:05] [Epoch 023] TrainLoss=4.5313 ValLoss=2.7169 ValTop1=55.80% ValTop5=79.92% (BestTop1=55.80%)
[2026-01-03 06:04:04] [Train][E024][upd 0120982] lr=0.0903629 loss=4.4840 top1=46.54 top5=71.03 imgs/s=653.9
[2026-01-03 06:07:49] [Train][E024][upd 0121484] lr=0.0902651 loss=4.4945 top1=46.44 top5=71.00 imgs/s=607.4
[2026-01-03 06:11:34] [Train][E024][upd 0121986] lr=0.0901669 loss=4.5030 top1=46.30 top5=70.92 imgs/s=594.3
[2026-01-03 06:15:20] [Train][E024][upd 0122488] lr=0.0900683 loss=4.5078 top1=46.23 top5=70.84 imgs/s=587.4
[2026-01-03 06:19:06] [Train][E024][upd 0122990] lr=0.0899692 loss=4.5100 top1=46.19 top5=70.80 imgs/s=583.3
[2026-01-03 06:22:50] [Train][E024][upd 0123492] lr=0.0898697 loss=4.5110 top1=46.21 top5=70.81 imgs/s=581.8
[2026-01-03 06:26:33] [Train][E024][upd 0123994] lr=0.0897697 loss=4.5110 top1=46.20 top5=70.82 imgs/s=581.0
[2026-01-03 06:30:19] [Train][E024][upd 0124496] lr=0.0896693 loss=4.5125 top1=46.17 top5=70.81 imgs/s=579.6
[2026-01-03 06:34:02] [Train][E024][upd 0124998] lr=0.0895685 loss=4.5131 top1=46.16 top5=70.81 imgs/s=579.1
[2026-01-03 06:37:45] [Train][E024][upd 0125500] lr=0.0894672 loss=4.5148 top1=46.15 top5=70.79 imgs/s=578.9
[2026-01-03 06:38:56] [Epoch 024] TrainLoss=4.5149 ValLoss=2.7774 ValTop1=54.26% ValTop5=79.12% (BestTop1=55.80%)
[2026-01-03 06:41:57] [Train][E025][upd 0126002] lr=0.0893656 loss=4.4845 top1=46.45 top5=71.28 imgs/s=640.2
[2026-01-03 06:45:40] [Train][E025][upd 0126504] lr=0.0892634 loss=4.4846 top1=46.54 top5=71.24 imgs/s=604.6
[2026-01-03 06:49:23] [Train][E025][upd 0127006] lr=0.0891609 loss=4.4836 top1=46.54 top5=71.29 imgs/s=594.8
[2026-01-03 06:53:08] [Train][E025][upd 0127508] lr=0.0890579 loss=4.4868 top1=46.50 top5=71.21 imgs/s=588.9
[2026-01-03 06:56:52] [Train][E025][upd 0128010] lr=0.0889545 loss=4.4909 top1=46.43 top5=71.16 imgs/s=585.7
[2026-01-03 07:00:35] [Train][E025][upd 0128512] lr=0.0888507 loss=4.4924 top1=46.41 top5=71.13 imgs/s=583.9
[2026-01-03 07:04:21] [Train][E025][upd 0129014] lr=0.0887464 loss=4.4954 top1=46.40 top5=71.08 imgs/s=581.7
[2026-01-03 07:08:04] [Train][E025][upd 0129516] lr=0.0886417 loss=4.4973 top1=46.37 top5=71.03 imgs/s=580.8
[2026-01-03 07:11:47] [Train][E025][upd 0130018] lr=0.0885366 loss=4.4989 top1=46.37 top5=71.00 imgs/s=580.5
[2026-01-03 07:15:31] [Train][E025][upd 0130520] lr=0.0884311 loss=4.5009 top1=46.34 top5=70.97 imgs/s=579.8
[2026-01-03 07:16:42] [Epoch 025] TrainLoss=4.5012 ValLoss=2.8722 ValTop1=52.46% ValTop5=76.89% (BestTop1=55.80%)
[2026-01-03 07:19:46] [Train][E026][upd 0131022] lr=0.0883252 loss=4.4749 top1=46.76 top5=71.34 imgs/s=631.2
[2026-01-03 07:23:21] [Train][E026][upd 0131524] lr=0.0882188 loss=4.4756 top1=46.77 top5=71.33 imgs/s=611.9
[2026-01-03 07:27:04] [Train][E026][upd 0132026] lr=0.0881121 loss=4.4746 top1=46.77 top5=71.33 imgs/s=599.3
[2026-01-03 07:30:47] [Train][E026][upd 0132528] lr=0.0880049 loss=4.4770 top1=46.73 top5=71.34 imgs/s=593.3
[2026-01-03 07:34:31] [Train][E026][upd 0133030] lr=0.0878972 loss=4.4783 top1=46.71 top5=71.33 imgs/s=589.0
[2026-01-03 07:38:12] [Train][E026][upd 0133532] lr=0.0877892 loss=4.4820 top1=46.65 top5=71.27 imgs/s=587.7
[2026-01-03 07:41:58] [Train][E026][upd 0134034] lr=0.0876808 loss=4.4828 top1=46.65 top5=71.25 imgs/s=585.2
[2026-01-03 07:45:42] [Train][E026][upd 0134536] lr=0.0875719 loss=4.4839 top1=46.65 top5=71.23 imgs/s=583.7
[2026-01-03 07:49:26] [Train][E026][upd 0135038] lr=0.0874627 loss=4.4848 top1=46.65 top5=71.21 imgs/s=582.5
[2026-01-03 07:53:10] [Train][E026][upd 0135540] lr=0.087353 loss=4.4871 top1=46.64 top5=71.18 imgs/s=581.5
[2026-01-03 07:54:23] [Epoch 026] TrainLoss=4.4872 ValLoss=2.8241 ValTop1=53.23% ValTop5=78.06% (BestTop1=55.80%)
[2026-01-03 07:57:33] [Train][E027][upd 0136042] lr=0.0872429 loss=4.4513 top1=47.25 top5=71.67 imgs/s=605.8
[2026-01-03 08:01:07] [Train][E027][upd 0136544] lr=0.0871325 loss=4.4632 top1=47.02 top5=71.50 imgs/s=603.1
[2026-01-03 08:04:53] [Train][E027][upd 0137046] lr=0.0870216 loss=4.4624 top1=47.08 top5=71.51 imgs/s=590.7
[2026-01-03 08:08:39] [Train][E027][upd 0137548] lr=0.0869103 loss=4.4660 top1=47.02 top5=71.44 imgs/s=584.8
[2026-01-03 08:12:22] [Train][E027][upd 0138050] lr=0.0867986 loss=4.4684 top1=46.97 top5=71.43 imgs/s=582.9
[2026-01-03 08:16:06] [Train][E027][upd 0138552] lr=0.0866865 loss=4.4698 top1=46.94 top5=71.42 imgs/s=581.5
[2026-01-03 08:19:50] [Train][E027][upd 0139054] lr=0.086574 loss=4.4715 top1=46.89 top5=71.39 imgs/s=580.2
[2026-01-03 08:23:35] [Train][E027][upd 0139556] lr=0.0864611 loss=4.4716 top1=46.89 top5=71.39 imgs/s=579.1
[2026-01-03 08:27:20] [Train][E027][upd 0140058] lr=0.0863478 loss=4.4720 top1=46.89 top5=71.39 imgs/s=578.4
[2026-01-03 08:31:05] [Train][E027][upd 0140560] lr=0.0862341 loss=4.4736 top1=46.87 top5=71.37 imgs/s=577.5
[2026-01-03 08:32:19] [Epoch 027] TrainLoss=4.4736 ValLoss=2.8170 ValTop1=53.53% ValTop5=78.20% (BestTop1=55.80%)
[2026-01-03 08:35:29] [Train][E028][upd 0141062] lr=0.08612 loss=4.4343 top1=47.41 top5=71.94 imgs/s=603.1
[2026-01-03 08:38:58] [Train][E028][upd 0141564] lr=0.0860055 loss=4.4436 top1=47.26 top5=71.76 imgs/s=609.0
[2026-01-03 08:42:42] [Train][E028][upd 0142066] lr=0.0858907 loss=4.4510 top1=47.18 top5=71.67 imgs/s=596.7
[2026-01-03 08:46:22] [Train][E028][upd 0142568] lr=0.0857754 loss=4.4552 top1=47.11 top5=71.59 imgs/s=593.1
[2026-01-03 08:50:07] [Train][E028][upd 0143070] lr=0.0856597 loss=4.4578 top1=47.11 top5=71.58 imgs/s=588.4
[2026-01-03 08:53:50] [Train][E028][upd 0143572] lr=0.0855437 loss=4.4604 top1=47.06 top5=71.55 imgs/s=586.5
[2026-01-03 08:57:33] [Train][E028][upd 0144074] lr=0.0854272 loss=4.4605 top1=47.06 top5=71.55 imgs/s=585.2
[2026-01-03 09:01:17] [Train][E028][upd 0144576] lr=0.0853104 loss=4.4606 top1=47.07 top5=71.54 imgs/s=583.5
[2026-01-03 09:05:02] [Train][E028][upd 0145078] lr=0.0851932 loss=4.4621 top1=47.04 top5=71.51 imgs/s=582.0
[2026-01-03 09:08:47] [Train][E028][upd 0145580] lr=0.0850756 loss=4.4623 top1=47.04 top5=71.50 imgs/s=581.0
[2026-01-03 09:10:03] [Epoch 028] TrainLoss=4.4626 ValLoss=2.6413 ValTop1=57.17% ValTop5=81.56% (BestTop1=57.17%)
[2026-01-03 09:13:15] [Train][E029][upd 0146082] lr=0.0849576 loss=4.4167 top1=47.72 top5=72.12 imgs/s=594.6
[2026-01-03 09:16:43] [Train][E029][upd 0146584] lr=0.0848393 loss=4.4288 top1=47.50 top5=71.89 imgs/s=606.9
[2026-01-03 09:20:28] [Train][E029][upd 0147086] lr=0.0847205 loss=4.4364 top1=47.37 top5=71.78 imgs/s=593.8
[2026-01-03 09:24:12] [Train][E029][upd 0147588] lr=0.0846014 loss=4.4380 top1=47.37 top5=71.79 imgs/s=588.3
[2026-01-03 09:27:57] [Train][E029][upd 0148090] lr=0.0844819 loss=4.4434 top1=47.30 top5=71.70 imgs/s=585.1
[2026-01-03 09:31:42] [Train][E029][upd 0148592] lr=0.084362 loss=4.4419 top1=47.33 top5=71.74 imgs/s=582.4
[2026-01-03 09:35:30] [Train][E029][upd 0149094] lr=0.0842418 loss=4.4435 top1=47.29 top5=71.70 imgs/s=579.7
[2026-01-03 09:39:16] [Train][E029][upd 0149596] lr=0.0841211 loss=4.4454 top1=47.27 top5=71.67 imgs/s=578.2
[2026-01-03 09:43:02] [Train][E029][upd 0150098] lr=0.0840001 loss=4.4463 top1=47.26 top5=71.66 imgs/s=577.2
[2026-01-03 09:46:45] [Train][E029][upd 0150600] lr=0.0838788 loss=4.4485 top1=47.23 top5=71.65 imgs/s=577.2
[2026-01-03 09:48:02] [Epoch 029] TrainLoss=4.4487 ValLoss=2.6959 ValTop1=55.75% ValTop5=80.32% (BestTop1=57.17%)
[2026-01-03 09:51:15] [Train][E030][upd 0151102] lr=0.083757 loss=4.4191 top1=47.71 top5=72.20 imgs/s=589.4
[2026-01-03 09:54:39] [Train][E030][upd 0151604] lr=0.0836349 loss=4.4216 top1=47.78 top5=72.02 imgs/s=610.0
[2026-01-03 09:58:24] [Train][E030][upd 0152106] lr=0.0835124 loss=4.4252 top1=47.68 top5=72.01 imgs/s=596.1
[2026-01-03 10:02:10] [Train][E030][upd 0152608] lr=0.0833896 loss=4.4249 top1=47.71 top5=72.01 imgs/s=588.9
[2026-01-03 10:05:55] [Train][E030][upd 0153110] lr=0.0832664 loss=4.4253 top1=47.68 top5=72.01 imgs/s=585.0
[2026-01-03 10:09:40] [Train][E030][upd 0153612] lr=0.0831428 loss=4.4267 top1=47.66 top5=71.98 imgs/s=582.4
[2026-01-03 10:13:24] [Train][E030][upd 0154114] lr=0.0830189 loss=4.4291 top1=47.61 top5=71.96 imgs/s=581.1
[2026-01-03 10:17:08] [Train][E030][upd 0154616] lr=0.0828946 loss=4.4302 top1=47.60 top5=71.95 imgs/s=580.1
[2026-01-03 10:20:54] [Train][E030][upd 0155118] lr=0.0827699 loss=4.4306 top1=47.60 top5=71.96 imgs/s=578.8
[2026-01-03 10:24:38] [Train][E030][upd 0155620] lr=0.0826449 loss=4.4316 top1=47.59 top5=71.93 imgs/s=578.3
[2026-01-03 10:25:55] [Epoch 030] TrainLoss=4.4318 ValLoss=2.9676 ValTop1=51.09% ValTop5=75.26% (BestTop1=57.17%)
[2026-01-03 10:29:11] [Train][E031][upd 0156122] lr=0.0825196 loss=4.3884 top1=48.06 top5=72.45 imgs/s=575.4
[2026-01-03 10:32:33] [Train][E031][upd 0156624] lr=0.0823938 loss=4.4080 top1=47.86 top5=72.20 imgs/s=606.0
[2026-01-03 10:36:18] [Train][E031][upd 0157126] lr=0.0822678 loss=4.4066 top1=48.00 top5=72.26 imgs/s=593.3
[2026-01-03 10:40:05] [Train][E031][upd 0157628] lr=0.0821413 loss=4.4126 top1=47.89 top5=72.22 imgs/s=586.7
[2026-01-03 10:43:51] [Train][E031][upd 0158130] lr=0.0820145 loss=4.4147 top1=47.81 top5=72.18 imgs/s=582.6
[2026-01-03 10:47:38] [Train][E031][upd 0158632] lr=0.0818874 loss=4.4153 top1=47.76 top5=72.15 imgs/s=579.8
[2026-01-03 10:51:22] [Train][E031][upd 0159134] lr=0.0817599 loss=4.4157 top1=47.78 top5=72.14 imgs/s=578.7
[2026-01-03 10:55:08] [Train][E031][upd 0159636] lr=0.0816321 loss=4.4166 top1=47.75 top5=72.12 imgs/s=577.6
[2026-01-03 10:58:50] [Train][E031][upd 0160138] lr=0.0815039 loss=4.4184 top1=47.72 top5=72.10 imgs/s=577.6
[2026-01-03 11:02:34] [Train][E031][upd 0160640] lr=0.0813754 loss=4.4190 top1=47.72 top5=72.09 imgs/s=577.4
[2026-01-03 11:03:51] [Epoch 031] TrainLoss=4.4194 ValLoss=2.5921 ValTop1=58.52% ValTop5=82.38% (BestTop1=58.52%)
[2026-01-03 11:07:10] [Train][E032][upd 0161142] lr=0.0812466 loss=4.3814 top1=48.28 top5=72.50 imgs/s=568.4
[2026-01-03 11:10:27] [Train][E032][upd 0161644] lr=0.0811174 loss=4.3883 top1=48.18 top5=72.49 imgs/s=608.9
[2026-01-03 11:14:12] [Train][E032][upd 0162146] lr=0.0809878 loss=4.3941 top1=48.08 top5=72.46 imgs/s=596.1
[2026-01-03 11:17:56] [Train][E032][upd 0162648] lr=0.0808579 loss=4.3996 top1=48.03 top5=72.37 imgs/s=589.5
[2026-01-03 11:21:38] [Train][E032][upd 0163150] lr=0.0807277 loss=4.4011 top1=47.99 top5=72.34 imgs/s=587.5
[2026-01-03 11:25:19] [Train][E032][upd 0163652] lr=0.0805972 loss=4.4034 top1=47.96 top5=72.31 imgs/s=586.6
[2026-01-03 11:28:59] [Train][E032][upd 0164154] lr=0.0804663 loss=4.4047 top1=47.96 top5=72.29 imgs/s=586.1
[2026-01-03 11:32:45] [Train][E032][upd 0164656] lr=0.0803351 loss=4.4046 top1=47.97 top5=72.28 imgs/s=583.7
[2026-01-03 11:36:31] [Train][E032][upd 0165158] lr=0.0802035 loss=4.4049 top1=47.97 top5=72.28 imgs/s=582.0
[2026-01-03 11:40:18] [Train][E032][upd 0165660] lr=0.0800716 loss=4.4051 top1=47.96 top5=72.28 imgs/s=580.5
[2026-01-03 11:41:39] [Epoch 032] TrainLoss=4.4055 ValLoss=2.6723 ValTop1=56.30% ValTop5=80.57% (BestTop1=58.52%)
[2026-01-03 11:44:55] [Train][E033][upd 0166162] lr=0.0799394 loss=4.3682 top1=48.59 top5=72.80 imgs/s=571.7
[2026-01-03 11:48:12] [Train][E033][upd 0166664] lr=0.0798069 loss=4.3752 top1=48.42 top5=72.67 imgs/s=612.1
[2026-01-03 11:51:58] [Train][E033][upd 0167166] lr=0.079674 loss=4.3827 top1=48.33 top5=72.57 imgs/s=596.1
[2026-01-03 11:55:42] [Train][E033][upd 0167668] lr=0.0795408 loss=4.3799 top1=48.34 top5=72.61 imgs/s=590.5
[2026-01-03 11:59:29] [Train][E033][upd 0168170] lr=0.0794073 loss=4.3834 top1=48.31 top5=72.55 imgs/s=585.5
[2026-01-03 12:03:14] [Train][E033][upd 0168672] lr=0.0792735 loss=4.3839 top1=48.33 top5=72.55 imgs/s=582.6
[2026-01-03 12:07:00] [Train][E033][upd 0169174] lr=0.0791393 loss=4.3862 top1=48.31 top5=72.50 imgs/s=580.6
[2026-01-03 12:10:46] [Train][E033][upd 0169676] lr=0.0790049 loss=4.3891 top1=48.27 top5=72.47 imgs/s=579.2
[2026-01-03 12:14:31] [Train][E033][upd 0170178] lr=0.0788701 loss=4.3903 top1=48.25 top5=72.45 imgs/s=578.1
[2026-01-03 12:18:18] [Train][E033][upd 0170680] lr=0.078735 loss=4.3911 top1=48.24 top5=72.45 imgs/s=576.8
[2026-01-03 12:19:39] [Epoch 033] TrainLoss=4.3912 ValLoss=2.8220 ValTop1=53.62% ValTop5=78.38% (BestTop1=58.52%)
[2026-01-03 12:22:54] [Train][E034][upd 0171182] lr=0.0785996 loss=4.3572 top1=48.70 top5=72.91 imgs/s=571.9
[2026-01-03 12:26:15] [Train][E034][upd 0171684] lr=0.0784638 loss=4.3571 top1=48.66 top5=72.93 imgs/s=605.5
[2026-01-03 12:30:01] [Train][E034][upd 0172186] lr=0.0783278 loss=4.3637 top1=48.54 top5=72.81 imgs/s=592.1
[2026-01-03 12:33:49] [Train][E034][upd 0172688] lr=0.0781914 loss=4.3649 top1=48.51 top5=72.80 imgs/s=584.7
[2026-01-03 12:37:34] [Train][E034][upd 0173190] lr=0.0780548 loss=4.3669 top1=48.49 top5=72.79 imgs/s=581.7
[2026-01-03 12:41:20] [Train][E034][upd 0173692] lr=0.0779178 loss=4.3692 top1=48.47 top5=72.76 imgs/s=579.7
[2026-01-03 12:45:01] [Train][E034][upd 0174194] lr=0.0777805 loss=4.3721 top1=48.44 top5=72.70 imgs/s=579.9
[2026-01-03 12:48:45] [Train][E034][upd 0174696] lr=0.077643 loss=4.3736 top1=48.43 top5=72.67 imgs/s=578.9
[2026-01-03 12:52:31] [Train][E034][upd 0175198] lr=0.0775051 loss=4.3746 top1=48.42 top5=72.65 imgs/s=577.8
[2026-01-03 12:56:19] [Train][E034][upd 0175700] lr=0.0773669 loss=4.3763 top1=48.39 top5=72.64 imgs/s=576.3
[2026-01-03 12:57:40] [Epoch 034] TrainLoss=4.3769 ValLoss=2.6146 ValTop1=58.25% ValTop5=81.98% (BestTop1=58.52%)
[2026-01-03 13:00:57] [Train][E035][upd 0176202] lr=0.0772285 loss=4.3269 top1=49.21 top5=73.34 imgs/s=563.2
[2026-01-03 13:04:16] [Train][E035][upd 0176704] lr=0.0770897 loss=4.3295 top1=49.14 top5=73.30 imgs/s=604.4
[2026-01-03 13:08:02] [Train][E035][upd 0177206] lr=0.0769506 loss=4.3419 top1=48.98 top5=73.12 imgs/s=591.7
[2026-01-03 13:11:48] [Train][E035][upd 0177708] lr=0.0768113 loss=4.3465 top1=48.90 top5=73.08 imgs/s=585.5
[2026-01-03 13:15:34] [Train][E035][upd 0178210] lr=0.0766716 loss=4.3502 top1=48.87 top5=73.03 imgs/s=581.9
[2026-01-03 13:19:17] [Train][E035][upd 0178712] lr=0.0765316 loss=4.3544 top1=48.81 top5=72.96 imgs/s=580.9
[2026-01-03 13:23:00] [Train][E035][upd 0179214] lr=0.0763914 loss=4.3553 top1=48.79 top5=72.96 imgs/s=580.3
[2026-01-03 13:26:43] [Train][E035][upd 0179716] lr=0.0762509 loss=4.3575 top1=48.76 top5=72.93 imgs/s=579.6
[2026-01-03 13:30:28] [Train][E035][upd 0180218] lr=0.0761101 loss=4.3583 top1=48.74 top5=72.90 imgs/s=578.6
[2026-01-03 13:34:12] [Train][E035][upd 0180720] lr=0.075969 loss=4.3600 top1=48.73 top5=72.87 imgs/s=578.2
[2026-01-03 13:35:38] [Epoch 035] TrainLoss=4.3599 ValLoss=2.6308 ValTop1=57.59% ValTop5=81.44% (BestTop1=58.52%)
[2026-01-03 13:38:53] [Train][E036][upd 0181222] lr=0.0758276 loss=4.3219 top1=49.34 top5=73.29 imgs/s=564.6
[2026-01-03 13:42:11] [Train][E036][upd 0181724] lr=0.0756859 loss=4.3262 top1=49.27 top5=73.31 imgs/s=607.3
[2026-01-03 13:45:58] [Train][E036][upd 0182226] lr=0.075544 loss=4.3322 top1=49.16 top5=73.24 imgs/s=592.0
[2026-01-03 13:49:42] [Train][E036][upd 0182728] lr=0.0754018 loss=4.3330 top1=49.12 top5=73.22 imgs/s=587.2
[2026-01-03 13:53:25] [Train][E036][upd 0183230] lr=0.0752593 loss=4.3379 top1=49.09 top5=73.15 imgs/s=585.1
[2026-01-03 13:57:09] [Train][E036][upd 0183732] lr=0.0751165 loss=4.3393 top1=49.08 top5=73.14 imgs/s=583.0
[2026-01-03 14:00:50] [Train][E036][upd 0184234] lr=0.0749734 loss=4.3422 top1=49.03 top5=73.10 imgs/s=583.0
[2026-01-03 14:04:31] [Train][E036][upd 0184736] lr=0.0748301 loss=4.3445 top1=49.00 top5=73.08 imgs/s=582.6
[2026-01-03 14:08:15] [Train][E036][upd 0185238] lr=0.0746865 loss=4.3458 top1=48.99 top5=73.06 imgs/s=581.6
[2026-01-03 14:12:00] [Train][E036][upd 0185740] lr=0.0745427 loss=4.3464 top1=49.01 top5=73.04 imgs/s=580.5
[2026-01-03 14:13:24] [Epoch 036] TrainLoss=4.3464 ValLoss=2.5063 ValTop1=60.62% ValTop5=83.51% (BestTop1=60.62%)
[2026-01-03 14:16:35] [Train][E037][upd 0186242] lr=0.0743985 loss=4.3151 top1=49.21 top5=73.32 imgs/s=576.1
[2026-01-03 14:19:53] [Train][E037][upd 0186744] lr=0.0742541 loss=4.3170 top1=49.30 top5=73.39 imgs/s=612.5
[2026-01-03 14:23:32] [Train][E037][upd 0187246] lr=0.0741095 loss=4.3237 top1=49.28 top5=73.32 imgs/s=603.4
[2026-01-03 14:27:19] [Train][E037][upd 0187748] lr=0.0739645 loss=4.3228 top1=49.28 top5=73.36 imgs/s=593.4
[2026-01-03 14:31:01] [Train][E037][upd 0188250] lr=0.0738193 loss=4.3269 top1=49.21 top5=73.27 imgs/s=590.6
[2026-01-03 14:34:39] [Train][E037][upd 0188752] lr=0.0736739 loss=4.3307 top1=49.19 top5=73.23 imgs/s=590.1
[2026-01-03 14:38:18] [Train][E037][upd 0189254] lr=0.0735282 loss=4.3327 top1=49.16 top5=73.19 imgs/s=589.7
[2026-01-03 14:42:00] [Train][E037][upd 0189756] lr=0.0733822 loss=4.3339 top1=49.15 top5=73.17 imgs/s=588.5
[2026-01-03 14:45:43] [Train][E037][upd 0190258] lr=0.073236 loss=4.3353 top1=49.15 top5=73.17 imgs/s=586.9
[2026-01-03 14:49:26] [Train][E037][upd 0190760] lr=0.0730895 loss=4.3356 top1=49.16 top5=73.15 imgs/s=585.9
[2026-01-03 14:50:51] [Epoch 037] TrainLoss=4.3358 ValLoss=2.6792 ValTop1=56.33% ValTop5=80.76% (BestTop1=60.62%)
[2026-01-03 14:54:02] [Train][E038][upd 0191262] lr=0.0729428 loss=4.2913 top1=49.68 top5=73.79 imgs/s=575.3
[2026-01-03 14:57:20] [Train][E038][upd 0191764] lr=0.0727958 loss=4.3041 top1=49.61 top5=73.63 imgs/s=612.9
[2026-01-03 15:01:08] [Train][E038][upd 0192266] lr=0.0726486 loss=4.3047 top1=49.61 top5=73.57 imgs/s=594.7
[2026-01-03 15:04:55] [Train][E038][upd 0192768] lr=0.0725011 loss=4.3067 top1=49.62 top5=73.54 imgs/s=586.5
[2026-01-03 15:08:42] [Train][E038][upd 0193270] lr=0.0723534 loss=4.3099 top1=49.55 top5=73.51 imgs/s=582.5
[2026-01-03 15:12:29] [Train][E038][upd 0193772] lr=0.0722054 loss=4.3119 top1=49.49 top5=73.49 imgs/s=579.3
[2026-01-03 15:16:16] [Train][E038][upd 0194274] lr=0.0720572 loss=4.3126 top1=49.47 top5=73.48 imgs/s=577.5
[2026-01-03 15:20:04] [Train][E038][upd 0194776] lr=0.0719088 loss=4.3136 top1=49.48 top5=73.46 imgs/s=575.8
[2026-01-03 15:23:49] [Train][E038][upd 0195278] lr=0.0717601 loss=4.3141 top1=49.48 top5=73.45 imgs/s=575.2
[2026-01-03 15:27:35] [Train][E038][upd 0195780] lr=0.0716112 loss=4.3145 top1=49.47 top5=73.45 imgs/s=574.4
[2026-01-03 15:29:01] [Epoch 038] TrainLoss=4.3146 ValLoss=2.6609 ValTop1=57.45% ValTop5=80.59% (BestTop1=60.62%)
[2026-01-03 15:32:15] [Train][E039][upd 0196282] lr=0.071462 loss=4.2658 top1=50.28 top5=74.03 imgs/s=559.2
[2026-01-03 15:35:36] [Train][E039][upd 0196784] lr=0.0713126 loss=4.2837 top1=49.93 top5=73.81 imgs/s=601.3
[2026-01-03 15:39:23] [Train][E039][upd 0197286] lr=0.071163 loss=4.2840 top1=49.91 top5=73.86 imgs/s=588.2
[2026-01-03 15:43:11] [Train][E039][upd 0197788] lr=0.0710131 loss=4.2901 top1=49.85 top5=73.80 imgs/s=581.6
[2026-01-03 15:46:58] [Train][E039][upd 0198290] lr=0.070863 loss=4.2912 top1=49.81 top5=73.78 imgs/s=578.3
[2026-01-03 15:50:44] [Train][E039][upd 0198792] lr=0.0707127 loss=4.2934 top1=49.78 top5=73.74 imgs/s=576.5
[2026-01-03 15:54:30] [Train][E039][upd 0199294] lr=0.0705622 loss=4.2966 top1=49.72 top5=73.71 imgs/s=575.5
[2026-01-03 15:58:15] [Train][E039][upd 0199796] lr=0.0704114 loss=4.3007 top1=49.66 top5=73.63 imgs/s=574.9
[2026-01-03 16:02:00] [Train][E039][upd 0200298] lr=0.0702604 loss=4.3012 top1=49.67 top5=73.64 imgs/s=574.3
[2026-01-03 16:05:45] [Train][E039][upd 0200800] lr=0.0701092 loss=4.3021 top1=49.67 top5=73.62 imgs/s=574.1
[2026-01-03 16:07:09] [Epoch 039] TrainLoss=4.3017 ValLoss=2.8082 ValTop1=54.02% ValTop5=78.56% (BestTop1=60.62%)
[2026-01-03 16:10:20] [Train][E040][upd 0201302] lr=0.0699578 loss=4.2606 top1=50.52 top5=74.17 imgs/s=569.5
[2026-01-03 16:13:38] [Train][E040][upd 0201804] lr=0.0698061 loss=4.2678 top1=50.19 top5=74.04 imgs/s=609.2
[2026-01-03 16:17:22] [Train][E040][upd 0202306] lr=0.0696542 loss=4.2675 top1=50.16 top5=74.08 imgs/s=596.3
[2026-01-03 16:21:05] [Train][E040][upd 0202808] lr=0.0695022 loss=4.2720 top1=50.11 top5=74.01 imgs/s=590.9
[2026-01-03 16:24:52] [Train][E040][upd 0203310] lr=0.0693499 loss=4.2725 top1=50.11 top5=74.01 imgs/s=585.7
[2026-01-03 16:28:40] [Train][E040][upd 0203812] lr=0.0691974 loss=4.2742 top1=50.10 top5=73.98 imgs/s=581.9
[2026-01-03 16:32:27] [Train][E040][upd 0204314] lr=0.0690446 loss=4.2765 top1=50.06 top5=73.96 imgs/s=579.5
[2026-01-03 16:36:13] [Train][E040][upd 0204816] lr=0.0688917 loss=4.2801 top1=50.02 top5=73.90 imgs/s=578.2
[2026-01-03 16:39:56] [Train][E040][upd 0205318] lr=0.0687386 loss=4.2825 top1=49.98 top5=73.87 imgs/s=578.0
[2026-01-03 16:43:41] [Train][E040][upd 0205820] lr=0.0685852 loss=4.2843 top1=49.95 top5=73.84 imgs/s=577.1
[2026-01-03 16:45:06] [Epoch 040] TrainLoss=4.2842 ValLoss=2.7271 ValTop1=56.27% ValTop5=79.63% (BestTop1=60.62%)
[2026-01-03 16:48:17] [Train][E041][upd 0206322] lr=0.0684317 loss=4.2499 top1=50.52 top5=74.31 imgs/s=566.5
[2026-01-03 16:51:36] [Train][E041][upd 0206824] lr=0.068278 loss=4.2561 top1=50.41 top5=74.26 imgs/s=607.5
[2026-01-03 16:55:21] [Train][E041][upd 0207326] lr=0.068124 loss=4.2606 top1=50.38 top5=74.19 imgs/s=593.5
[2026-01-03 16:59:05] [Train][E041][upd 0207828] lr=0.0679699 loss=4.2602 top1=50.38 top5=74.18 imgs/s=588.5
[2026-01-03 17:02:48] [Train][E041][upd 0208330] lr=0.0678156 loss=4.2614 top1=50.39 top5=74.17 imgs/s=585.8
[2026-01-03 17:06:30] [Train][E041][upd 0208832] lr=0.067661 loss=4.2631 top1=50.35 top5=74.14 imgs/s=584.8
[2026-01-03 17:10:14] [Train][E041][upd 0209334] lr=0.0675063 loss=4.2662 top1=50.31 top5=74.08 imgs/s=583.1
[2026-01-03 17:13:57] [Train][E041][upd 0209836] lr=0.0673514 loss=4.2667 top1=50.29 top5=74.08 imgs/s=582.2
[2026-01-03 17:17:41] [Train][E041][upd 0210338] lr=0.0671963 loss=4.2663 top1=50.31 top5=74.07 imgs/s=581.1
[2026-01-03 17:21:22] [Train][E041][upd 0210840] lr=0.067041 loss=4.2670 top1=50.29 top5=74.08 imgs/s=581.1
[2026-01-03 17:22:49] [Epoch 041] TrainLoss=4.2672 ValLoss=2.6253 ValTop1=58.60% ValTop5=82.07% (BestTop1=60.62%)
[2026-01-03 17:25:59] [Train][E042][upd 0211342] lr=0.0668855 loss=4.2422 top1=50.51 top5=74.42 imgs/s=564.3
[2026-01-03 17:29:18] [Train][E042][upd 0211844] lr=0.0667299 loss=4.2433 top1=50.59 top5=74.36 imgs/s=606.5
[2026-01-03 17:33:01] [Train][E042][upd 0212346] lr=0.066574 loss=4.2445 top1=50.64 top5=74.31 imgs/s=595.9
[2026-01-03 17:36:46] [Train][E042][upd 0212848] lr=0.066418 loss=4.2481 top1=50.61 top5=74.25 imgs/s=589.0
[2026-01-03 17:40:32] [Train][E042][upd 0213350] lr=0.0662618 loss=4.2490 top1=50.62 top5=74.26 imgs/s=584.6
[2026-01-03 17:44:17] [Train][E042][upd 0213852] lr=0.0661054 loss=4.2510 top1=50.56 top5=74.26 imgs/s=582.2
[2026-01-03 17:48:03] [Train][E042][upd 0214354] lr=0.0659488 loss=4.2512 top1=50.55 top5=74.25 imgs/s=580.2
[2026-01-03 17:51:50] [Train][E042][upd 0214856] lr=0.0657921 loss=4.2512 top1=50.55 top5=74.27 imgs/s=578.5
[2026-01-03 17:55:34] [Train][E042][upd 0215358] lr=0.0656352 loss=4.2523 top1=50.53 top5=74.27 imgs/s=577.8
[2026-01-03 17:59:13] [Train][E042][upd 0215860] lr=0.0654781 loss=4.2532 top1=50.51 top5=74.26 imgs/s=578.7
[2026-01-03 18:00:40] [Epoch 042] TrainLoss=4.2538 ValLoss=2.7743 ValTop1=55.26% ValTop5=78.70% (BestTop1=60.62%)
[2026-01-03 18:03:48] [Train][E043][upd 0216362] lr=0.0653209 loss=4.2044 top1=51.45 top5=75.04 imgs/s=567.8
[2026-01-03 18:07:05] [Train][E043][upd 0216864] lr=0.0651635 loss=4.2158 top1=51.19 top5=74.83 imgs/s=612.2
[2026-01-03 18:10:48] [Train][E043][upd 0217366] lr=0.0650059 loss=4.2239 top1=51.00 top5=74.69 imgs/s=598.5
[2026-01-03 18:14:35] [Train][E043][upd 0217868] lr=0.0648481 loss=4.2286 top1=50.90 top5=74.63 imgs/s=590.1
[2026-01-03 18:18:17] [Train][E043][upd 0218370] lr=0.0646902 loss=4.2303 top1=50.88 top5=74.60 imgs/s=587.3
[2026-01-03 18:22:04] [Train][E043][upd 0218872] lr=0.0645322 loss=4.2318 top1=50.88 top5=74.57 imgs/s=583.9
[2026-01-03 18:25:48] [Train][E043][upd 0219374] lr=0.0643739 loss=4.2316 top1=50.87 top5=74.55 imgs/s=582.1
[2026-01-03 18:29:34] [Train][E043][upd 0219876] lr=0.0642156 loss=4.2323 top1=50.85 top5=74.54 imgs/s=580.3
[2026-01-03 18:33:19] [Train][E043][upd 0220378] lr=0.064057 loss=4.2342 top1=50.82 top5=74.50 imgs/s=579.5
[2026-01-03 18:37:03] [Train][E043][upd 0220880] lr=0.0638983 loss=4.2365 top1=50.79 top5=74.47 imgs/s=578.8
[2026-01-03 18:38:32] [Epoch 043] TrainLoss=4.2359 ValLoss=2.4823 ValTop1=61.35% ValTop5=84.01% (BestTop1=61.35%)
[2026-01-03 18:41:39] [Train][E044][upd 0221382] lr=0.0637395 loss=4.1904 top1=51.50 top5=75.13 imgs/s=569.3
[2026-01-03 18:45:00] [Train][E044][upd 0221884] lr=0.0635805 loss=4.1941 top1=51.51 top5=75.07 imgs/s=605.2
[2026-01-03 18:48:39] [Train][E044][upd 0222386] lr=0.0634214 loss=4.2040 top1=51.37 top5=74.95 imgs/s=599.0
[2026-01-03 18:52:22] [Train][E044][upd 0222888] lr=0.0632621 loss=4.2078 top1=51.30 top5=74.87 imgs/s=592.6
[2026-01-03 18:56:09] [Train][E044][upd 0223390] lr=0.0631026 loss=4.2102 top1=51.24 top5=74.82 imgs/s=586.9
[2026-01-03 18:59:56] [Train][E044][upd 0223892] lr=0.0629431 loss=4.2124 top1=51.20 top5=74.77 imgs/s=583.5
[2026-01-03 19:03:44] [Train][E044][upd 0224394] lr=0.0627834 loss=4.2155 top1=51.16 top5=74.73 imgs/s=580.6
[2026-01-03 19:07:31] [Train][E044][upd 0224896] lr=0.0626235 loss=4.2182 top1=51.11 top5=74.71 imgs/s=578.5
[2026-01-03 19:11:18] [Train][E044][upd 0225398] lr=0.0624635 loss=4.2192 top1=51.08 top5=74.68 imgs/s=577.2
[2026-01-03 19:15:05] [Train][E044][upd 0225900] lr=0.0623034 loss=4.2204 top1=51.07 top5=74.67 imgs/s=575.9
[2026-01-03 19:16:33] [Epoch 044] TrainLoss=4.2205 ValLoss=2.7922 ValTop1=54.15% ValTop5=78.55% (BestTop1=61.35%)
[2026-01-03 19:19:39] [Train][E045][upd 0226402] lr=0.0621431 loss=4.1628 top1=52.04 top5=75.38 imgs/s=570.4
[2026-01-03 19:23:06] [Train][E045][upd 0226904] lr=0.0619827 loss=4.1821 top1=51.73 top5=75.20 imgs/s=596.4
[2026-01-03 19:26:45] [Train][E045][upd 0227406] lr=0.0618222 loss=4.1931 top1=51.59 top5=75.07 imgs/s=592.9
[2026-01-03 19:30:33] [Train][E045][upd 0227908] lr=0.0616615 loss=4.1950 top1=51.52 top5=75.01 imgs/s=585.6
[2026-01-03 19:34:19] [Train][E045][upd 0228410] lr=0.0615007 loss=4.1940 top1=51.53 top5=75.04 imgs/s=581.7
[2026-01-03 19:38:07] [Train][E045][upd 0228912] lr=0.0613398 loss=4.1973 top1=51.46 top5=75.01 imgs/s=578.6
[2026-01-03 19:41:52] [Train][E045][upd 0229414] lr=0.0611788 loss=4.1996 top1=51.41 top5=74.98 imgs/s=577.4
[2026-01-03 19:45:37] [Train][E045][upd 0229916] lr=0.0610176 loss=4.2004 top1=51.40 top5=74.95 imgs/s=576.6
[2026-01-03 19:49:22] [Train][E045][upd 0230418] lr=0.0608564 loss=4.2001 top1=51.40 top5=74.97 imgs/s=576.1
[2026-01-03 19:53:06] [Train][E045][upd 0230920] lr=0.060695 loss=4.2024 top1=51.36 top5=74.94 imgs/s=575.7
[2026-01-03 19:54:36] [Epoch 045] TrainLoss=4.2022 ValLoss=2.5001 ValTop1=60.86% ValTop5=83.63% (BestTop1=61.35%)
[2026-01-03 19:57:40] [Train][E046][upd 0231422] lr=0.0605335 loss=4.1569 top1=52.11 top5=75.45 imgs/s=572.0
[2026-01-03 20:01:08] [Train][E046][upd 0231924] lr=0.0603718 loss=4.1693 top1=51.96 top5=75.32 imgs/s=597.0
[2026-01-03 20:04:38] [Train][E046][upd 0232426] lr=0.0602101 loss=4.1741 top1=51.88 top5=75.26 imgs/s=601.5
[2026-01-03 20:08:17] [Train][E046][upd 0232928] lr=0.0600482 loss=4.1762 top1=51.82 top5=75.26 imgs/s=597.8
[2026-01-03 20:11:59] [Train][E046][upd 0233430] lr=0.0598863 loss=4.1774 top1=51.79 top5=75.22 imgs/s=593.8
[2026-01-03 20:15:42] [Train][E046][upd 0233932] lr=0.0597242 loss=4.1811 top1=51.73 top5=75.17 imgs/s=590.9
[2026-01-03 20:19:25] [Train][E046][upd 0234434] lr=0.059562 loss=4.1815 top1=51.73 top5=75.16 imgs/s=588.7
[2026-01-03 20:23:08] [Train][E046][upd 0234936] lr=0.0593997 loss=4.1840 top1=51.69 top5=75.12 imgs/s=587.0
[2026-01-03 20:26:50] [Train][E046][upd 0235438] lr=0.0592374 loss=4.1850 top1=51.67 top5=75.08 imgs/s=586.1
[2026-01-03 20:30:33] [Train][E046][upd 0235940] lr=0.0590749 loss=4.1852 top1=51.66 top5=75.09 imgs/s=585.1
[2026-01-03 20:32:03] [Epoch 046] TrainLoss=4.1854 ValLoss=3.1903 ValTop1=47.38% ValTop5=71.43% (BestTop1=61.35%)
[2026-01-03 20:35:08] [Train][E047][upd 0236442] lr=0.0589123 loss=4.1377 top1=52.28 top5=75.76 imgs/s=565.2
[2026-01-03 20:38:43] [Train][E047][upd 0236944] lr=0.0587496 loss=4.1536 top1=52.12 top5=75.60 imgs/s=583.8
[2026-01-03 20:42:14] [Train][E047][upd 0237446] lr=0.0585868 loss=4.1575 top1=52.05 top5=75.51 imgs/s=592.4
[2026-01-03 20:46:01] [Train][E047][upd 0237948] lr=0.058424 loss=4.1584 top1=52.07 top5=75.50 imgs/s=584.7
[2026-01-03 20:49:48] [Train][E047][upd 0238450] lr=0.058261 loss=4.1590 top1=52.05 top5=75.49 imgs/s=581.0
[2026-01-03 20:53:36] [Train][E047][upd 0238952] lr=0.0580979 loss=4.1636 top1=51.96 top5=75.43 imgs/s=578.1
[2026-01-03 20:57:23] [Train][E047][upd 0239454] lr=0.0579348 loss=4.1660 top1=51.93 top5=75.40 imgs/s=576.4
[2026-01-03 21:01:10] [Train][E047][upd 0239956] lr=0.0577716 loss=4.1664 top1=51.95 top5=75.39 imgs/s=575.0
[2026-01-03 21:04:58] [Train][E047][upd 0240458] lr=0.0576083 loss=4.1672 top1=51.94 top5=75.37 imgs/s=573.6
[2026-01-03 21:08:43] [Train][E047][upd 0240960] lr=0.0574449 loss=4.1686 top1=51.92 top5=75.35 imgs/s=573.4
[2026-01-03 21:10:14] [Epoch 047] TrainLoss=4.1685 ValLoss=2.6959 ValTop1=56.43% ValTop5=80.17% (BestTop1=61.35%)
[2026-01-03 21:13:18] [Train][E048][upd 0241462] lr=0.0572814 loss=4.1225 top1=52.64 top5=75.94 imgs/s=565.9
[2026-01-03 21:16:59] [Train][E048][upd 0241964] lr=0.0571178 loss=4.1307 top1=52.45 top5=75.84 imgs/s=575.0
[2026-01-03 21:20:23] [Train][E048][upd 0242466] lr=0.0569542 loss=4.1419 top1=52.30 top5=75.69 imgs/s=593.2
[2026-01-03 21:24:09] [Train][E048][upd 0242968] lr=0.0567905 loss=4.1437 top1=52.30 top5=75.65 imgs/s=586.5
[2026-01-03 21:27:53] [Train][E048][upd 0243470] lr=0.0566267 loss=4.1481 top1=52.26 top5=75.57 imgs/s=583.8
[2026-01-03 21:31:38] [Train][E048][upd 0243972] lr=0.0564628 loss=4.1487 top1=52.26 top5=75.58 imgs/s=581.7
[2026-01-03 21:35:21] [Train][E048][upd 0244474] lr=0.0562989 loss=4.1512 top1=52.22 top5=75.55 imgs/s=580.7
[2026-01-03 21:39:05] [Train][E048][upd 0244976] lr=0.0561349 loss=4.1509 top1=52.24 top5=75.55 imgs/s=580.1
[2026-01-03 21:42:47] [Train][E048][upd 0245478] lr=0.0559709 loss=4.1511 top1=52.26 top5=75.55 imgs/s=579.9
[2026-01-03 21:46:31] [Train][E048][upd 0245980] lr=0.0558067 loss=4.1512 top1=52.25 top5=75.55 imgs/s=579.1
[2026-01-03 21:48:07] [Epoch 048] TrainLoss=4.1509 ValLoss=2.5793 ValTop1=58.87% ValTop5=82.20% (BestTop1=61.35%)
[2026-01-03 21:51:13] [Train][E049][upd 0246482] lr=0.0556425 loss=4.0946 top1=53.16 top5=76.28 imgs/s=557.1
[2026-01-03 21:54:54] [Train][E049][upd 0246984] lr=0.0554783 loss=4.1093 top1=52.89 top5=76.04 imgs/s=570.3
[2026-01-03 21:58:20] [Train][E049][upd 0247486] lr=0.055314 loss=4.1177 top1=52.81 top5=75.94 imgs/s=588.5
[2026-01-03 22:02:07] [Train][E049][upd 0247988] lr=0.0551496 loss=4.1220 top1=52.72 top5=75.90 imgs/s=582.2
[2026-01-03 22:05:54] [Train][E049][upd 0248490] lr=0.0549852 loss=4.1214 top1=52.75 top5=75.92 imgs/s=579.2
[2026-01-03 22:09:37] [Train][E049][upd 0248992] lr=0.0548207 loss=4.1221 top1=52.71 top5=75.93 imgs/s=578.6
[2026-01-03 22:13:21] [Train][E049][upd 0249494] lr=0.0546561 loss=4.1255 top1=52.64 top5=75.89 imgs/s=577.9
[2026-01-03 22:17:04] [Train][E049][upd 0249996] lr=0.0544916 loss=4.1275 top1=52.60 top5=75.85 imgs/s=577.4
[2026-01-03 22:20:46] [Train][E049][upd 0250498] lr=0.0543269 loss=4.1290 top1=52.59 top5=75.83 imgs/s=577.6
[2026-01-03 22:24:31] [Train][E049][upd 0251000] lr=0.0541622 loss=4.1295 top1=52.59 top5=75.83 imgs/s=577.0
[2026-01-03 22:26:04] [Epoch 049] TrainLoss=4.1300 ValLoss=2.6719 ValTop1=57.13% ValTop5=80.56% (BestTop1=61.35%)
[2026-01-03 22:29:05] [Train][E050][upd 0251502] lr=0.0539975 loss=4.0861 top1=53.15 top5=76.32 imgs/s=569.5
[2026-01-03 22:32:47] [Train][E050][upd 0252004] lr=0.0538327 loss=4.0958 top1=53.15 top5=76.24 imgs/s=575.1
[2026-01-03 22:36:04] [Train][E050][upd 0252506] lr=0.0536679 loss=4.1025 top1=52.98 top5=76.19 imgs/s=600.8
[2026-01-03 22:39:47] [Train][E050][upd 0253008] lr=0.0535031 loss=4.1089 top1=52.87 top5=76.09 imgs/s=593.8
[2026-01-03 22:43:33] [Train][E050][upd 0253510] lr=0.0533382 loss=4.1106 top1=52.86 top5=76.08 imgs/s=588.3
[2026-01-03 22:47:19] [Train][E050][upd 0254012] lr=0.0531732 loss=4.1104 top1=52.86 top5=76.08 imgs/s=585.2
[2026-01-03 22:51:06] [Train][E050][upd 0254514] lr=0.0530083 loss=4.1122 top1=52.87 top5=76.06 imgs/s=582.3
[2026-01-03 22:54:53] [Train][E050][upd 0255016] lr=0.0528433 loss=4.1142 top1=52.81 top5=76.03 imgs/s=580.2
[2026-01-03 22:58:39] [Train][E050][upd 0255518] lr=0.0526783 loss=4.1142 top1=52.82 top5=76.04 imgs/s=578.6
[2026-01-03 23:02:26] [Train][E050][upd 0256020] lr=0.0525132 loss=4.1159 top1=52.81 top5=76.02 imgs/s=577.5
[2026-01-03 23:04:01] [Epoch 050] TrainLoss=4.1161 ValLoss=2.6702 ValTop1=56.41% ValTop5=80.72% (BestTop1=61.35%)
[2026-01-03 23:07:03] [Train][E051][upd 0256522] lr=0.0523481 loss=4.0663 top1=53.65 top5=76.66 imgs/s=564.3
[2026-01-03 23:10:49] [Train][E051][upd 0257024] lr=0.052183 loss=4.0915 top1=53.22 top5=76.32 imgs/s=566.6
[2026-01-03 23:14:08] [Train][E051][upd 0257526] lr=0.0520179 loss=4.0935 top1=53.17 top5=76.28 imgs/s=592.2
[2026-01-03 23:17:56] [Train][E051][upd 0258028] lr=0.0518527 loss=4.0916 top1=53.21 top5=76.34 imgs/s=584.8
[2026-01-03 23:21:43] [Train][E051][upd 0258530] lr=0.0516875 loss=4.0947 top1=53.16 top5=76.30 imgs/s=580.6
[2026-01-03 23:25:31] [Train][E051][upd 0259032] lr=0.0515224 loss=4.0951 top1=53.15 top5=76.28 imgs/s=577.7
[2026-01-03 23:29:18] [Train][E051][upd 0259534] lr=0.0513571 loss=4.0953 top1=53.15 top5=76.29 imgs/s=575.8
[2026-01-03 23:33:05] [Train][E051][upd 0260036] lr=0.0511919 loss=4.0953 top1=53.16 top5=76.28 imgs/s=574.7
[2026-01-03 23:36:51] [Train][E051][upd 0260538] lr=0.0510267 loss=4.0970 top1=53.13 top5=76.26 imgs/s=573.9
[2026-01-03 23:40:34] [Train][E051][upd 0261040] lr=0.0508614 loss=4.0969 top1=53.15 top5=76.25 imgs/s=574.0
[2026-01-03 23:42:11] [Epoch 051] TrainLoss=4.0966 ValLoss=2.6263 ValTop1=58.22% ValTop5=81.43% (BestTop1=61.35%)
[2026-01-03 23:45:12] [Train][E052][upd 0261542] lr=0.0506962 loss=4.0712 top1=53.63 top5=76.63 imgs/s=563.0
[2026-01-03 23:48:57] [Train][E052][upd 0262044] lr=0.0505309 loss=4.0652 top1=53.76 top5=76.65 imgs/s=568.3
[2026-01-03 23:52:16] [Train][E052][upd 0262546] lr=0.0503656 loss=4.0696 top1=53.68 top5=76.57 imgs/s=593.8
[2026-01-03 23:56:02] [Train][E052][upd 0263048] lr=0.0502003 loss=4.0685 top1=53.69 top5=76.58 imgs/s=587.0
[2026-01-03 23:59:48] [Train][E052][upd 0263550] lr=0.0500351 loss=4.0692 top1=53.64 top5=76.59 imgs/s=582.9
[2026-01-04 00:03:34] [Train][E052][upd 0264052] lr=0.0498698 loss=4.0710 top1=53.62 top5=76.57 imgs/s=580.6
[2026-01-04 00:07:20] [Train][E052][upd 0264554] lr=0.0497045 loss=4.0730 top1=53.58 top5=76.54 imgs/s=578.7
[2026-01-04 00:11:04] [Train][E052][upd 0265056] lr=0.0495392 loss=4.0738 top1=53.57 top5=76.54 imgs/s=578.0
[2026-01-04 00:14:49] [Train][E052][upd 0265558] lr=0.049374 loss=4.0750 top1=53.56 top5=76.53 imgs/s=577.1
[2026-01-04 00:18:31] [Train][E052][upd 0266060] lr=0.0492087 loss=4.0759 top1=53.54 top5=76.52 imgs/s=577.3
[2026-01-04 00:20:07] [Epoch 052] TrainLoss=4.0764 ValLoss=2.8310 ValTop1=54.31% ValTop5=78.08% (BestTop1=61.35%)
[2026-01-04 00:23:07] [Train][E053][upd 0266562] lr=0.0490435 loss=4.0390 top1=54.07 top5=76.97 imgs/s=566.9
[2026-01-04 00:26:53] [Train][E053][upd 0267064] lr=0.0488782 loss=4.0454 top1=53.97 top5=76.99 imgs/s=568.1
[2026-01-04 00:30:11] [Train][E053][upd 0267566] lr=0.048713 loss=4.0453 top1=53.95 top5=77.00 imgs/s=594.7
[2026-01-04 00:33:53] [Train][E053][upd 0268068] lr=0.0485478 loss=4.0478 top1=53.91 top5=76.96 imgs/s=590.0
[2026-01-04 00:37:40] [Train][E053][upd 0268570] lr=0.0483826 loss=4.0499 top1=53.88 top5=76.94 imgs/s=585.3
[2026-01-04 00:41:26] [Train][E053][upd 0269072] lr=0.0482174 loss=4.0514 top1=53.90 top5=76.90 imgs/s=582.1
[2026-01-04 00:45:13] [Train][E053][upd 0269574] lr=0.0480522 loss=4.0524 top1=53.87 top5=76.88 imgs/s=579.6
[2026-01-04 00:48:59] [Train][E053][upd 0270076] lr=0.0478871 loss=4.0530 top1=53.88 top5=76.86 imgs/s=578.4
[2026-01-04 00:52:44] [Train][E053][upd 0270578] lr=0.0477219 loss=4.0541 top1=53.87 top5=76.85 imgs/s=577.4
[2026-01-04 00:56:29] [Train][E053][upd 0271080] lr=0.0475569 loss=4.0549 top1=53.86 top5=76.83 imgs/s=576.9
[2026-01-04 00:58:06] [Epoch 053] TrainLoss=4.0556 ValLoss=2.8526 ValTop1=53.86% ValTop5=77.71% (BestTop1=61.35%)
[2026-01-04 01:01:05] [Train][E054][upd 0271582] lr=0.0473918 loss=4.0154 top1=54.51 top5=77.38 imgs/s=563.8
[2026-01-04 01:04:47] [Train][E054][upd 0272084] lr=0.0472267 loss=4.0205 top1=54.45 top5=77.25 imgs/s=572.3
[2026-01-04 01:08:06] [Train][E054][upd 0272586] lr=0.0470617 loss=4.0219 top1=54.41 top5=77.27 imgs/s=596.4
[2026-01-04 01:11:50] [Train][E054][upd 0273088] lr=0.0468968 loss=4.0272 top1=54.30 top5=77.19 imgs/s=590.4
[2026-01-04 01:15:35] [Train][E054][upd 0273590] lr=0.0467318 loss=4.0287 top1=54.28 top5=77.14 imgs/s=586.0
[2026-01-04 01:19:18] [Train][E054][upd 0274092] lr=0.0465669 loss=4.0301 top1=54.25 top5=77.11 imgs/s=584.5
[2026-01-04 01:23:03] [Train][E054][upd 0274594] lr=0.046402 loss=4.0327 top1=54.18 top5=77.07 imgs/s=582.5
[2026-01-04 01:26:48] [Train][E054][upd 0275096] lr=0.0462372 loss=4.0337 top1=54.18 top5=77.06 imgs/s=581.0
[2026-01-04 01:30:33] [Train][E054][upd 0275598] lr=0.0460724 loss=4.0339 top1=54.19 top5=77.05 imgs/s=579.8
[2026-01-04 01:34:20] [Train][E054][upd 0276100] lr=0.0459077 loss=4.0360 top1=54.16 top5=77.02 imgs/s=578.5
[2026-01-04 01:35:58] [Epoch 054] TrainLoss=4.0363 ValLoss=2.7984 ValTop1=54.79% ValTop5=78.74% (BestTop1=61.35%)
[2026-01-04 01:38:56] [Train][E055][upd 0276602] lr=0.045743 loss=3.9957 top1=54.95 top5=77.35 imgs/s=566.1
[2026-01-04 01:42:42] [Train][E055][upd 0277104] lr=0.0455783 loss=3.9986 top1=54.90 top5=77.46 imgs/s=568.0
[2026-01-04 01:46:01] [Train][E055][upd 0277606] lr=0.0454137 loss=4.0037 top1=54.72 top5=77.43 imgs/s=593.5
[2026-01-04 01:49:48] [Train][E055][upd 0278108] lr=0.0452491 loss=4.0069 top1=54.69 top5=77.41 imgs/s=585.9
[2026-01-04 01:53:35] [Train][E055][upd 0278610] lr=0.0450846 loss=4.0089 top1=54.63 top5=77.38 imgs/s=581.5
[2026-01-04 01:57:22] [Train][E055][upd 0279112] lr=0.0449202 loss=4.0099 top1=54.60 top5=77.36 imgs/s=578.7
[2026-01-04 02:01:08] [Train][E055][upd 0279614] lr=0.0447558 loss=4.0115 top1=54.59 top5=77.35 imgs/s=577.4
[2026-01-04 02:04:52] [Train][E055][upd 0280116] lr=0.0445915 loss=4.0130 top1=54.58 top5=77.32 imgs/s=576.9
[2026-01-04 02:08:37] [Train][E055][upd 0280618] lr=0.0444272 loss=4.0151 top1=54.52 top5=77.31 imgs/s=576.1
[2026-01-04 02:12:23] [Train][E055][upd 0281120] lr=0.044263 loss=4.0170 top1=54.48 top5=77.28 imgs/s=575.5
[2026-01-04 02:14:02] [Epoch 055] TrainLoss=4.0171 ValLoss=2.6320 ValTop1=58.34% ValTop5=81.49% (BestTop1=61.35%)
[2026-01-04 02:16:58] [Train][E056][upd 0281622] lr=0.0440988 loss=3.9780 top1=55.14 top5=77.76 imgs/s=570.0
[2026-01-04 02:20:43] [Train][E056][upd 0282124] lr=0.0439347 loss=3.9867 top1=55.02 top5=77.67 imgs/s=570.4
[2026-01-04 02:24:03] [Train][E056][upd 0282626] lr=0.0437707 loss=3.9899 top1=54.97 top5=77.61 imgs/s=594.4
[2026-01-04 02:27:48] [Train][E056][upd 0283128] lr=0.0436067 loss=3.9927 top1=54.87 top5=77.59 imgs/s=588.4
[2026-01-04 02:31:35] [Train][E056][upd 0283630] lr=0.0434428 loss=3.9946 top1=54.85 top5=77.54 imgs/s=583.3
[2026-01-04 02:35:23] [Train][E056][upd 0284132] lr=0.043279 loss=3.9956 top1=54.86 top5=77.53 imgs/s=580.0
[2026-01-04 02:39:09] [Train][E056][upd 0284634] lr=0.0431153 loss=3.9970 top1=54.84 top5=77.52 imgs/s=578.2
[2026-01-04 02:42:56] [Train][E056][upd 0285136] lr=0.0429516 loss=3.9956 top1=54.86 top5=77.55 imgs/s=576.7
[2026-01-04 02:46:42] [Train][E056][upd 0285638] lr=0.042788 loss=3.9980 top1=54.82 top5=77.51 imgs/s=575.8
[2026-01-04 02:50:29] [Train][E056][upd 0286140] lr=0.0426245 loss=3.9988 top1=54.79 top5=77.50 imgs/s=574.6
[2026-01-04 02:52:10] [Epoch 056] TrainLoss=3.9990 ValLoss=2.4706 ValTop1=61.59% ValTop5=84.31% (BestTop1=61.59%)
[2026-01-04 02:55:07] [Train][E057][upd 0286642] lr=0.0424611 loss=3.9561 top1=55.51 top5=78.03 imgs/s=562.5
[2026-01-04 02:58:55] [Train][E057][upd 0287144] lr=0.0422977 loss=3.9596 top1=55.40 top5=78.04 imgs/s=564.4
[2026-01-04 03:02:13] [Train][E057][upd 0287646] lr=0.0421345 loss=3.9609 top1=55.42 top5=77.99 imgs/s=591.8
[2026-01-04 03:05:56] [Train][E057][upd 0288148] lr=0.0419713 loss=3.9628 top1=55.42 top5=77.95 imgs/s=587.8
[2026-01-04 03:09:43] [Train][E057][upd 0288650] lr=0.0418082 loss=3.9655 top1=55.39 top5=77.92 imgs/s=583.0
[2026-01-04 03:13:30] [Train][E057][upd 0289152] lr=0.0416452 loss=3.9684 top1=55.32 top5=77.90 imgs/s=579.8
[2026-01-04 03:17:18] [Train][E057][upd 0289654] lr=0.0414823 loss=3.9728 top1=55.26 top5=77.85 imgs/s=577.7
[2026-01-04 03:21:04] [Train][E057][upd 0290156] lr=0.0413195 loss=3.9744 top1=55.25 top5=77.84 imgs/s=576.4
[2026-01-04 03:24:49] [Train][E057][upd 0290658] lr=0.0411568 loss=3.9751 top1=55.23 top5=77.82 imgs/s=575.9
[2026-01-04 03:28:34] [Train][E057][upd 0291160] lr=0.0409941 loss=3.9761 top1=55.22 top5=77.81 imgs/s=575.4
[2026-01-04 03:30:15] [Epoch 057] TrainLoss=3.9760 ValLoss=3.1505 ValTop1=48.92% ValTop5=72.15% (BestTop1=61.59%)
[2026-01-04 03:33:10] [Train][E058][upd 0291662] lr=0.0408316 loss=3.9283 top1=56.01 top5=78.41 imgs/s=565.2
[2026-01-04 03:36:55] [Train][E058][upd 0292164] lr=0.0406692 loss=3.9362 top1=55.86 top5=78.36 imgs/s=568.3
[2026-01-04 03:40:12] [Train][E058][upd 0292666] lr=0.0405069 loss=3.9400 top1=55.86 top5=78.27 imgs/s=596.7
[2026-01-04 03:43:56] [Train][E058][upd 0293168] lr=0.0403446 loss=3.9450 top1=55.80 top5=78.22 imgs/s=590.3
[2026-01-04 03:47:42] [Train][E058][upd 0293670] lr=0.0401825 loss=3.9499 top1=55.71 top5=78.17 imgs/s=585.7
[2026-01-04 03:51:28] [Train][E058][upd 0294172] lr=0.0400205 loss=3.9501 top1=55.71 top5=78.17 imgs/s=582.4
[2026-01-04 03:55:16] [Train][E058][upd 0294674] lr=0.0398586 loss=3.9516 top1=55.66 top5=78.13 imgs/s=579.5
[2026-01-04 03:59:04] [Train][E058][upd 0295176] lr=0.0396968 loss=3.9521 top1=55.65 top5=78.11 imgs/s=577.5
[2026-01-04 04:02:52] [Train][E058][upd 0295678] lr=0.0395351 loss=3.9538 top1=55.62 top5=78.09 imgs/s=575.9
[2026-01-04 04:06:41] [Train][E058][upd 0296180] lr=0.0393736 loss=3.9547 top1=55.58 top5=78.09 imgs/s=574.5
[2026-01-04 04:08:24] [Epoch 058] TrainLoss=3.9549 ValLoss=2.7747 ValTop1=55.11% ValTop5=78.97% (BestTop1=61.59%)
[2026-01-04 04:11:18] [Train][E059][upd 0296682] lr=0.0392121 loss=3.9160 top1=56.22 top5=78.49 imgs/s=566.5
[2026-01-04 04:15:05] [Train][E059][upd 0297184] lr=0.0390508 loss=3.9259 top1=56.13 top5=78.37 imgs/s=566.3
[2026-01-04 04:18:27] [Train][E059][upd 0297686] lr=0.0388896 loss=3.9285 top1=56.11 top5=78.36 imgs/s=590.0
[2026-01-04 04:22:16] [Train][E059][upd 0298188] lr=0.0387285 loss=3.9310 top1=56.05 top5=78.32 imgs/s=582.2
[2026-01-04 04:26:04] [Train][E059][upd 0298690] lr=0.0385676 loss=3.9329 top1=55.99 top5=78.31 imgs/s=578.0
[2026-01-04 04:29:53] [Train][E059][upd 0299192] lr=0.0384067 loss=3.9343 top1=55.98 top5=78.29 imgs/s=575.2
[2026-01-04 04:33:41] [Train][E059][upd 0299694] lr=0.038246 loss=3.9341 top1=55.97 top5=78.28 imgs/s=573.2
[2026-01-04 04:37:29] [Train][E059][upd 0300196] lr=0.0380854 loss=3.9349 top1=55.95 top5=78.25 imgs/s=572.2
[2026-01-04 04:41:16] [Train][E059][upd 0300698] lr=0.037925 loss=3.9363 top1=55.92 top5=78.24 imgs/s=571.4
[2026-01-04 04:45:03] [Train][E059][upd 0301200] lr=0.0377647 loss=3.9365 top1=55.91 top5=78.24 imgs/s=570.7
[2026-01-04 04:46:47] [Epoch 059] TrainLoss=3.9363 ValLoss=2.7124 ValTop1=56.16% ValTop5=80.03% (BestTop1=61.59%)
[2026-01-04 04:49:43] [Train][E060][upd 0301702] lr=0.0376045 loss=3.9097 top1=56.46 top5=78.55 imgs/s=556.2
[2026-01-04 04:53:31] [Train][E060][upd 0302204] lr=0.0374444 loss=3.9052 top1=56.50 top5=78.64 imgs/s=560.8
[2026-01-04 04:56:51] [Train][E060][upd 0302706] lr=0.0372845 loss=3.9029 top1=56.53 top5=78.68 imgs/s=587.3
[2026-01-04 05:00:39] [Train][E060][upd 0303208] lr=0.0371247 loss=3.9034 top1=56.52 top5=78.67 imgs/s=581.0
[2026-01-04 05:04:27] [Train][E060][upd 0303710] lr=0.0369651 loss=3.9052 top1=56.46 top5=78.66 imgs/s=577.5
[2026-01-04 05:08:15] [Train][E060][upd 0304212] lr=0.0368056 loss=3.9080 top1=56.41 top5=78.63 imgs/s=575.1
[2026-01-04 05:12:02] [Train][E060][upd 0304714] lr=0.0366463 loss=3.9091 top1=56.38 top5=78.61 imgs/s=573.7
[2026-01-04 05:15:48] [Train][E060][upd 0305216] lr=0.036487 loss=3.9102 top1=56.37 top5=78.59 imgs/s=572.9
[2026-01-04 05:19:35] [Train][E060][upd 0305718] lr=0.036328 loss=3.9124 top1=56.32 top5=78.57 imgs/s=572.1
[2026-01-04 05:23:22] [Train][E060][upd 0306220] lr=0.0361691 loss=3.9139 top1=56.29 top5=78.56 imgs/s=571.4
[2026-01-04 05:25:06] [Epoch 060] TrainLoss=3.9144 ValLoss=2.6684 ValTop1=57.18% ValTop5=80.52% (BestTop1=61.59%)
[2026-01-04 05:28:01] [Train][E061][upd 0306722] lr=0.0360103 loss=3.8714 top1=56.92 top5=79.13 imgs/s=559.2
[2026-01-04 05:31:49] [Train][E061][upd 0307224] lr=0.0358517 loss=3.8702 top1=57.05 top5=79.17 imgs/s=561.7
[2026-01-04 05:35:11] [Train][E061][upd 0307726] lr=0.0356933 loss=3.8759 top1=56.95 top5=79.07 imgs/s=586.9
[2026-01-04 05:38:58] [Train][E061][upd 0308228] lr=0.035535 loss=3.8782 top1=56.91 top5=79.03 imgs/s=581.2
[2026-01-04 05:42:44] [Train][E061][upd 0308730] lr=0.0353769 loss=3.8812 top1=56.89 top5=78.98 imgs/s=578.2
[2026-01-04 05:46:31] [Train][E061][upd 0309232] lr=0.0352189 loss=3.8853 top1=56.84 top5=78.92 imgs/s=576.4
[2026-01-04 05:50:17] [Train][E061][upd 0309734] lr=0.0350611 loss=3.8861 top1=56.82 top5=78.91 imgs/s=575.0
[2026-01-04 05:54:04] [Train][E061][upd 0310236] lr=0.0349034 loss=3.8866 top1=56.80 top5=78.91 imgs/s=574.1
[2026-01-04 05:57:51] [Train][E061][upd 0310738] lr=0.034746 loss=3.8869 top1=56.79 top5=78.90 imgs/s=573.1
[2026-01-04 06:01:38] [Train][E061][upd 0311240] lr=0.0345886 loss=3.8871 top1=56.77 top5=78.90 imgs/s=572.2
[2026-01-04 06:03:24] [Epoch 061] TrainLoss=3.8876 ValLoss=2.7179 ValTop1=56.73% ValTop5=80.42% (BestTop1=61.59%)
[2026-01-04 06:06:16] [Train][E062][upd 0311742] lr=0.0344315 loss=3.8599 top1=57.20 top5=79.36 imgs/s=565.8
[2026-01-04 06:10:02] [Train][E062][upd 0312244] lr=0.0342745 loss=3.8608 top1=57.21 top5=79.21 imgs/s=567.6
[2026-01-04 06:13:23] [Train][E062][upd 0312746] lr=0.0341177 loss=3.8613 top1=57.20 top5=79.21 imgs/s=591.4
[2026-01-04 06:17:11] [Train][E062][upd 0313248] lr=0.0339611 loss=3.8648 top1=57.15 top5=79.17 imgs/s=583.4
[2026-01-04 06:20:58] [Train][E062][upd 0313750] lr=0.0338046 loss=3.8653 top1=57.16 top5=79.15 imgs/s=579.7
[2026-01-04 06:24:45] [Train][E062][upd 0314252] lr=0.0336483 loss=3.8675 top1=57.12 top5=79.13 imgs/s=577.2
[2026-01-04 06:28:33] [Train][E062][upd 0314754] lr=0.0334922 loss=3.8679 top1=57.12 top5=79.12 imgs/s=575.2
[2026-01-04 06:32:20] [Train][E062][upd 0315256] lr=0.0333363 loss=3.8670 top1=57.12 top5=79.15 imgs/s=574.2
[2026-01-04 06:36:07] [Train][E062][upd 0315758] lr=0.0331806 loss=3.8662 top1=57.14 top5=79.15 imgs/s=573.3
[2026-01-04 06:39:53] [Train][E062][upd 0316260] lr=0.033025 loss=3.8668 top1=57.12 top5=79.14 imgs/s=572.8
[2026-01-04 06:41:39] [Epoch 062] TrainLoss=3.8669 ValLoss=2.6727 ValTop1=58.06% ValTop5=80.69% (BestTop1=61.59%)
[2026-01-04 06:44:30] [Train][E063][upd 0316762] lr=0.0328697 loss=3.8442 top1=57.56 top5=79.42 imgs/s=562.8
[2026-01-04 06:48:15] [Train][E063][upd 0317264] lr=0.0327145 loss=3.8386 top1=57.61 top5=79.50 imgs/s=567.3
[2026-01-04 06:51:36] [Train][E063][upd 0317766] lr=0.0325595 loss=3.8386 top1=57.67 top5=79.50 imgs/s=591.5
[2026-01-04 06:55:23] [Train][E063][upd 0318268] lr=0.0324047 loss=3.8371 top1=57.66 top5=79.55 imgs/s=585.2
[2026-01-04 06:59:11] [Train][E063][upd 0318770] lr=0.0322501 loss=3.8396 top1=57.61 top5=79.51 imgs/s=580.3
[2026-01-04 07:02:59] [Train][E063][upd 0319272] lr=0.0320957 loss=3.8428 top1=57.58 top5=79.46 imgs/s=577.2
[2026-01-04 07:06:48] [Train][E063][upd 0319774] lr=0.0319414 loss=3.8452 top1=57.54 top5=79.44 imgs/s=574.9
[2026-01-04 07:10:37] [Train][E063][upd 0320276] lr=0.0317874 loss=3.8457 top1=57.53 top5=79.44 imgs/s=573.2
[2026-01-04 07:14:25] [Train][E063][upd 0320778] lr=0.0316336 loss=3.8465 top1=57.51 top5=79.43 imgs/s=571.9
[2026-01-04 07:18:12] [Train][E063][upd 0321280] lr=0.03148 loss=3.8468 top1=57.50 top5=79.42 imgs/s=571.3
[2026-01-04 07:19:59] [Epoch 063] TrainLoss=3.8470 ValLoss=2.9291 ValTop1=52.19% ValTop5=76.50% (BestTop1=61.59%)
Traceback (most recent call last):
  File "/workspace/rkd_cifar10_1111/train_incpetionnetv3_gray_imagenet.py", line 906, in <module>
    main()
  File "/workspace/rkd_cifar10_1111/train_incpetionnetv3_gray_imagenet.py", line 830, in main
    tr_stats, global_update = train_one_epoch(
                              ^^^^^^^^^^^^^^^^
  File "/workspace/rkd_cifar10_1111/train_incpetionnetv3_gray_imagenet.py", line 429, in train_one_epoch
    scaler.scale(loss_scaled).backward()
  File "/opt/conda/lib/python3.11/site-packages/torch/_tensor.py", line 648, in backward
    torch.autograd.backward(
  File "/opt/conda/lib/python3.11/site-packages/torch/autograd/__init__.py", line 353, in backward
    _engine_run_backward(
  File "/opt/conda/lib/python3.11/site-packages/torch/autograd/graph.py", line 824, in _engine_run_backward
    return Variable._execution_engine.run_backward(  # Calls into the C++ engine to run the backward pass
           ^^^^^^^^^^^^^^^^^^^^^^^^^^^^^^^^^^^^^^^^^^^^^^^^^^^^^^^^^^^^^^^^^^^^^^^^^^^^^^^^^^^^^^^^^^^^^^
KeyboardInterrupt
Exception ignored in atexit callback: <function _MultiProcessingDataLoaderIter._clean_up_worker at 0x74c180857880>
Traceback (most recent call last):
  File "/opt/conda/lib/python3.11/site-packages/torch/utils/data/dataloader.py", line 1657, in _clean_up_worker
    w.join(timeout=_utils.MP_STATUS_CHECK_INTERVAL)
  File "/opt/conda/lib/python3.11/multiprocessing/process.py", line 149, in join
    res = self._popen.wait(timeout)
          ^^^^^^^^^^^^^^^^^^^^^^^^^
  File "/opt/conda/lib/python3.11/multiprocessing/popen_fork.py", line 40, in wait
    if not wait([self.sentinel], timeout):
           ^^^^^^^^^^^^^^^^^^^^^^^^^^^^^^
  File "/opt/conda/lib/python3.11/multiprocessing/connection.py", line 948, in wait
    ready = selector.select(timeout)
            ^^^^^^^^^^^^^^^^^^^^^^^^
  File "/opt/conda/lib/python3.11/selectors.py", line 415, in select
    fd_event_list = self._selector.poll(timeout)
                    ^^^^^^^^^^^^^^^^^^^^^^^^^^^^
KeyboardInterrupt: 
Exception ignored in atexit callback: <function _MultiProcessingDataLoaderIter._clean_up_worker at 0x74c180857880>
Traceback (most recent call last):
  File "/opt/conda/lib/python3.11/site-packages/torch/utils/data/dataloader.py", line 1657, in _clean_up_worker
    w.join(timeout=_utils.MP_STATUS_CHECK_INTERVAL)
  File "/opt/conda/lib/python3.11/multiprocessing/process.py", line 149, in join
    res = self._popen.wait(timeout)
          ^^^^^^^^^^^^^^^^^^^^^^^^^
  File "/opt/conda/lib/python3.11/multiprocessing/popen_fork.py", line 40, in wait
    if not wait([self.sentinel], timeout):
           ^^^^^^^^^^^^^^^^^^^^^^^^^^^^^^
  File "/opt/conda/lib/python3.11/multiprocessing/connection.py", line 948, in wait
    ready = selector.select(timeout)
            ^^^^^^^^^^^^^^^^^^^^^^^^
  File "/opt/conda/lib/python3.11/selectors.py", line 415, in select
    fd_event_list = self._selector.poll(timeout)
                    ^^^^^^^^^^^^^^^^^^^^^^^^^^^^
KeyboardInterrupt: 
Exception ignored in atexit callback: <function _MultiProcessingDataLoaderIter._clean_up_worker at 0x74c180857880>
Traceback (most recent call last):
  File "/opt/conda/lib/python3.11/site-packages/torch/utils/data/dataloader.py", line 1657, in _clean_up_worker
    w.join(timeout=_utils.MP_STATUS_CHECK_INTERVAL)
  File "/opt/conda/lib/python3.11/multiprocessing/process.py", line 149, in join
    res = self._popen.wait(timeout)
          ^^^^^^^^^^^^^^^^^^^^^^^^^
  File "/opt/conda/lib/python3.11/multiprocessing/popen_fork.py", line 40, in wait
    if not wait([self.sentinel], timeout):
           ^^^^^^^^^^^^^^^^^^^^^^^^^^^^^^
  File "/opt/conda/lib/python3.11/multiprocessing/connection.py", line 948, in wait
    ready = selector.select(timeout)
            ^^^^^^^^^^^^^^^^^^^^^^^^
  File "/opt/conda/lib/python3.11/selectors.py", line 415, in select
    fd_event_list = self._selector.poll(timeout)
                    ^^^^^^^^^^^^^^^^^^^^^^^^^^^^
KeyboardInterrupt: 
Exception ignored in atexit callback: <function _MultiProcessingDataLoaderIter._clean_up_worker at 0x74c180857880>
Traceback (most recent call last):
  File "/opt/conda/lib/python3.11/site-packages/torch/utils/data/dataloader.py", line 1657, in _clean_up_worker
    w.join(timeout=_utils.MP_STATUS_CHECK_INTERVAL)
  File "/opt/conda/lib/python3.11/multiprocessing/process.py", line 149, in join
    res = self._popen.wait(timeout)
          ^^^^^^^^^^^^^^^^^^^^^^^^^
  File "/opt/conda/lib/python3.11/multiprocessing/popen_fork.py", line 40, in wait
    if not wait([self.sentinel], timeout):
           ^^^^^^^^^^^^^^^^^^^^^^^^^^^^^^
  File "/opt/conda/lib/python3.11/multiprocessing/connection.py", line 948, in wait
    ready = selector.select(timeout)
            ^^^^^^^^^^^^^^^^^^^^^^^^
  File "/opt/conda/lib/python3.11/selectors.py", line 415, in select
    fd_event_list = self._selector.poll(timeout)
                    ^^^^^^^^^^^^^^^^^^^^^^^^^^^^
KeyboardInterrupt: 
Exception ignored in atexit callback: <function _MultiProcessingDataLoaderIter._clean_up_worker at 0x74c180857880>
Traceback (most recent call last):
  File "/opt/conda/lib/python3.11/site-packages/torch/utils/data/dataloader.py", line 1657, in _clean_up_worker
    w.join(timeout=_utils.MP_STATUS_CHECK_INTERVAL)
  File "/opt/conda/lib/python3.11/multiprocessing/process.py", line 149, in join
    res = self._popen.wait(timeout)
          ^^^^^^^^^^^^^^^^^^^^^^^^^
  File "/opt/conda/lib/python3.11/multiprocessing/popen_fork.py", line 40, in wait
    if not wait([self.sentinel], timeout):
           ^^^^^^^^^^^^^^^^^^^^^^^^^^^^^^
  File "/opt/conda/lib/python3.11/multiprocessing/connection.py", line 948, in wait
    ready = selector.select(timeout)
            ^^^^^^^^^^^^^^^^^^^^^^^^
  File "/opt/conda/lib/python3.11/selectors.py", line 415, in select
    fd_event_list = self._selector.poll(timeout)
                    ^^^^^^^^^^^^^^^^^^^^^^^^^^^^
KeyboardInterrupt: 
[1;34mwandb[0m: 
[1;34mwandb[0m: 🚀 View run [33msgd_bs256_cuda6[0m at: [34m[0m
[1;34mwandb[0m: Find logs at: [1;35mwandb/run-20260102_144455-ro8o344g/logs[0m
