nohup: ignoring input
wandb: Currently logged in as: rtrt505 to https://api.wandb.ai. Use `wandb login --relogin` to force relogin
wandb: setting up run rx4dlph9
wandb: Tracking run with wandb version 0.23.0
wandb: Run data is saved locally in /workspace/rkd_cifar10_1111/wandb/run-20260102_144459-rx4dlph9
wandb: Run `wandb offline` to turn off syncing.
wandb: Syncing run adamw_bs256_cuda6
wandb: ⭐️ View project at https://wandb.ai/rtrt505/0102-imagenet-gray3
wandb: 🚀 View run at https://wandb.ai/rtrt505/0102-imagenet-gray3/runs/rx4dlph9
[2026-01-02 14:45:00] W&B enabled: project=0102-imagenet-gray3 name=adamw_bs256_cuda6
[2026-01-02 14:45:02] Dataset: 1285684 train, 50000 val | classes=1000
[2026-01-02 14:45:02] Device: cuda:6 | amp=True | tf32=True | ema=True | randaug=True | force_gray3=True
[2026-01-02 14:45:02] Norm: mean=(0.45798322587856827, 0.45798322587856827, 0.45798322587856827), std=(0.2623006911570552, 0.2623006911570552, 0.2623006911570552)
[2026-01-02 14:45:03] Optimizer=adamw | lr=0.001 | wd=0.05 | updates/epoch=5022 total_updates=502200 warmup_updates=25110
[2026-01-02 14:49:02] [Train][E000][upd 0000502] lr=2.97921e-05 loss=11.3821 top1=0.12 top5=0.56 imgs/s=536.9
[2026-01-02 14:52:48] [Train][E000][upd 0001004] lr=4.95842e-05 loss=10.6870 top1=0.12 top5=0.60 imgs/s=552.7
[2026-01-02 14:56:35] [Train][E000][upd 0001506] lr=6.93763e-05 loss=10.3239 top1=0.17 top5=0.79 imgs/s=557.0
[2026-01-02 15:00:22] [Train][E000][upd 0002008] lr=8.91685e-05 loss=10.0645 top1=0.26 top5=1.14 imgs/s=559.1
[2026-01-02 15:04:10] [Train][E000][upd 0002510] lr=0.000108961 loss=9.8694 top1=0.37 top5=1.58 imgs/s=560.3
[2026-01-02 15:07:56] [Train][E000][upd 0003012] lr=0.000128753 loss=9.7091 top1=0.53 top5=2.12 imgs/s=561.6
[2026-01-02 15:11:40] [Train][E000][upd 0003514] lr=0.000148545 loss=9.5689 top1=0.71 top5=2.73 imgs/s=563.2
[2026-01-02 15:15:26] [Train][E000][upd 0004016] lr=0.000168337 loss=9.4445 top1=0.90 top5=3.38 imgs/s=564.0
[2026-01-02 15:19:11] [Train][E000][upd 0004518] lr=0.000188129 loss=9.3303 top1=1.12 top5=4.05 imgs/s=564.6
[2026-01-02 15:22:49] [Train][E000][upd 0005020] lr=0.000207921 loss=9.2240 top1=1.36 top5=4.80 imgs/s=567.0
[2026-01-02 15:23:43] [Epoch 000] TrainLoss=9.2236 ValLoss=8.1397 ValTop1=0.11% ValTop5=0.44% (BestTop1=0.11%)
[2026-01-02 15:27:28] [Train][E001][upd 0005522] lr=0.000227713 loss=8.0961 top1=4.44 top5=13.74 imgs/s=570.3
[2026-01-02 15:31:12] [Train][E001][upd 0006024] lr=0.000247505 loss=8.0201 top1=4.86 top5=14.76 imgs/s=572.2
[2026-01-02 15:34:56] [Train][E001][upd 0006526] lr=0.000267297 loss=7.9403 top1=5.34 top5=15.95 imgs/s=572.9
[2026-01-02 15:38:40] [Train][E001][upd 0007028] lr=0.00028709 loss=7.8666 top1=5.79 top5=17.02 imgs/s=573.3
[2026-01-02 15:42:25] [Train][E001][upd 0007530] lr=0.000306882 loss=7.7914 top1=6.32 top5=18.20 imgs/s=572.8
[2026-01-02 15:46:10] [Train][E001][upd 0008032] lr=0.000326674 loss=7.7182 top1=6.84 top5=19.32 imgs/s=572.4
[2026-01-02 15:49:56] [Train][E001][upd 0008534] lr=0.000346466 loss=7.6481 top1=7.38 top5=20.42 imgs/s=571.9
[2026-01-02 15:53:41] [Train][E001][upd 0009036] lr=0.000366258 loss=7.5815 top1=7.90 top5=21.49 imgs/s=571.8
[2026-01-02 15:57:26] [Train][E001][upd 0009538] lr=0.00038605 loss=7.5180 top1=8.42 top5=22.52 imgs/s=571.8
[2026-01-02 16:01:02] [Train][E001][upd 0010040] lr=0.000405842 loss=7.4592 top1=8.93 top5=23.49 imgs/s=574.0
[2026-01-02 16:01:53] [Epoch 001] TrainLoss=7.4587 ValLoss=7.0313 ValTop1=0.09% ValTop5=0.50% (BestTop1=0.11%)
[2026-01-02 16:05:40] [Train][E002][upd 0010542] lr=0.000425634 loss=6.7905 top1=14.98 top5=34.79 imgs/s=563.2
[2026-01-02 16:09:27] [Train][E002][upd 0011044] lr=0.000445427 loss=6.7444 top1=15.48 top5=35.49 imgs/s=564.6
[2026-01-02 16:13:14] [Train][E002][upd 0011546] lr=0.000465219 loss=6.7048 top1=15.90 top5=36.16 imgs/s=564.7
[2026-01-02 16:16:59] [Train][E002][upd 0012048] lr=0.000485011 loss=6.6637 top1=16.38 top5=36.89 imgs/s=566.2
[2026-01-02 16:20:47] [Train][E002][upd 0012550] lr=0.000504803 loss=6.6214 top1=16.87 top5=37.65 imgs/s=566.0
[2026-01-02 16:24:34] [Train][E002][upd 0013052] lr=0.000524595 loss=6.5792 top1=17.36 top5=38.40 imgs/s=565.8
[2026-01-02 16:28:22] [Train][E002][upd 0013554] lr=0.000544387 loss=6.5430 top1=17.78 top5=39.06 imgs/s=565.6
[2026-01-02 16:32:09] [Train][E002][upd 0014056] lr=0.000564179 loss=6.5058 top1=18.22 top5=39.73 imgs/s=565.7
[2026-01-02 16:35:55] [Train][E002][upd 0014558] lr=0.000583971 loss=6.4695 top1=18.66 top5=40.36 imgs/s=565.9
[2026-01-02 16:39:33] [Train][E002][upd 0015060] lr=0.000603763 loss=6.4340 top1=19.11 top5=40.96 imgs/s=568.2
[2026-01-02 16:40:24] [Epoch 002] TrainLoss=6.4336 ValLoss=6.9202 ValTop1=0.13% ValTop5=0.70% (BestTop1=0.13%)
[2026-01-02 16:44:09] [Train][E003][upd 0015562] lr=0.000623556 loss=6.0164 top1=24.48 top5=48.15 imgs/s=568.2
[2026-01-02 16:47:56] [Train][E003][upd 0016064] lr=0.000643348 loss=5.9928 top1=24.60 top5=48.50 imgs/s=568.2
[2026-01-02 16:51:43] [Train][E003][upd 0016566] lr=0.00066314 loss=5.9685 top1=24.98 top5=48.97 imgs/s=567.0
[2026-01-02 16:55:30] [Train][E003][upd 0017068] lr=0.000682932 loss=5.9485 top1=25.24 top5=49.33 imgs/s=567.1
[2026-01-02 16:59:16] [Train][E003][upd 0017570] lr=0.000702724 loss=5.9268 top1=25.54 top5=49.69 imgs/s=567.2
[2026-01-02 17:03:03] [Train][E003][upd 0018072] lr=0.000722516 loss=5.9071 top1=25.81 top5=50.03 imgs/s=567.2
[2026-01-02 17:06:49] [Train][E003][upd 0018574] lr=0.000742308 loss=5.8879 top1=26.07 top5=50.34 imgs/s=567.1
[2026-01-02 17:10:36] [Train][E003][upd 0019076] lr=0.0007621 loss=5.8676 top1=26.36 top5=50.68 imgs/s=567.1
[2026-01-02 17:14:22] [Train][E003][upd 0019578] lr=0.000781892 loss=5.8493 top1=26.65 top5=51.00 imgs/s=567.3
[2026-01-02 17:18:00] [Train][E003][upd 0020080] lr=0.000801685 loss=5.8321 top1=26.88 top5=51.30 imgs/s=569.3
[2026-01-02 17:18:53] [Epoch 003] TrainLoss=5.8319 ValLoss=7.6622 ValTop1=0.24% ValTop5=0.94% (BestTop1=0.24%)
[2026-01-02 17:22:37] [Train][E004][upd 0020582] lr=0.000821477 loss=5.5737 top1=30.36 top5=55.59 imgs/s=568.7
[2026-01-02 17:26:22] [Train][E004][upd 0021084] lr=0.000841269 loss=5.5623 top1=30.55 top5=55.70 imgs/s=569.6
[2026-01-02 17:30:09] [Train][E004][upd 0021586] lr=0.000861061 loss=5.5564 top1=30.66 top5=55.79 imgs/s=568.6
[2026-01-02 17:33:56] [Train][E004][upd 0022088] lr=0.000880853 loss=5.5318 top1=31.01 top5=56.17 imgs/s=567.7
[2026-01-02 17:37:44] [Train][E004][upd 0022590] lr=0.000900645 loss=5.5253 top1=31.13 top5=56.28 imgs/s=567.1
[2026-01-02 17:41:29] [Train][E004][upd 0023092] lr=0.000920437 loss=5.5130 top1=31.33 top5=56.49 imgs/s=567.6
[2026-01-02 17:45:16] [Train][E004][upd 0023594] lr=0.000940229 loss=5.5033 top1=31.46 top5=56.65 imgs/s=567.4
[2026-01-02 17:49:02] [Train][E004][upd 0024096] lr=0.000960022 loss=5.4916 top1=31.64 top5=56.85 imgs/s=567.4
[2026-01-02 17:52:50] [Train][E004][upd 0024598] lr=0.000979814 loss=5.4819 top1=31.79 top5=57.03 imgs/s=567.1
[2026-01-02 17:56:27] [Train][E004][upd 0025100] lr=0.000999606 loss=5.4710 top1=31.96 top5=57.21 imgs/s=569.5
[2026-01-02 17:57:20] [Epoch 004] TrainLoss=5.4707 ValLoss=26.8771 ValTop1=0.09% ValTop5=0.50% (BestTop1=0.24%)
[2026-01-02 18:01:05] [Train][E005][upd 0025602] lr=0.000999997 loss=5.2911 top1=34.60 top5=59.96 imgs/s=561.8
[2026-01-02 18:04:52] [Train][E005][upd 0026104] lr=0.000999989 loss=5.2894 top1=34.60 top5=60.00 imgs/s=565.0
[2026-01-02 18:08:37] [Train][E005][upd 0026606] lr=0.000999976 loss=5.2636 top1=34.97 top5=60.39 imgs/s=566.7
[2026-01-02 18:12:23] [Train][E005][upd 0027108] lr=0.000999957 loss=5.2515 top1=35.11 top5=60.59 imgs/s=567.4
[2026-01-02 18:16:09] [Train][E005][upd 0027610] lr=0.000999932 loss=5.2365 top1=35.36 top5=60.84 imgs/s=567.3
[2026-01-02 18:19:56] [Train][E005][upd 0028112] lr=0.000999902 loss=5.2235 top1=35.56 top5=61.04 imgs/s=567.4
[2026-01-02 18:23:42] [Train][E005][upd 0028614] lr=0.000999867 loss=5.2116 top1=35.77 top5=61.25 imgs/s=567.5
[2026-01-02 18:27:28] [Train][E005][upd 0029116] lr=0.000999826 loss=5.1994 top1=35.96 top5=61.43 imgs/s=567.7
[2026-01-02 18:31:12] [Train][E005][upd 0029618] lr=0.00099978 loss=5.1881 top1=36.14 top5=61.60 imgs/s=568.2
[2026-01-02 18:34:50] [Train][E005][upd 0030120] lr=0.000999728 loss=5.1752 top1=36.33 top5=61.81 imgs/s=570.2
[2026-01-02 18:35:45] [Epoch 005] TrainLoss=5.1749 ValLoss=409.4875 ValTop1=0.09% ValTop5=0.48% (BestTop1=0.24%)
[2026-01-02 18:39:28] [Train][E006][upd 0030622] lr=0.000999671 loss=5.0076 top1=38.85 top5=64.17 imgs/s=564.1
[2026-01-02 18:43:14] [Train][E006][upd 0031124] lr=0.000999608 loss=4.9974 top1=39.00 top5=64.36 imgs/s=567.0
[2026-01-02 18:46:58] [Train][E006][upd 0031626] lr=0.00099954 loss=4.9907 top1=39.09 top5=64.49 imgs/s=569.2
[2026-01-02 18:50:43] [Train][E006][upd 0032128] lr=0.000999467 loss=4.9783 top1=39.28 top5=64.68 imgs/s=569.8
[2026-01-02 18:54:28] [Train][E006][upd 0032630] lr=0.000999388 loss=4.9743 top1=39.36 top5=64.78 imgs/s=570.2
[2026-01-02 18:58:14] [Train][E006][upd 0033132] lr=0.000999303 loss=4.9706 top1=39.42 top5=64.85 imgs/s=569.7
[2026-01-02 19:02:01] [Train][E006][upd 0033634] lr=0.000999213 loss=4.9621 top1=39.57 top5=64.95 imgs/s=569.3
[2026-01-02 19:05:48] [Train][E006][upd 0034136] lr=0.000999118 loss=4.9543 top1=39.70 top5=65.07 imgs/s=568.9
[2026-01-02 19:09:35] [Train][E006][upd 0034638] lr=0.000999017 loss=4.9451 top1=39.85 top5=65.20 imgs/s=568.6
[2026-01-02 19:13:13] [Train][E006][upd 0035140] lr=0.000998911 loss=4.9362 top1=40.00 top5=65.33 imgs/s=570.6
[2026-01-02 19:14:06] [Epoch 006] TrainLoss=4.9360 ValLoss=27.9717 ValTop1=0.11% ValTop5=0.50% (BestTop1=0.24%)
[2026-01-02 19:17:48] [Train][E007][upd 0035642] lr=0.000998799 loss=4.7871 top1=42.10 top5=67.55 imgs/s=565.8
[2026-01-02 19:21:34] [Train][E007][upd 0036144] lr=0.000998682 loss=4.7877 top1=42.18 top5=67.49 imgs/s=567.3
[2026-01-02 19:25:20] [Train][E007][upd 0036646] lr=0.00099856 loss=4.7955 top1=42.08 top5=67.36 imgs/s=567.8
[2026-01-02 19:29:07] [Train][E007][upd 0037148] lr=0.000998431 loss=4.7968 top1=42.12 top5=67.35 imgs/s=567.3
[2026-01-02 19:32:54] [Train][E007][upd 0037650] lr=0.000998298 loss=4.7920 top1=42.22 top5=67.43 imgs/s=567.4
[2026-01-02 19:36:41] [Train][E007][upd 0038152] lr=0.000998159 loss=4.7907 top1=42.27 top5=67.46 imgs/s=567.0
[2026-01-02 19:40:27] [Train][E007][upd 0038654] lr=0.000998015 loss=4.7836 top1=42.39 top5=67.57 imgs/s=567.3
[2026-01-02 19:44:11] [Train][E007][upd 0039156] lr=0.000997865 loss=4.7778 top1=42.47 top5=67.66 imgs/s=568.0
[2026-01-02 19:47:58] [Train][E007][upd 0039658] lr=0.00099771 loss=4.7738 top1=42.54 top5=67.72 imgs/s=567.8
[2026-01-02 19:51:33] [Train][E007][upd 0040160] lr=0.000997549 loss=4.7715 top1=42.58 top5=67.76 imgs/s=570.6
[2026-01-02 19:52:29] [Epoch 007] TrainLoss=4.7717 ValLoss=78.4133 ValTop1=0.10% ValTop5=0.53% (BestTop1=0.24%)
[2026-01-02 19:56:09] [Train][E008][upd 0040662] lr=0.000997383 loss=4.6697 top1=44.34 top5=69.09 imgs/s=569.7
[2026-01-02 19:59:53] [Train][E008][upd 0041164] lr=0.000997212 loss=4.6810 top1=44.07 top5=68.95 imgs/s=570.8
[2026-01-02 20:03:39] [Train][E008][upd 0041666] lr=0.000997035 loss=4.6718 top1=44.24 top5=69.08 imgs/s=570.2
[2026-01-02 20:07:24] [Train][E008][upd 0042168] lr=0.000996852 loss=4.6700 top1=44.28 top5=69.14 imgs/s=570.3
[2026-01-02 20:11:11] [Train][E008][upd 0042670] lr=0.000996664 loss=4.6705 top1=44.26 top5=69.13 imgs/s=569.8
[2026-01-02 20:14:58] [Train][E008][upd 0043172] lr=0.000996471 loss=4.6673 top1=44.33 top5=69.18 imgs/s=569.0
[2026-01-02 20:18:44] [Train][E008][upd 0043674] lr=0.000996273 loss=4.6639 top1=44.37 top5=69.22 imgs/s=569.0
[2026-01-02 20:22:29] [Train][E008][upd 0044176] lr=0.000996069 loss=4.6639 top1=44.36 top5=69.22 imgs/s=569.3
[2026-01-02 20:26:15] [Train][E008][upd 0044678] lr=0.000995859 loss=4.6612 top1=44.39 top5=69.26 imgs/s=569.3
[2026-01-02 20:29:51] [Train][E008][upd 0045180] lr=0.000995644 loss=4.6571 top1=44.47 top5=69.31 imgs/s=571.6
[2026-01-02 20:30:49] [Epoch 008] TrainLoss=4.6570 ValLoss=105.4520 ValTop1=0.10% ValTop5=0.51% (BestTop1=0.24%)
[2026-01-02 20:34:28] [Train][E009][upd 0045682] lr=0.000995424 loss=4.5786 top1=45.66 top5=70.47 imgs/s=566.5
[2026-01-02 20:38:12] [Train][E009][upd 0046184] lr=0.000995198 loss=4.5809 top1=45.60 top5=70.48 imgs/s=570.3
[2026-01-02 20:41:57] [Train][E009][upd 0046686] lr=0.000994967 loss=4.5843 top1=45.56 top5=70.44 imgs/s=570.4
[2026-01-02 20:45:43] [Train][E009][upd 0047188] lr=0.000994731 loss=4.5827 top1=45.58 top5=70.44 imgs/s=570.0
[2026-01-02 20:49:29] [Train][E009][upd 0047690] lr=0.000994489 loss=4.5810 top1=45.63 top5=70.44 imgs/s=569.8
[2026-01-02 20:53:15] [Train][E009][upd 0048192] lr=0.000994241 loss=4.5794 top1=45.67 top5=70.46 imgs/s=569.7
[2026-01-02 20:57:00] [Train][E009][upd 0048694] lr=0.000993989 loss=4.5769 top1=45.69 top5=70.47 imgs/s=569.9
[2026-01-02 21:00:46] [Train][E009][upd 0049196] lr=0.000993731 loss=4.5749 top1=45.72 top5=70.51 imgs/s=569.8
[2026-01-02 21:04:31] [Train][E009][upd 0049698] lr=0.000993467 loss=4.5748 top1=45.71 top5=70.50 imgs/s=569.9
[2026-01-02 21:08:04] [Train][E009][upd 0050200] lr=0.000993198 loss=4.5731 top1=45.75 top5=70.51 imgs/s=573.1
[2026-01-02 21:09:01] [Epoch 009] TrainLoss=4.5729 ValLoss=61.2563 ValTop1=0.11% ValTop5=0.53% (BestTop1=0.24%)
[2026-01-02 21:12:38] [Train][E010][upd 0050702] lr=0.000992924 loss=4.5134 top1=46.84 top5=71.37 imgs/s=570.5
[2026-01-02 21:16:21] [Train][E010][upd 0051204] lr=0.000992644 loss=4.5197 top1=46.68 top5=71.27 imgs/s=573.7
[2026-01-02 21:20:04] [Train][E010][upd 0051706] lr=0.000992359 loss=4.5172 top1=46.77 top5=71.28 imgs/s=573.9
[2026-01-02 21:23:49] [Train][E010][upd 0052208] lr=0.000992069 loss=4.5218 top1=46.69 top5=71.21 imgs/s=573.6
[2026-01-02 21:27:35] [Train][E010][upd 0052710] lr=0.000991773 loss=4.5219 top1=46.68 top5=71.20 imgs/s=572.4
[2026-01-02 21:31:22] [Train][E010][upd 0053212] lr=0.000991472 loss=4.5221 top1=46.66 top5=71.18 imgs/s=571.6
[2026-01-02 21:35:07] [Train][E010][upd 0053714] lr=0.000991166 loss=4.5200 top1=46.69 top5=71.20 imgs/s=571.4
[2026-01-02 21:38:55] [Train][E010][upd 0054216] lr=0.000990854 loss=4.5178 top1=46.73 top5=71.23 imgs/s=570.5
[2026-01-02 21:42:42] [Train][E010][upd 0054718] lr=0.000990537 loss=4.5176 top1=46.74 top5=71.24 imgs/s=570.0
[2026-01-02 21:46:16] [Train][E010][upd 0055220] lr=0.000990214 loss=4.5158 top1=46.76 top5=71.25 imgs/s=573.0
[2026-01-02 21:47:16] [Epoch 010] TrainLoss=4.5160 ValLoss=15.9857 ValTop1=0.12% ValTop5=0.56% (BestTop1=0.24%)
[2026-01-02 21:50:55] [Train][E011][upd 0055722] lr=0.000989886 loss=4.4611 top1=47.71 top5=71.92 imgs/s=562.1
[2026-01-02 21:54:42] [Train][E011][upd 0056224] lr=0.000989553 loss=4.4651 top1=47.53 top5=71.90 imgs/s=563.8
[2026-01-02 21:58:30] [Train][E011][upd 0056726] lr=0.000989214 loss=4.4631 top1=47.57 top5=71.91 imgs/s=564.3
[2026-01-02 22:02:16] [Train][E011][upd 0057228] lr=0.00098887 loss=4.4600 top1=47.61 top5=71.95 imgs/s=565.1
[2026-01-02 22:06:03] [Train][E011][upd 0057730] lr=0.000988521 loss=4.4615 top1=47.60 top5=71.94 imgs/s=565.6
[2026-01-02 22:09:49] [Train][E011][upd 0058232] lr=0.000988166 loss=4.4610 top1=47.60 top5=71.95 imgs/s=565.9
[2026-01-02 22:13:36] [Train][E011][upd 0058734] lr=0.000987806 loss=4.4618 top1=47.57 top5=71.96 imgs/s=565.9
[2026-01-02 22:17:24] [Train][E011][upd 0059236] lr=0.000987441 loss=4.4642 top1=47.55 top5=71.91 imgs/s=565.8
[2026-01-02 22:21:11] [Train][E011][upd 0059738] lr=0.000987071 loss=4.4625 top1=47.55 top5=71.95 imgs/s=565.6
[2026-01-02 22:24:42] [Train][E011][upd 0060240] lr=0.000986695 loss=4.4612 top1=47.59 top5=71.96 imgs/s=569.7
[2026-01-02 22:25:42] [Epoch 011] TrainLoss=4.4615 ValLoss=8.8029 ValTop1=0.10% ValTop5=0.52% (BestTop1=0.24%)
[2026-01-02 22:29:21] [Train][E012][upd 0060742] lr=0.000986314 loss=4.4194 top1=48.29 top5=72.49 imgs/s=561.8
[2026-01-02 22:33:09] [Train][E012][upd 0061244] lr=0.000985927 loss=4.4219 top1=48.31 top5=72.50 imgs/s=562.8
[2026-01-02 22:36:56] [Train][E012][upd 0061746] lr=0.000985535 loss=4.4210 top1=48.33 top5=72.49 imgs/s=563.2
[2026-01-02 22:40:44] [Train][E012][upd 0062248] lr=0.000985138 loss=4.4233 top1=48.28 top5=72.44 imgs/s=563.3
[2026-01-02 22:44:31] [Train][E012][upd 0062750] lr=0.000984736 loss=4.4228 top1=48.26 top5=72.44 imgs/s=564.0
[2026-01-02 22:48:16] [Train][E012][upd 0063252] lr=0.000984328 loss=4.4218 top1=48.27 top5=72.46 imgs/s=565.4
[2026-01-02 22:52:00] [Train][E012][upd 0063754] lr=0.000983915 loss=4.4223 top1=48.26 top5=72.44 imgs/s=566.3
[2026-01-02 22:55:47] [Train][E012][upd 0064256] lr=0.000983497 loss=4.4213 top1=48.29 top5=72.45 imgs/s=566.6
[2026-01-02 22:59:32] [Train][E012][upd 0064758] lr=0.000983073 loss=4.4210 top1=48.29 top5=72.45 imgs/s=566.9
[2026-01-02 23:02:59] [Train][E012][upd 0065260] lr=0.000982644 loss=4.4199 top1=48.29 top5=72.49 imgs/s=572.1
[2026-01-02 23:03:57] [Epoch 012] TrainLoss=4.4201 ValLoss=7.3926 ValTop1=0.10% ValTop5=0.58% (BestTop1=0.24%)
[2026-01-02 23:07:33] [Train][E013][upd 0065762] lr=0.00098221 loss=4.3533 top1=49.29 top5=73.31 imgs/s=566.2
[2026-01-02 23:11:17] [Train][E013][upd 0066264] lr=0.000981771 loss=4.3689 top1=49.08 top5=73.19 imgs/s=569.6
[2026-01-02 23:15:00] [Train][E013][upd 0066766] lr=0.000981326 loss=4.3764 top1=48.96 top5=73.10 imgs/s=571.8
[2026-01-02 23:18:44] [Train][E013][upd 0067268] lr=0.000980876 loss=4.3759 top1=48.95 top5=73.11 imgs/s=572.3
[2026-01-02 23:22:29] [Train][E013][upd 0067770] lr=0.000980421 loss=4.3765 top1=48.94 top5=73.11 imgs/s=572.1
[2026-01-02 23:26:14] [Train][E013][upd 0068272] lr=0.000979961 loss=4.3757 top1=48.94 top5=73.11 imgs/s=572.1
[2026-01-02 23:29:59] [Train][E013][upd 0068774] lr=0.000979495 loss=4.3770 top1=48.95 top5=73.11 imgs/s=572.1
[2026-01-02 23:33:42] [Train][E013][upd 0069276] lr=0.000979024 loss=4.3778 top1=48.95 top5=73.09 imgs/s=572.5
[2026-01-02 23:37:25] [Train][E013][upd 0069778] lr=0.000978548 loss=4.3794 top1=48.94 top5=73.05 imgs/s=572.8
[2026-01-02 23:40:49] [Train][E013][upd 0070280] lr=0.000978067 loss=4.3796 top1=48.94 top5=73.05 imgs/s=578.1
[2026-01-02 23:41:49] [Epoch 013] TrainLoss=4.3795 ValLoss=7.4487 ValTop1=0.44% ValTop5=1.61% (BestTop1=0.44%)
[2026-01-02 23:45:25] [Train][E014][upd 0070782] lr=0.00097758 loss=4.3340 top1=49.47 top5=73.73 imgs/s=565.3
[2026-01-02 23:49:10] [Train][E014][upd 0071284] lr=0.000977089 loss=4.3350 top1=49.59 top5=73.73 imgs/s=569.1
[2026-01-02 23:52:54] [Train][E014][upd 0071786] lr=0.000976592 loss=4.3382 top1=49.56 top5=73.65 imgs/s=570.6
[2026-01-02 23:56:38] [Train][E014][upd 0072288] lr=0.00097609 loss=4.3389 top1=49.56 top5=73.68 imgs/s=571.0
[2026-01-03 00:00:23] [Train][E014][upd 0072790] lr=0.000975582 loss=4.3408 top1=49.55 top5=73.63 imgs/s=571.3
[2026-01-03 00:04:06] [Train][E014][upd 0073292] lr=0.00097507 loss=4.3414 top1=49.53 top5=73.62 imgs/s=572.2
[2026-01-03 00:07:50] [Train][E014][upd 0073794] lr=0.000974552 loss=4.3443 top1=49.47 top5=73.56 imgs/s=572.4
[2026-01-03 00:11:34] [Train][E014][upd 0074296] lr=0.000974029 loss=4.3447 top1=49.46 top5=73.55 imgs/s=572.4
[2026-01-03 00:15:19] [Train][E014][upd 0074798] lr=0.000973501 loss=4.3449 top1=49.47 top5=73.54 imgs/s=572.4
[2026-01-03 00:18:41] [Train][E014][upd 0075300] lr=0.000972968 loss=4.3452 top1=49.47 top5=73.53 imgs/s=578.1
[2026-01-03 00:19:44] [Epoch 014] TrainLoss=4.3452 ValLoss=6.6975 ValTop1=2.95% ValTop5=8.24% (BestTop1=2.95%)
[2026-01-03 00:23:18] [Train][E015][upd 0075802] lr=0.000972429 loss=4.2824 top1=50.56 top5=74.36 imgs/s=567.4
[2026-01-03 00:27:04] [Train][E015][upd 0076304] lr=0.000971886 loss=4.2993 top1=50.22 top5=74.10 imgs/s=568.8
[2026-01-03 00:30:49] [Train][E015][upd 0076806] lr=0.000971337 loss=4.3044 top1=50.18 top5=74.01 imgs/s=569.4
[2026-01-03 00:34:34] [Train][E015][upd 0077308] lr=0.000970783 loss=4.3128 top1=50.08 top5=73.91 imgs/s=570.1
[2026-01-03 00:38:19] [Train][E015][upd 0077810] lr=0.000970224 loss=4.3133 top1=50.07 top5=73.90 imgs/s=570.3
[2026-01-03 00:42:03] [Train][E015][upd 0078312] lr=0.00096966 loss=4.3142 top1=50.07 top5=73.90 imgs/s=570.6
[2026-01-03 00:45:48] [Train][E015][upd 0078814] lr=0.000969091 loss=4.3145 top1=50.08 top5=73.89 imgs/s=570.8
[2026-01-03 00:49:33] [Train][E015][upd 0079316] lr=0.000968516 loss=4.3140 top1=50.07 top5=73.89 imgs/s=570.8
[2026-01-03 00:53:18] [Train][E015][upd 0079818] lr=0.000967937 loss=4.3146 top1=50.04 top5=73.89 imgs/s=570.9
[2026-01-03 00:56:42] [Train][E015][upd 0080320] lr=0.000967352 loss=4.3139 top1=50.05 top5=73.90 imgs/s=576.4
[2026-01-03 00:57:46] [Epoch 015] TrainLoss=4.3139 ValLoss=5.5717 ValTop1=15.17% ValTop5=31.62% (BestTop1=15.17%)
[2026-01-03 01:01:20] [Train][E016][upd 0080822] lr=0.000966763 loss=4.2871 top1=50.40 top5=74.19 imgs/s=566.5
[2026-01-03 01:05:05] [Train][E016][upd 0081324] lr=0.000966168 loss=4.2810 top1=50.48 top5=74.33 imgs/s=569.7
[2026-01-03 01:08:51] [Train][E016][upd 0081826] lr=0.000965568 loss=4.2821 top1=50.49 top5=74.31 imgs/s=569.1
[2026-01-03 01:12:36] [Train][E016][upd 0082328] lr=0.000964963 loss=4.2803 top1=50.55 top5=74.33 imgs/s=569.5
[2026-01-03 01:16:20] [Train][E016][upd 0082830] lr=0.000964353 loss=4.2831 top1=50.51 top5=74.28 imgs/s=570.3
[2026-01-03 01:20:04] [Train][E016][upd 0083332] lr=0.000963738 loss=4.2831 top1=50.51 top5=74.28 imgs/s=570.7
[2026-01-03 01:23:49] [Train][E016][upd 0083834] lr=0.000963118 loss=4.2858 top1=50.47 top5=74.26 imgs/s=571.1
[2026-01-03 01:27:33] [Train][E016][upd 0084336] lr=0.000962493 loss=4.2899 top1=50.39 top5=74.19 imgs/s=571.3
[2026-01-03 01:31:18] [Train][E016][upd 0084838] lr=0.000961862 loss=4.2901 top1=50.39 top5=74.19 imgs/s=571.3
[2026-01-03 01:34:41] [Train][E016][upd 0085340] lr=0.000961227 loss=4.2903 top1=50.39 top5=74.19 imgs/s=576.9
[2026-01-03 01:35:46] [Epoch 016] TrainLoss=4.2902 ValLoss=4.4515 ValTop1=29.20% ValTop5=52.36% (BestTop1=29.20%)
[2026-01-03 01:39:22] [Train][E017][upd 0085842] lr=0.000960587 loss=4.2320 top1=51.32 top5=74.99 imgs/s=559.7
[2026-01-03 01:43:09] [Train][E017][upd 0086344] lr=0.000959941 loss=4.2464 top1=51.13 top5=74.78 imgs/s=563.0
[2026-01-03 01:46:56] [Train][E017][upd 0086846] lr=0.000959291 loss=4.2501 top1=51.02 top5=74.68 imgs/s=564.1
[2026-01-03 01:50:43] [Train][E017][upd 0087348] lr=0.000958635 loss=4.2553 top1=50.95 top5=74.64 imgs/s=564.7
[2026-01-03 01:54:30] [Train][E017][upd 0087850] lr=0.000957975 loss=4.2592 top1=50.90 top5=74.58 imgs/s=565.0
[2026-01-03 01:58:18] [Train][E017][upd 0088352] lr=0.00095731 loss=4.2624 top1=50.87 top5=74.54 imgs/s=564.9
[2026-01-03 02:02:05] [Train][E017][upd 0088854] lr=0.000956639 loss=4.2624 top1=50.86 top5=74.55 imgs/s=564.9
[2026-01-03 02:05:52] [Train][E017][upd 0089356] lr=0.000955964 loss=4.2638 top1=50.87 top5=74.53 imgs/s=565.0
[2026-01-03 02:09:39] [Train][E017][upd 0089858] lr=0.000955283 loss=4.2651 top1=50.83 top5=74.53 imgs/s=565.3
[2026-01-03 02:13:02] [Train][E017][upd 0090360] lr=0.000954598 loss=4.2666 top1=50.80 top5=74.50 imgs/s=571.3
[2026-01-03 02:14:08] [Epoch 017] TrainLoss=4.2667 ValLoss=3.8114 ValTop1=39.74% ValTop5=64.91% (BestTop1=39.74%)
[2026-01-03 02:17:43] [Train][E018][upd 0090862] lr=0.000953908 loss=4.2173 top1=51.63 top5=75.19 imgs/s=558.9
[2026-01-03 02:21:31] [Train][E018][upd 0091364] lr=0.000953213 loss=4.2228 top1=51.48 top5=75.14 imgs/s=562.5
[2026-01-03 02:25:19] [Train][E018][upd 0091866] lr=0.000952512 loss=4.2237 top1=51.52 top5=75.14 imgs/s=562.7
[2026-01-03 02:29:07] [Train][E018][upd 0092368] lr=0.000951807 loss=4.2260 top1=51.47 top5=75.11 imgs/s=563.0
[2026-01-03 02:32:54] [Train][E018][upd 0092870] lr=0.000951097 loss=4.2297 top1=51.40 top5=75.04 imgs/s=563.6
[2026-01-03 02:36:41] [Train][E018][upd 0093372] lr=0.000950382 loss=4.2315 top1=51.40 top5=75.00 imgs/s=564.0
[2026-01-03 02:40:29] [Train][E018][upd 0093874] lr=0.000949662 loss=4.2359 top1=51.33 top5=74.94 imgs/s=564.0
[2026-01-03 02:44:16] [Train][E018][upd 0094376] lr=0.000948937 loss=4.2369 top1=51.31 top5=74.91 imgs/s=564.0
[2026-01-03 02:48:04] [Train][E018][upd 0094878] lr=0.000948208 loss=4.2379 top1=51.29 top5=74.90 imgs/s=564.0
[2026-01-03 02:51:28] [Train][E018][upd 0095380] lr=0.000947473 loss=4.2385 top1=51.30 top5=74.90 imgs/s=570.1
[2026-01-03 02:52:35] [Epoch 018] TrainLoss=4.2385 ValLoss=3.5331 ValTop1=44.51% ValTop5=69.50% (BestTop1=44.51%)
[2026-01-03 02:56:09] [Train][E019][upd 0095882] lr=0.000946734 loss=4.2187 top1=51.62 top5=75.10 imgs/s=560.7
[2026-01-03 02:59:57] [Train][E019][upd 0096384] lr=0.000945989 loss=4.2130 top1=51.70 top5=75.20 imgs/s=562.0
[2026-01-03 03:03:45] [Train][E019][upd 0096886] lr=0.00094524 loss=4.2142 top1=51.62 top5=75.16 imgs/s=562.6
[2026-01-03 03:07:33] [Train][E019][upd 0097388] lr=0.000944486 loss=4.2138 top1=51.65 top5=75.18 imgs/s=562.7
[2026-01-03 03:11:20] [Train][E019][upd 0097890] lr=0.000943727 loss=4.2134 top1=51.62 top5=75.20 imgs/s=563.7
[2026-01-03 03:15:05] [Train][E019][upd 0098392] lr=0.000942963 loss=4.2154 top1=51.60 top5=75.17 imgs/s=564.8
[2026-01-03 03:18:53] [Train][E019][upd 0098894] lr=0.000942195 loss=4.2158 top1=51.63 top5=75.17 imgs/s=564.7
[2026-01-03 03:22:40] [Train][E019][upd 0099396] lr=0.000941421 loss=4.2164 top1=51.61 top5=75.17 imgs/s=564.9
[2026-01-03 03:26:27] [Train][E019][upd 0099898] lr=0.000940643 loss=4.2181 top1=51.58 top5=75.14 imgs/s=565.1
[2026-01-03 03:29:49] [Train][E019][upd 0100400] lr=0.00093986 loss=4.2192 top1=51.58 top5=75.12 imgs/s=571.3
[2026-01-03 03:30:57] [Epoch 019] TrainLoss=4.2190 ValLoss=3.3571 ValTop1=47.52% ValTop5=71.99% (BestTop1=47.52%)
[2026-01-03 03:34:29] [Train][E020][upd 0100902] lr=0.000939072 loss=4.1596 top1=52.57 top5=75.89 imgs/s=563.2
[2026-01-03 03:38:16] [Train][E020][upd 0101404] lr=0.000938279 loss=4.1755 top1=52.31 top5=75.74 imgs/s=565.1
[2026-01-03 03:42:03] [Train][E020][upd 0101906] lr=0.000937482 loss=4.1840 top1=52.16 top5=75.57 imgs/s=564.6
[2026-01-03 03:45:51] [Train][E020][upd 0102408] lr=0.000936679 loss=4.1892 top1=52.12 top5=75.51 imgs/s=564.4
[2026-01-03 03:49:39] [Train][E020][upd 0102910] lr=0.000935873 loss=4.1906 top1=52.08 top5=75.48 imgs/s=564.7
[2026-01-03 03:53:26] [Train][E020][upd 0103412] lr=0.000935061 loss=4.1959 top1=52.00 top5=75.41 imgs/s=564.7
[2026-01-03 03:57:14] [Train][E020][upd 0103914] lr=0.000934244 loss=4.1976 top1=51.97 top5=75.38 imgs/s=564.7
[2026-01-03 04:01:02] [Train][E020][upd 0104416] lr=0.000933423 loss=4.2008 top1=51.92 top5=75.34 imgs/s=564.6
[2026-01-03 04:04:50] [Train][E020][upd 0104918] lr=0.000932597 loss=4.2020 top1=51.90 top5=75.33 imgs/s=564.4
[2026-01-03 04:08:13] [Train][E020][upd 0105420] lr=0.000931766 loss=4.2044 top1=51.87 top5=75.31 imgs/s=570.5
[2026-01-03 04:09:22] [Epoch 020] TrainLoss=4.2049 ValLoss=3.4731 ValTop1=42.93% ValTop5=67.07% (BestTop1=47.52%)
[2026-01-03 04:12:55] [Train][E021][upd 0105922] lr=0.000930931 loss=4.1464 top1=52.73 top5=76.00 imgs/s=557.0
[2026-01-03 04:16:41] [Train][E021][upd 0106424] lr=0.000930091 loss=4.1583 top1=52.56 top5=75.94 imgs/s=562.3
[2026-01-03 04:20:30] [Train][E021][upd 0106926] lr=0.000929246 loss=4.1588 top1=52.51 top5=75.91 imgs/s=562.1
[2026-01-03 04:24:19] [Train][E021][upd 0107428] lr=0.000928397 loss=4.1635 top1=52.47 top5=75.84 imgs/s=562.0
[2026-01-03 04:28:07] [Train][E021][upd 0107930] lr=0.000927542 loss=4.1708 top1=52.35 top5=75.72 imgs/s=562.3
[2026-01-03 04:31:55] [Train][E021][upd 0108432] lr=0.000926684 loss=4.1704 top1=52.34 top5=75.74 imgs/s=562.6
[2026-01-03 04:35:42] [Train][E021][upd 0108934] lr=0.00092582 loss=4.1727 top1=52.32 top5=75.70 imgs/s=562.8
[2026-01-03 04:39:29] [Train][E021][upd 0109436] lr=0.000924952 loss=4.1745 top1=52.29 top5=75.67 imgs/s=563.3
[2026-01-03 04:43:16] [Train][E021][upd 0109938] lr=0.000924079 loss=4.1772 top1=52.25 top5=75.64 imgs/s=563.7
[2026-01-03 04:46:39] [Train][E021][upd 0110440] lr=0.000923202 loss=4.1781 top1=52.24 top5=75.63 imgs/s=570.0
[2026-01-03 04:47:50] [Epoch 021] TrainLoss=4.1784 ValLoss=2.5785 ValTop1=59.42% ValTop5=82.50% (BestTop1=59.42%)
[2026-01-03 04:51:18] [Train][E022][upd 0110942] lr=0.00092232 loss=4.1410 top1=52.76 top5=76.04 imgs/s=568.6
[2026-01-03 04:55:02] [Train][E022][upd 0111444] lr=0.000921433 loss=4.1501 top1=52.69 top5=75.98 imgs/s=570.9
[2026-01-03 04:58:48] [Train][E022][upd 0111946] lr=0.000920542 loss=4.1531 top1=52.65 top5=75.97 imgs/s=570.3
[2026-01-03 05:02:34] [Train][E022][upd 0112448] lr=0.000919646 loss=4.1538 top1=52.58 top5=75.94 imgs/s=569.6
[2026-01-03 05:06:21] [Train][E022][upd 0112950] lr=0.000918746 loss=4.1572 top1=52.56 top5=75.90 imgs/s=568.9
[2026-01-03 05:10:05] [Train][E022][upd 0113452] lr=0.000917841 loss=4.1582 top1=52.57 top5=75.88 imgs/s=569.7
[2026-01-03 05:13:50] [Train][E022][upd 0113954] lr=0.000916931 loss=4.1604 top1=52.52 top5=75.85 imgs/s=569.8
[2026-01-03 05:17:36] [Train][E022][upd 0114456] lr=0.000916017 loss=4.1614 top1=52.51 top5=75.84 imgs/s=570.0
[2026-01-03 05:21:20] [Train][E022][upd 0114958] lr=0.000915098 loss=4.1614 top1=52.50 top5=75.82 imgs/s=570.1
[2026-01-03 05:24:42] [Train][E022][upd 0115460] lr=0.000914175 loss=4.1629 top1=52.48 top5=75.81 imgs/s=576.3
[2026-01-03 05:25:53] [Epoch 022] TrainLoss=4.1628 ValLoss=2.8994 ValTop1=52.29% ValTop5=76.68% (BestTop1=59.42%)
[2026-01-03 05:29:20] [Train][E023][upd 0115962] lr=0.000913248 loss=4.1104 top1=53.43 top5=76.50 imgs/s=566.1
[2026-01-03 05:33:06] [Train][E023][upd 0116464] lr=0.000912315 loss=4.1300 top1=53.08 top5=76.20 imgs/s=567.7
[2026-01-03 05:36:51] [Train][E023][upd 0116966] lr=0.000911379 loss=4.1299 top1=53.08 top5=76.20 imgs/s=569.1
[2026-01-03 05:40:35] [Train][E023][upd 0117468] lr=0.000910438 loss=4.1307 top1=53.08 top5=76.19 imgs/s=570.0
[2026-01-03 05:44:19] [Train][E023][upd 0117970] lr=0.000909492 loss=4.1324 top1=53.04 top5=76.21 imgs/s=571.0
[2026-01-03 05:48:04] [Train][E023][upd 0118472] lr=0.000908542 loss=4.1346 top1=53.00 top5=76.18 imgs/s=571.1
[2026-01-03 05:51:48] [Train][E023][upd 0118974] lr=0.000907587 loss=4.1349 top1=52.99 top5=76.17 imgs/s=571.3
[2026-01-03 05:55:33] [Train][E023][upd 0119476] lr=0.000906628 loss=4.1383 top1=52.94 top5=76.13 imgs/s=571.5
[2026-01-03 05:59:17] [Train][E023][upd 0119978] lr=0.000905665 loss=4.1393 top1=52.92 top5=76.12 imgs/s=571.7
[2026-01-03 06:02:39] [Train][E023][upd 0120480] lr=0.000904697 loss=4.1420 top1=52.85 top5=76.08 imgs/s=577.6
[2026-01-03 06:03:51] [Epoch 023] TrainLoss=4.1420 ValLoss=2.9719 ValTop1=51.13% ValTop5=75.38% (BestTop1=59.42%)
[2026-01-03 06:07:18] [Train][E024][upd 0120982] lr=0.000903724 loss=4.0951 top1=53.47 top5=76.77 imgs/s=563.6
[2026-01-03 06:11:04] [Train][E024][upd 0121484] lr=0.000902748 loss=4.1071 top1=53.42 top5=76.57 imgs/s=566.5
[2026-01-03 06:14:50] [Train][E024][upd 0121986] lr=0.000901767 loss=4.1144 top1=53.26 top5=76.48 imgs/s=567.1
[2026-01-03 06:18:37] [Train][E024][upd 0122488] lr=0.000900781 loss=4.1155 top1=53.23 top5=76.43 imgs/s=567.4
[2026-01-03 06:22:22] [Train][E024][upd 0122990] lr=0.000899791 loss=4.1187 top1=53.18 top5=76.40 imgs/s=568.1
[2026-01-03 06:26:06] [Train][E024][upd 0123492] lr=0.000898797 loss=4.1198 top1=53.18 top5=76.37 imgs/s=569.1
[2026-01-03 06:29:51] [Train][E024][upd 0123994] lr=0.000897798 loss=4.1200 top1=53.17 top5=76.37 imgs/s=569.2
[2026-01-03 06:33:35] [Train][E024][upd 0124496] lr=0.000896796 loss=4.1220 top1=53.14 top5=76.35 imgs/s=569.8
[2026-01-03 06:37:19] [Train][E024][upd 0124998] lr=0.000895788 loss=4.1232 top1=53.13 top5=76.32 imgs/s=570.2
[2026-01-03 06:40:43] [Train][E024][upd 0125500] lr=0.000894777 loss=4.1242 top1=53.13 top5=76.31 imgs/s=575.9
[2026-01-03 06:41:55] [Epoch 024] TrainLoss=4.1243 ValLoss=2.8129 ValTop1=54.16% ValTop5=78.09% (BestTop1=59.42%)
[2026-01-03 06:45:20] [Train][E025][upd 0126002] lr=0.000893761 loss=4.0871 top1=53.77 top5=76.77 imgs/s=567.3
[2026-01-03 06:49:04] [Train][E025][upd 0126504] lr=0.000892741 loss=4.0855 top1=53.80 top5=76.81 imgs/s=570.6
[2026-01-03 06:52:49] [Train][E025][upd 0127006] lr=0.000891716 loss=4.0886 top1=53.73 top5=76.81 imgs/s=570.6
[2026-01-03 06:56:34] [Train][E025][upd 0127508] lr=0.000890687 loss=4.0895 top1=53.73 top5=76.78 imgs/s=570.9
[2026-01-03 07:00:18] [Train][E025][upd 0128010] lr=0.000889654 loss=4.0928 top1=53.68 top5=76.74 imgs/s=571.2
[2026-01-03 07:04:04] [Train][E025][upd 0128512] lr=0.000888617 loss=4.0952 top1=53.63 top5=76.72 imgs/s=570.9
[2026-01-03 07:07:48] [Train][E025][upd 0129014] lr=0.000887576 loss=4.1000 top1=53.55 top5=76.65 imgs/s=571.1
[2026-01-03 07:11:32] [Train][E025][upd 0129516] lr=0.00088653 loss=4.1029 top1=53.50 top5=76.60 imgs/s=571.5
[2026-01-03 07:15:17] [Train][E025][upd 0130018] lr=0.00088548 loss=4.1048 top1=53.47 top5=76.57 imgs/s=571.5
[2026-01-03 07:18:38] [Train][E025][upd 0130520] lr=0.000884426 loss=4.1077 top1=53.42 top5=76.54 imgs/s=577.6
[2026-01-03 07:19:54] [Epoch 025] TrainLoss=4.1081 ValLoss=3.0956 ValTop1=48.69% ValTop5=73.40% (BestTop1=59.42%)
[2026-01-03 07:23:18] [Train][E026][upd 0131022] lr=0.000883367 loss=4.0721 top1=54.14 top5=77.01 imgs/s=566.6
[2026-01-03 07:27:02] [Train][E026][upd 0131524] lr=0.000882305 loss=4.0761 top1=54.01 top5=76.92 imgs/s=569.9
[2026-01-03 07:30:46] [Train][E026][upd 0132026] lr=0.000881238 loss=4.0783 top1=53.96 top5=76.89 imgs/s=571.2
[2026-01-03 07:34:31] [Train][E026][upd 0132528] lr=0.000880167 loss=4.0809 top1=53.89 top5=76.91 imgs/s=571.5
[2026-01-03 07:38:14] [Train][E026][upd 0133030] lr=0.000879092 loss=4.0823 top1=53.88 top5=76.88 imgs/s=572.4
[2026-01-03 07:41:59] [Train][E026][upd 0133532] lr=0.000878013 loss=4.0851 top1=53.81 top5=76.84 imgs/s=572.1
[2026-01-03 07:45:44] [Train][E026][upd 0134034] lr=0.00087693 loss=4.0852 top1=53.82 top5=76.83 imgs/s=572.1
[2026-01-03 07:49:28] [Train][E026][upd 0134536] lr=0.000875842 loss=4.0874 top1=53.77 top5=76.80 imgs/s=572.1
[2026-01-03 07:53:13] [Train][E026][upd 0135038] lr=0.000874751 loss=4.0883 top1=53.76 top5=76.78 imgs/s=571.9
[2026-01-03 07:56:37] [Train][E026][upd 0135540] lr=0.000873655 loss=4.0906 top1=53.72 top5=76.75 imgs/s=577.4
[2026-01-03 07:57:51] [Epoch 026] TrainLoss=4.0906 ValLoss=2.5699 ValTop1=59.39% ValTop5=82.19% (BestTop1=59.42%)
[2026-01-03 08:01:14] [Train][E027][upd 0136042] lr=0.000872556 loss=4.0456 top1=54.50 top5=77.48 imgs/s=566.1
[2026-01-03 08:05:00] [Train][E027][upd 0136544] lr=0.000871452 loss=4.0565 top1=54.32 top5=77.25 imgs/s=567.4
[2026-01-03 08:08:46] [Train][E027][upd 0137046] lr=0.000870344 loss=4.0596 top1=54.29 top5=77.14 imgs/s=567.8
[2026-01-03 08:12:30] [Train][E027][upd 0137548] lr=0.000869232 loss=4.0634 top1=54.22 top5=77.08 imgs/s=569.2
[2026-01-03 08:16:15] [Train][E027][upd 0138050] lr=0.000868117 loss=4.0676 top1=54.12 top5=77.01 imgs/s=569.9
[2026-01-03 08:20:00] [Train][E027][upd 0138552] lr=0.000866997 loss=4.0697 top1=54.07 top5=76.99 imgs/s=570.2
[2026-01-03 08:23:45] [Train][E027][upd 0139054] lr=0.000865873 loss=4.0721 top1=54.02 top5=76.95 imgs/s=570.2
[2026-01-03 08:27:30] [Train][E027][upd 0139556] lr=0.000864745 loss=4.0734 top1=53.99 top5=76.93 imgs/s=570.4
[2026-01-03 08:31:15] [Train][E027][upd 0140058] lr=0.000863613 loss=4.0740 top1=53.99 top5=76.93 imgs/s=570.3
[2026-01-03 08:34:38] [Train][E027][upd 0140560] lr=0.000862477 loss=4.0757 top1=53.97 top5=76.91 imgs/s=576.2
[2026-01-03 08:35:52] [Epoch 027] TrainLoss=4.0758 ValLoss=2.5498 ValTop1=59.98% ValTop5=83.05% (BestTop1=59.98%)
[2026-01-03 08:39:15] [Train][E028][upd 0141062] lr=0.000861338 loss=4.0264 top1=54.78 top5=77.54 imgs/s=568.2
[2026-01-03 08:42:59] [Train][E028][upd 0141564] lr=0.000860194 loss=4.0419 top1=54.49 top5=77.33 imgs/s=570.6
[2026-01-03 08:46:43] [Train][E028][upd 0142066] lr=0.000859046 loss=4.0449 top1=54.43 top5=77.32 imgs/s=572.4
[2026-01-03 08:50:28] [Train][E028][upd 0142568] lr=0.000857895 loss=4.0490 top1=54.37 top5=77.28 imgs/s=571.9
[2026-01-03 08:54:12] [Train][E028][upd 0143070] lr=0.000856739 loss=4.0546 top1=54.30 top5=77.21 imgs/s=572.3
[2026-01-03 08:57:55] [Train][E028][upd 0143572] lr=0.00085558 loss=4.0581 top1=54.25 top5=77.15 imgs/s=572.7
[2026-01-03 09:01:40] [Train][E028][upd 0144074] lr=0.000854417 loss=4.0587 top1=54.27 top5=77.16 imgs/s=572.6
[2026-01-03 09:05:25] [Train][E028][upd 0144576] lr=0.00085325 loss=4.0595 top1=54.25 top5=77.15 imgs/s=572.3
[2026-01-03 09:09:10] [Train][E028][upd 0145078] lr=0.000852079 loss=4.0614 top1=54.22 top5=77.11 imgs/s=572.3
[2026-01-03 09:12:31] [Train][E028][upd 0145580] lr=0.000850904 loss=4.0621 top1=54.21 top5=77.11 imgs/s=578.5
[2026-01-03 09:13:48] [Epoch 028] TrainLoss=4.0625 ValLoss=2.5722 ValTop1=59.87% ValTop5=82.18% (BestTop1=59.98%)
[2026-01-03 09:17:10] [Train][E029][upd 0146082] lr=0.000849725 loss=4.0080 top1=55.10 top5=77.77 imgs/s=565.0
[2026-01-03 09:20:56] [Train][E029][upd 0146584] lr=0.000848543 loss=4.0199 top1=54.87 top5=77.58 imgs/s=567.7
[2026-01-03 09:24:41] [Train][E029][upd 0147086] lr=0.000847356 loss=4.0261 top1=54.76 top5=77.52 imgs/s=568.8
[2026-01-03 09:28:25] [Train][E029][upd 0147588] lr=0.000846166 loss=4.0309 top1=54.69 top5=77.48 imgs/s=570.2
[2026-01-03 09:32:11] [Train][E029][upd 0148090] lr=0.000844973 loss=4.0369 top1=54.63 top5=77.39 imgs/s=569.5
[2026-01-03 09:35:59] [Train][E029][upd 0148592] lr=0.000843775 loss=4.0365 top1=54.64 top5=77.41 imgs/s=568.6
[2026-01-03 09:39:45] [Train][E029][upd 0149094] lr=0.000842574 loss=4.0386 top1=54.59 top5=77.38 imgs/s=568.5
[2026-01-03 09:43:31] [Train][E029][upd 0149596] lr=0.000841369 loss=4.0413 top1=54.55 top5=77.35 imgs/s=568.6
[2026-01-03 09:47:13] [Train][E029][upd 0150098] lr=0.00084016 loss=4.0433 top1=54.51 top5=77.32 imgs/s=569.7
[2026-01-03 09:50:35] [Train][E029][upd 0150600] lr=0.000838947 loss=4.0457 top1=54.48 top5=77.29 imgs/s=575.9
[2026-01-03 09:51:52] [Epoch 029] TrainLoss=4.0456 ValLoss=2.4340 ValTop1=61.99% ValTop5=84.73% (BestTop1=61.99%)
[2026-01-03 09:55:13] [Train][E030][upd 0151102] lr=0.000837731 loss=4.0115 top1=55.10 top5=77.69 imgs/s=568.4
[2026-01-03 09:58:59] [Train][E030][upd 0151604] lr=0.000836511 loss=4.0145 top1=55.02 top5=77.68 imgs/s=568.8
[2026-01-03 10:02:45] [Train][E030][upd 0152106] lr=0.000835288 loss=4.0192 top1=54.90 top5=77.62 imgs/s=568.5
[2026-01-03 10:06:31] [Train][E030][upd 0152608] lr=0.00083406 loss=4.0195 top1=54.90 top5=77.61 imgs/s=568.7
[2026-01-03 10:10:16] [Train][E030][upd 0153110] lr=0.00083283 loss=4.0194 top1=54.89 top5=77.63 imgs/s=569.1
[2026-01-03 10:14:01] [Train][E030][upd 0153612] lr=0.000831595 loss=4.0222 top1=54.85 top5=77.59 imgs/s=569.3
[2026-01-03 10:17:46] [Train][E030][upd 0154114] lr=0.000830357 loss=4.0267 top1=54.77 top5=77.52 imgs/s=569.7
[2026-01-03 10:21:32] [Train][E030][upd 0154616] lr=0.000829115 loss=4.0283 top1=54.75 top5=77.51 imgs/s=569.6
[2026-01-03 10:25:13] [Train][E030][upd 0155118] lr=0.00082787 loss=4.0293 top1=54.73 top5=77.49 imgs/s=571.0
[2026-01-03 10:28:40] [Train][E030][upd 0155620] lr=0.000826621 loss=4.0310 top1=54.69 top5=77.47 imgs/s=575.5
[2026-01-03 10:29:59] [Epoch 030] TrainLoss=4.0312 ValLoss=2.8180 ValTop1=55.45% ValTop5=78.91% (BestTop1=61.99%)
[2026-01-03 10:33:20] [Train][E031][upd 0156122] lr=0.000825369 loss=3.9727 top1=55.56 top5=78.14 imgs/s=562.9
[2026-01-03 10:37:06] [Train][E031][upd 0156624] lr=0.000824113 loss=3.9959 top1=55.26 top5=77.85 imgs/s=565.6
[2026-01-03 10:40:53] [Train][E031][upd 0157126] lr=0.000822853 loss=3.9972 top1=55.25 top5=77.82 imgs/s=566.5
[2026-01-03 10:44:39] [Train][E031][upd 0157628] lr=0.00082159 loss=4.0029 top1=55.13 top5=77.79 imgs/s=566.5
[2026-01-03 10:48:26] [Train][E031][upd 0158130] lr=0.000820323 loss=4.0071 top1=55.03 top5=77.73 imgs/s=566.5
[2026-01-03 10:52:11] [Train][E031][upd 0158632] lr=0.000819053 loss=4.0096 top1=54.98 top5=77.71 imgs/s=567.3
[2026-01-03 10:55:57] [Train][E031][upd 0159134] lr=0.00081778 loss=4.0119 top1=54.96 top5=77.67 imgs/s=567.6
[2026-01-03 10:59:40] [Train][E031][upd 0159636] lr=0.000816503 loss=4.0136 top1=54.93 top5=77.65 imgs/s=568.6
[2026-01-03 11:03:18] [Train][E031][upd 0160138] lr=0.000815222 loss=4.0157 top1=54.89 top5=77.63 imgs/s=570.9
[2026-01-03 11:06:48] [Train][E031][upd 0160640] lr=0.000813939 loss=4.0169 top1=54.88 top5=77.61 imgs/s=575.0
[2026-01-03 11:08:07] [Epoch 031] TrainLoss=4.0172 ValLoss=2.9338 ValTop1=52.87% ValTop5=76.98% (BestTop1=61.99%)
[2026-01-03 11:11:26] [Train][E032][upd 0161142] lr=0.000812651 loss=3.9692 top1=55.53 top5=78.29 imgs/s=566.9
[2026-01-03 11:15:11] [Train][E032][upd 0161644] lr=0.00081136 loss=3.9804 top1=55.47 top5=78.12 imgs/s=568.5
[2026-01-03 11:18:57] [Train][E032][upd 0162146] lr=0.000810066 loss=3.9876 top1=55.35 top5=78.06 imgs/s=569.3
[2026-01-03 11:22:40] [Train][E032][upd 0162648] lr=0.000808769 loss=3.9942 top1=55.27 top5=77.98 imgs/s=570.6
[2026-01-03 11:26:24] [Train][E032][upd 0163150] lr=0.000807468 loss=3.9960 top1=55.22 top5=77.94 imgs/s=571.5
[2026-01-03 11:30:09] [Train][E032][upd 0163652] lr=0.000806164 loss=3.9984 top1=55.18 top5=77.90 imgs/s=571.6
[2026-01-03 11:33:55] [Train][E032][upd 0164154] lr=0.000804856 loss=4.0006 top1=55.15 top5=77.86 imgs/s=570.9
[2026-01-03 11:37:41] [Train][E032][upd 0164656] lr=0.000803545 loss=4.0017 top1=55.13 top5=77.83 imgs/s=570.8
[2026-01-03 11:41:16] [Train][E032][upd 0165158] lr=0.000802231 loss=4.0024 top1=55.11 top5=77.83 imgs/s=573.7
[2026-01-03 11:44:45] [Train][E032][upd 0165660] lr=0.000800913 loss=4.0032 top1=55.12 top5=77.81 imgs/s=577.5
[2026-01-03 11:46:06] [Epoch 032] TrainLoss=4.0037 ValLoss=2.5673 ValTop1=59.41% ValTop5=82.73% (BestTop1=61.99%)
[2026-01-03 11:49:25] [Train][E033][upd 0166162] lr=0.000799593 loss=3.9605 top1=56.00 top5=78.35 imgs/s=563.9
[2026-01-03 11:53:10] [Train][E033][upd 0166664] lr=0.000798269 loss=3.9647 top1=55.81 top5=78.36 imgs/s=567.2
[2026-01-03 11:56:56] [Train][E033][upd 0167166] lr=0.000796941 loss=3.9716 top1=55.71 top5=78.21 imgs/s=568.3
[2026-01-03 12:00:42] [Train][E033][upd 0167668] lr=0.000795611 loss=3.9708 top1=55.73 top5=78.23 imgs/s=567.7
[2026-01-03 12:04:29] [Train][E033][upd 0168170] lr=0.000794277 loss=3.9760 top1=55.64 top5=78.13 imgs/s=567.6
[2026-01-03 12:08:15] [Train][E033][upd 0168672] lr=0.00079294 loss=3.9783 top1=55.61 top5=78.11 imgs/s=567.7
[2026-01-03 12:12:01] [Train][E033][upd 0169174] lr=0.0007916 loss=3.9828 top1=55.53 top5=78.05 imgs/s=567.8
[2026-01-03 12:15:48] [Train][E033][upd 0169676] lr=0.000790256 loss=3.9860 top1=55.48 top5=78.02 imgs/s=567.8
[2026-01-03 12:19:22] [Train][E033][upd 0170178] lr=0.00078891 loss=3.9875 top1=55.45 top5=78.00 imgs/s=571.3
[2026-01-03 12:22:57] [Train][E033][upd 0170680] lr=0.00078756 loss=3.9884 top1=55.44 top5=77.99 imgs/s=573.7
[2026-01-03 12:24:18] [Epoch 033] TrainLoss=3.9885 ValLoss=2.7603 ValTop1=56.06% ValTop5=79.91% (BestTop1=61.99%)
[2026-01-03 12:27:37] [Train][E034][upd 0171182] lr=0.000786207 loss=3.9471 top1=56.17 top5=78.54 imgs/s=562.0
[2026-01-03 12:31:24] [Train][E034][upd 0171684] lr=0.000784851 loss=3.9494 top1=55.98 top5=78.53 imgs/s=563.8
[2026-01-03 12:35:11] [Train][E034][upd 0172186] lr=0.000783492 loss=3.9561 top1=55.92 top5=78.41 imgs/s=565.1
[2026-01-03 12:38:57] [Train][E034][upd 0172688] lr=0.00078213 loss=3.9576 top1=55.91 top5=78.35 imgs/s=565.8
[2026-01-03 12:42:42] [Train][E034][upd 0173190] lr=0.000780765 loss=3.9619 top1=55.80 top5=78.29 imgs/s=567.1
[2026-01-03 12:46:25] [Train][E034][upd 0173692] lr=0.000779397 loss=3.9649 top1=55.76 top5=78.27 imgs/s=568.4
[2026-01-03 12:50:11] [Train][E034][upd 0174194] lr=0.000778025 loss=3.9676 top1=55.73 top5=78.22 imgs/s=568.6
[2026-01-03 12:53:58] [Train][E034][upd 0174696] lr=0.000776651 loss=3.9691 top1=55.70 top5=78.21 imgs/s=568.1
[2026-01-03 12:57:30] [Train][E034][upd 0175198] lr=0.000775274 loss=3.9708 top1=55.67 top5=78.18 imgs/s=572.3
[2026-01-03 13:01:09] [Train][E034][upd 0175700] lr=0.000773893 loss=3.9722 top1=55.66 top5=78.16 imgs/s=573.9
[2026-01-03 13:02:30] [Epoch 034] TrainLoss=3.9726 ValLoss=2.3785 ValTop1=63.57% ValTop5=85.83% (BestTop1=63.57%)
[2026-01-03 13:05:49] [Train][E035][upd 0176202] lr=0.00077251 loss=3.9264 top1=56.40 top5=78.75 imgs/s=562.1
[2026-01-03 13:09:34] [Train][E035][upd 0176704] lr=0.000771124 loss=3.9302 top1=56.27 top5=78.70 imgs/s=566.0
[2026-01-03 13:13:20] [Train][E035][upd 0177206] lr=0.000769734 loss=3.9412 top1=56.13 top5=78.54 imgs/s=567.1
[2026-01-03 13:17:05] [Train][E035][upd 0177708] lr=0.000768342 loss=3.9481 top1=56.07 top5=78.45 imgs/s=568.2
[2026-01-03 13:20:50] [Train][E035][upd 0178210] lr=0.000766947 loss=3.9517 top1=56.03 top5=78.39 imgs/s=569.0
[2026-01-03 13:24:33] [Train][E035][upd 0178712] lr=0.000765549 loss=3.9556 top1=55.94 top5=78.34 imgs/s=570.1
[2026-01-03 13:28:19] [Train][E035][upd 0179214] lr=0.000764148 loss=3.9566 top1=55.93 top5=78.34 imgs/s=569.9
[2026-01-03 13:32:04] [Train][E035][upd 0179716] lr=0.000762744 loss=3.9589 top1=55.90 top5=78.32 imgs/s=570.0
[2026-01-03 13:35:28] [Train][E035][upd 0180218] lr=0.000761337 loss=3.9604 top1=55.85 top5=78.31 imgs/s=576.1
[2026-01-03 13:39:07] [Train][E035][upd 0180720] lr=0.000759928 loss=3.9628 top1=55.83 top5=78.27 imgs/s=577.4
[2026-01-03 13:40:29] [Epoch 035] TrainLoss=3.9627 ValLoss=2.9057 ValTop1=53.44% ValTop5=76.41% (BestTop1=63.57%)
[2026-01-03 13:43:46] [Train][E036][upd 0181222] lr=0.000758515 loss=3.9141 top1=56.70 top5=78.91 imgs/s=562.6
[2026-01-03 13:47:32] [Train][E036][upd 0181724] lr=0.0007571 loss=3.9207 top1=56.57 top5=78.87 imgs/s=565.3
[2026-01-03 13:51:17] [Train][E036][upd 0182226] lr=0.000755682 loss=3.9291 top1=56.47 top5=78.74 imgs/s=567.0
[2026-01-03 13:55:01] [Train][E036][upd 0182728] lr=0.000754261 loss=3.9308 top1=56.39 top5=78.74 imgs/s=568.7
[2026-01-03 13:58:46] [Train][E036][upd 0183230] lr=0.000752838 loss=3.9353 top1=56.30 top5=78.68 imgs/s=569.4
[2026-01-03 14:02:30] [Train][E036][upd 0183732] lr=0.000751411 loss=3.9369 top1=56.28 top5=78.65 imgs/s=570.2
[2026-01-03 14:06:14] [Train][E036][upd 0184234] lr=0.000749982 loss=3.9398 top1=56.22 top5=78.61 imgs/s=570.6
[2026-01-03 14:10:00] [Train][E036][upd 0184736] lr=0.00074855 loss=3.9424 top1=56.17 top5=78.58 imgs/s=570.5
[2026-01-03 14:13:24] [Train][E036][upd 0185238] lr=0.000747116 loss=3.9449 top1=56.13 top5=78.55 imgs/s=576.6
[2026-01-03 14:17:04] [Train][E036][upd 0185740] lr=0.000745679 loss=3.9466 top1=56.11 top5=78.52 imgs/s=577.4
[2026-01-03 14:18:26] [Epoch 036] TrainLoss=3.9469 ValLoss=2.6410 ValTop1=59.46% ValTop5=82.23% (BestTop1=63.57%)
[2026-01-03 14:21:39] [Train][E037][upd 0186242] lr=0.000744239 loss=3.9030 top1=56.78 top5=79.03 imgs/s=570.4
[2026-01-03 14:25:25] [Train][E037][upd 0186744] lr=0.000742796 loss=3.9067 top1=56.73 top5=78.94 imgs/s=570.1
[2026-01-03 14:29:10] [Train][E037][upd 0187246] lr=0.000741351 loss=3.9146 top1=56.66 top5=78.83 imgs/s=570.7
[2026-01-03 14:32:53] [Train][E037][upd 0187748] lr=0.000739903 loss=3.9175 top1=56.56 top5=78.86 imgs/s=572.0
[2026-01-03 14:36:36] [Train][E037][upd 0188250] lr=0.000738453 loss=3.9228 top1=56.44 top5=78.79 imgs/s=572.9
[2026-01-03 14:40:19] [Train][E037][upd 0188752] lr=0.000737 loss=3.9276 top1=56.39 top5=78.74 imgs/s=573.4
[2026-01-03 14:44:03] [Train][E037][upd 0189254] lr=0.000735544 loss=3.9297 top1=56.34 top5=78.71 imgs/s=573.5
[2026-01-03 14:47:47] [Train][E037][upd 0189756] lr=0.000734086 loss=3.9315 top1=56.32 top5=78.69 imgs/s=573.4
[2026-01-03 14:51:07] [Train][E037][upd 0190258] lr=0.000732625 loss=3.9333 top1=56.32 top5=78.66 imgs/s=580.6
[2026-01-03 14:54:50] [Train][E037][upd 0190760] lr=0.000731162 loss=3.9341 top1=56.30 top5=78.64 imgs/s=580.1
[2026-01-03 14:56:14] [Epoch 037] TrainLoss=3.9342 ValLoss=2.7243 ValTop1=56.24% ValTop5=79.77% (BestTop1=63.57%)
[2026-01-03 14:59:30] [Train][E038][upd 0191262] lr=0.000729696 loss=3.8863 top1=57.10 top5=79.26 imgs/s=559.0
[2026-01-03 15:03:17] [Train][E038][upd 0191764] lr=0.000728228 loss=3.8985 top1=56.99 top5=79.08 imgs/s=562.0
[2026-01-03 15:07:04] [Train][E038][upd 0192266] lr=0.000726757 loss=3.9008 top1=56.96 top5=79.03 imgs/s=563.3
[2026-01-03 15:10:52] [Train][E038][upd 0192768] lr=0.000725283 loss=3.9039 top1=56.86 top5=78.97 imgs/s=563.5
[2026-01-03 15:14:39] [Train][E038][upd 0193270] lr=0.000723808 loss=3.9074 top1=56.79 top5=78.95 imgs/s=564.0
[2026-01-03 15:18:27] [Train][E038][upd 0193772] lr=0.000722329 loss=3.9094 top1=56.73 top5=78.93 imgs/s=564.2
[2026-01-03 15:22:13] [Train][E038][upd 0194274] lr=0.000720849 loss=3.9107 top1=56.70 top5=78.91 imgs/s=564.6
[2026-01-03 15:26:00] [Train][E038][upd 0194776] lr=0.000719366 loss=3.9126 top1=56.66 top5=78.88 imgs/s=565.0
[2026-01-03 15:29:23] [Train][E038][upd 0195278] lr=0.00071788 loss=3.9147 top1=56.62 top5=78.84 imgs/s=571.7
[2026-01-03 15:33:11] [Train][E038][upd 0195780] lr=0.000716393 loss=3.9158 top1=56.61 top5=78.82 imgs/s=571.1
[2026-01-03 15:34:36] [Epoch 038] TrainLoss=3.9163 ValLoss=3.0664 ValTop1=52.05% ValTop5=74.88% (BestTop1=63.57%)
[2026-01-03 15:37:50] [Train][E039][upd 0196282] lr=0.000714903 loss=3.8639 top1=57.59 top5=79.49 imgs/s=563.1
[2026-01-03 15:41:37] [Train][E039][upd 0196784] lr=0.00071341 loss=3.8789 top1=57.24 top5=79.31 imgs/s=563.5
[2026-01-03 15:45:25] [Train][E039][upd 0197286] lr=0.000711915 loss=3.8799 top1=57.16 top5=79.29 imgs/s=563.6
[2026-01-03 15:49:12] [Train][E039][upd 0197788] lr=0.000710418 loss=3.8869 top1=57.07 top5=79.22 imgs/s=564.2
[2026-01-03 15:52:58] [Train][E039][upd 0198290] lr=0.000708919 loss=3.8902 top1=57.01 top5=79.17 imgs/s=565.1
[2026-01-03 15:56:45] [Train][E039][upd 0198792] lr=0.000707417 loss=3.8929 top1=56.98 top5=79.14 imgs/s=565.6
[2026-01-03 16:00:31] [Train][E039][upd 0199294] lr=0.000705913 loss=3.8968 top1=56.91 top5=79.08 imgs/s=566.0
[2026-01-03 16:04:17] [Train][E039][upd 0199796] lr=0.000704407 loss=3.9020 top1=56.84 top5=79.00 imgs/s=566.4
[2026-01-03 16:07:39] [Train][E039][upd 0200298] lr=0.000702898 loss=3.9040 top1=56.80 top5=78.97 imgs/s=573.3
[2026-01-03 16:11:23] [Train][E039][upd 0200800] lr=0.000701388 loss=3.9054 top1=56.78 top5=78.95 imgs/s=573.4
[2026-01-03 16:12:48] [Epoch 039] TrainLoss=3.9053 ValLoss=2.4351 ValTop1=63.31% ValTop5=85.36% (BestTop1=63.57%)
[2026-01-03 16:15:59] [Train][E040][upd 0201302] lr=0.000699875 loss=3.8625 top1=57.47 top5=79.51 imgs/s=568.3
[2026-01-03 16:19:44] [Train][E040][upd 0201804] lr=0.00069836 loss=3.8707 top1=57.24 top5=79.46 imgs/s=569.4
[2026-01-03 16:23:30] [Train][E040][upd 0202306] lr=0.000696843 loss=3.8702 top1=57.28 top5=79.45 imgs/s=569.7
[2026-01-03 16:27:17] [Train][E040][upd 0202808] lr=0.000695323 loss=3.8742 top1=57.22 top5=79.37 imgs/s=568.4
[2026-01-03 16:31:05] [Train][E040][upd 0203310] lr=0.000693802 loss=3.8758 top1=57.21 top5=79.36 imgs/s=567.7
[2026-01-03 16:34:52] [Train][E040][upd 0203812] lr=0.000692278 loss=3.8785 top1=57.18 top5=79.32 imgs/s=567.5
[2026-01-03 16:38:36] [Train][E040][upd 0204314] lr=0.000690753 loss=3.8806 top1=57.15 top5=79.30 imgs/s=568.3
[2026-01-03 16:42:22] [Train][E040][upd 0204816] lr=0.000689225 loss=3.8848 top1=57.08 top5=79.24 imgs/s=568.3
[2026-01-03 16:45:44] [Train][E040][upd 0205318] lr=0.000687695 loss=3.8876 top1=57.05 top5=79.20 imgs/s=575.2
[2026-01-03 16:49:29] [Train][E040][upd 0205820] lr=0.000686163 loss=3.8896 top1=57.03 top5=79.17 imgs/s=574.8
[2026-01-03 16:50:55] [Epoch 040] TrainLoss=3.8894 ValLoss=2.8725 ValTop1=52.97% ValTop5=77.16% (BestTop1=63.57%)
[2026-01-03 16:54:06] [Train][E041][upd 0206322] lr=0.00068463 loss=3.8488 top1=57.73 top5=79.71 imgs/s=565.9
[2026-01-03 16:57:51] [Train][E041][upd 0206824] lr=0.000683094 loss=3.8587 top1=57.53 top5=79.57 imgs/s=568.8
[2026-01-03 17:01:36] [Train][E041][upd 0207326] lr=0.000681556 loss=3.8627 top1=57.49 top5=79.53 imgs/s=569.9
[2026-01-03 17:05:20] [Train][E041][upd 0207828] lr=0.000680016 loss=3.8631 top1=57.46 top5=79.51 imgs/s=571.2
[2026-01-03 17:09:04] [Train][E041][upd 0208330] lr=0.000678474 loss=3.8649 top1=57.46 top5=79.49 imgs/s=571.3
[2026-01-03 17:12:49] [Train][E041][upd 0208832] lr=0.00067693 loss=3.8683 top1=57.41 top5=79.44 imgs/s=571.6
[2026-01-03 17:16:34] [Train][E041][upd 0209334] lr=0.000675385 loss=3.8713 top1=57.35 top5=79.40 imgs/s=571.4
[2026-01-03 17:20:18] [Train][E041][upd 0209836] lr=0.000673837 loss=3.8721 top1=57.34 top5=79.38 imgs/s=571.8
[2026-01-03 17:23:39] [Train][E041][upd 0210338] lr=0.000672288 loss=3.8712 top1=57.36 top5=79.39 imgs/s=578.6
[2026-01-03 17:27:24] [Train][E041][upd 0210840] lr=0.000670736 loss=3.8727 top1=57.33 top5=79.37 imgs/s=577.9
[2026-01-03 17:28:51] [Epoch 041] TrainLoss=3.8729 ValLoss=2.5702 ValTop1=59.22% ValTop5=82.27% (BestTop1=63.57%)
[2026-01-03 17:32:01] [Train][E042][upd 0211342] lr=0.000669183 loss=3.8404 top1=57.91 top5=79.75 imgs/s=565.4
[2026-01-03 17:35:46] [Train][E042][upd 0211844] lr=0.000667628 loss=3.8432 top1=57.78 top5=79.76 imgs/s=568.6
[2026-01-03 17:39:33] [Train][E042][upd 0212346] lr=0.000666071 loss=3.8438 top1=57.80 top5=79.72 imgs/s=568.4
[2026-01-03 17:43:18] [Train][E042][upd 0212848] lr=0.000664512 loss=3.8466 top1=57.80 top5=79.67 imgs/s=568.7
[2026-01-03 17:47:03] [Train][E042][upd 0213350] lr=0.000662952 loss=3.8495 top1=57.77 top5=79.64 imgs/s=569.1
[2026-01-03 17:50:50] [Train][E042][upd 0213852] lr=0.00066139 loss=3.8532 top1=57.70 top5=79.59 imgs/s=568.6
[2026-01-03 17:54:36] [Train][E042][upd 0214354] lr=0.000659825 loss=3.8540 top1=57.67 top5=79.58 imgs/s=568.7
[2026-01-03 17:58:19] [Train][E042][upd 0214856] lr=0.00065826 loss=3.8552 top1=57.65 top5=79.57 imgs/s=569.7
[2026-01-03 18:01:41] [Train][E042][upd 0215358] lr=0.000656692 loss=3.8572 top1=57.62 top5=79.55 imgs/s=576.6
[2026-01-03 18:05:25] [Train][E042][upd 0215860] lr=0.000655123 loss=3.8585 top1=57.61 top5=79.52 imgs/s=576.3
[2026-01-03 18:06:54] [Epoch 042] TrainLoss=3.8592 ValLoss=2.8150 ValTop1=55.44% ValTop5=78.90% (BestTop1=63.57%)
[2026-01-03 18:10:03] [Train][E043][upd 0216362] lr=0.000653552 loss=3.8144 top1=58.37 top5=80.16 imgs/s=566.5
[2026-01-03 18:13:50] [Train][E043][upd 0216864] lr=0.00065198 loss=3.8177 top1=58.26 top5=80.07 imgs/s=565.9
[2026-01-03 18:17:36] [Train][E043][upd 0217366] lr=0.000650405 loss=3.8272 top1=58.09 top5=79.93 imgs/s=567.7
[2026-01-03 18:21:21] [Train][E043][upd 0217868] lr=0.000648829 loss=3.8323 top1=57.96 top5=79.88 imgs/s=568.5
[2026-01-03 18:25:06] [Train][E043][upd 0218370] lr=0.000647252 loss=3.8342 top1=57.91 top5=79.84 imgs/s=568.7
[2026-01-03 18:28:53] [Train][E043][upd 0218872] lr=0.000645673 loss=3.8365 top1=57.86 top5=79.81 imgs/s=568.5
[2026-01-03 18:32:38] [Train][E043][upd 0219374] lr=0.000644092 loss=3.8371 top1=57.87 top5=79.79 imgs/s=569.0
[2026-01-03 18:36:24] [Train][E043][upd 0219876] lr=0.00064251 loss=3.8388 top1=57.85 top5=79.78 imgs/s=568.9
[2026-01-03 18:39:44] [Train][E043][upd 0220378] lr=0.000640926 loss=3.8411 top1=57.82 top5=79.74 imgs/s=576.2
[2026-01-03 18:43:29] [Train][E043][upd 0220880] lr=0.000639341 loss=3.8442 top1=57.78 top5=79.71 imgs/s=575.6
[2026-01-03 18:44:58] [Epoch 043] TrainLoss=3.8437 ValLoss=2.4830 ValTop1=61.95% ValTop5=83.77% (BestTop1=63.57%)
[2026-01-03 18:48:05] [Train][E044][upd 0221382] lr=0.000637754 loss=3.7902 top1=58.85 top5=80.38 imgs/s=570.1
[2026-01-03 18:51:50] [Train][E044][upd 0221884] lr=0.000636166 loss=3.7988 top1=58.71 top5=80.26 imgs/s=570.5
[2026-01-03 18:55:37] [Train][E044][upd 0222386] lr=0.000634576 loss=3.8096 top1=58.49 top5=80.13 imgs/s=569.4
[2026-01-03 18:59:23] [Train][E044][upd 0222888] lr=0.000632985 loss=3.8156 top1=58.36 top5=80.07 imgs/s=568.7
[2026-01-03 19:03:11] [Train][E044][upd 0223390] lr=0.000631392 loss=3.8189 top1=58.30 top5=80.04 imgs/s=567.7
[2026-01-03 19:06:59] [Train][E044][upd 0223892] lr=0.000629798 loss=3.8223 top1=58.24 top5=80.00 imgs/s=567.1
[2026-01-03 19:10:46] [Train][E044][upd 0224394] lr=0.000628202 loss=3.8254 top1=58.20 top5=79.95 imgs/s=567.0
[2026-01-03 19:14:33] [Train][E044][upd 0224896] lr=0.000626605 loss=3.8277 top1=58.14 top5=79.92 imgs/s=566.8
[2026-01-03 19:17:57] [Train][E044][upd 0225398] lr=0.000625007 loss=3.8296 top1=58.10 top5=79.90 imgs/s=573.4
[2026-01-03 19:21:43] [Train][E044][upd 0225900] lr=0.000623407 loss=3.8309 top1=58.08 top5=79.89 imgs/s=573.0
[2026-01-03 19:23:13] [Epoch 044] TrainLoss=3.8311 ValLoss=2.6055 ValTop1=59.77% ValTop5=82.41% (BestTop1=63.57%)
[2026-01-03 19:26:22] [Train][E045][upd 0226402] lr=0.000621806 loss=3.7720 top1=59.08 top5=80.58 imgs/s=561.0
[2026-01-03 19:30:10] [Train][E045][upd 0226904] lr=0.000620203 loss=3.7891 top1=58.78 top5=80.34 imgs/s=562.9
[2026-01-03 19:33:57] [Train][E045][upd 0227406] lr=0.0006186 loss=3.8001 top1=58.63 top5=80.19 imgs/s=564.1
[2026-01-03 19:37:45] [Train][E045][upd 0227908] lr=0.000616995 loss=3.8013 top1=58.57 top5=80.19 imgs/s=564.1
[2026-01-03 19:41:31] [Train][E045][upd 0228410] lr=0.000615389 loss=3.8016 top1=58.55 top5=80.20 imgs/s=564.8
[2026-01-03 19:45:16] [Train][E045][upd 0228912] lr=0.000613781 loss=3.8044 top1=58.48 top5=80.17 imgs/s=565.8
[2026-01-03 19:49:01] [Train][E045][upd 0229414] lr=0.000612172 loss=3.8079 top1=58.42 top5=80.13 imgs/s=566.5
[2026-01-03 19:52:47] [Train][E045][upd 0229916] lr=0.000610562 loss=3.8093 top1=58.39 top5=80.12 imgs/s=566.9
[2026-01-03 19:56:09] [Train][E045][upd 0230418] lr=0.000608951 loss=3.8096 top1=58.38 top5=80.11 imgs/s=573.9
[2026-01-03 19:59:53] [Train][E045][upd 0230920] lr=0.000607339 loss=3.8125 top1=58.34 top5=80.07 imgs/s=574.0
[2026-01-03 20:01:23] [Epoch 045] TrainLoss=3.8123 ValLoss=2.7052 ValTop1=57.18% ValTop5=80.53% (BestTop1=63.57%)
[2026-01-03 20:04:28] [Train][E046][upd 0231422] lr=0.000605725 loss=3.7635 top1=59.10 top5=80.77 imgs/s=569.9
[2026-01-03 20:08:11] [Train][E046][upd 0231924] lr=0.000604111 loss=3.7757 top1=58.86 top5=80.56 imgs/s=573.6
[2026-01-03 20:11:55] [Train][E046][upd 0232426] lr=0.000602495 loss=3.7815 top1=58.76 top5=80.52 imgs/s=574.3
[2026-01-03 20:15:39] [Train][E046][upd 0232928] lr=0.000600878 loss=3.7855 top1=58.68 top5=80.46 imgs/s=574.1
[2026-01-03 20:19:23] [Train][E046][upd 0233430] lr=0.00059926 loss=3.7886 top1=58.65 top5=80.41 imgs/s=573.9
[2026-01-03 20:23:07] [Train][E046][upd 0233932] lr=0.000597641 loss=3.7926 top1=58.59 top5=80.37 imgs/s=573.8
[2026-01-03 20:26:51] [Train][E046][upd 0234434] lr=0.000596021 loss=3.7941 top1=58.55 top5=80.35 imgs/s=573.9
[2026-01-03 20:30:35] [Train][E046][upd 0234936] lr=0.000594399 loss=3.7964 top1=58.54 top5=80.32 imgs/s=573.9
[2026-01-03 20:33:57] [Train][E046][upd 0235438] lr=0.000592777 loss=3.7974 top1=58.53 top5=80.29 imgs/s=580.1
[2026-01-03 20:37:42] [Train][E046][upd 0235940] lr=0.000591154 loss=3.7973 top1=58.52 top5=80.29 imgs/s=579.3
[2026-01-03 20:39:15] [Epoch 046] TrainLoss=3.7975 ValLoss=2.4855 ValTop1=62.32% ValTop5=84.24% (BestTop1=63.57%)
[2026-01-03 20:42:22] [Train][E047][upd 0236442] lr=0.00058953 loss=3.7445 top1=59.50 top5=80.99 imgs/s=559.7
[2026-01-03 20:46:10] [Train][E047][upd 0236944] lr=0.000587904 loss=3.7577 top1=59.28 top5=80.83 imgs/s=562.1
[2026-01-03 20:49:57] [Train][E047][upd 0237446] lr=0.000586278 loss=3.7624 top1=59.18 top5=80.74 imgs/s=563.6
[2026-01-03 20:53:45] [Train][E047][upd 0237948] lr=0.000584651 loss=3.7651 top1=59.15 top5=80.70 imgs/s=563.4
[2026-01-03 20:57:32] [Train][E047][upd 0238450] lr=0.000583023 loss=3.7673 top1=59.09 top5=80.67 imgs/s=564.1
[2026-01-03 21:01:19] [Train][E047][upd 0238952] lr=0.000581394 loss=3.7731 top1=59.01 top5=80.59 imgs/s=564.4
[2026-01-03 21:05:07] [Train][E047][upd 0239454] lr=0.000579764 loss=3.7762 top1=58.96 top5=80.52 imgs/s=564.2
[2026-01-03 21:08:53] [Train][E047][upd 0239956] lr=0.000578134 loss=3.7771 top1=58.97 top5=80.51 imgs/s=564.9
[2026-01-03 21:12:17] [Train][E047][upd 0240458] lr=0.000576502 loss=3.7783 top1=58.95 top5=80.50 imgs/s=571.5
[2026-01-03 21:16:04] [Train][E047][upd 0240960] lr=0.00057487 loss=3.7806 top1=58.90 top5=80.47 imgs/s=571.0
[2026-01-03 21:17:38] [Epoch 047] TrainLoss=3.7806 ValLoss=2.5603 ValTop1=60.33% ValTop5=83.23% (BestTop1=63.57%)
[2026-01-03 21:20:42] [Train][E048][upd 0241462] lr=0.000573237 loss=3.7336 top1=59.59 top5=81.12 imgs/s=567.3
[2026-01-03 21:24:27] [Train][E048][upd 0241964] lr=0.000571603 loss=3.7415 top1=59.52 top5=80.98 imgs/s=568.4
[2026-01-03 21:28:13] [Train][E048][upd 0242466] lr=0.000569968 loss=3.7528 top1=59.39 top5=80.83 imgs/s=569.1
[2026-01-03 21:31:58] [Train][E048][upd 0242968] lr=0.000568333 loss=3.7565 top1=59.32 top5=80.77 imgs/s=569.5
[2026-01-03 21:35:42] [Train][E048][upd 0243470] lr=0.000566696 loss=3.7607 top1=59.26 top5=80.70 imgs/s=570.2
[2026-01-03 21:39:27] [Train][E048][upd 0243972] lr=0.000565059 loss=3.7618 top1=59.24 top5=80.67 imgs/s=570.6
[2026-01-03 21:43:11] [Train][E048][upd 0244474] lr=0.000563422 loss=3.7649 top1=59.17 top5=80.64 imgs/s=570.9
[2026-01-03 21:46:56] [Train][E048][upd 0244976] lr=0.000561783 loss=3.7649 top1=59.16 top5=80.64 imgs/s=571.0
[2026-01-03 21:50:17] [Train][E048][upd 0245478] lr=0.000560144 loss=3.7657 top1=59.15 top5=80.64 imgs/s=578.1
[2026-01-03 21:54:03] [Train][E048][upd 0245980] lr=0.000558505 loss=3.7660 top1=59.13 top5=80.64 imgs/s=576.9
[2026-01-03 21:55:38] [Epoch 048] TrainLoss=3.7659 ValLoss=2.6660 ValTop1=57.79% ValTop5=81.47% (BestTop1=63.57%)
[2026-01-03 21:58:43] [Train][E049][upd 0246482] lr=0.000556864 loss=3.7124 top1=59.94 top5=81.26 imgs/s=559.0
[2026-01-03 22:02:31] [Train][E049][upd 0246984] lr=0.000555224 loss=3.7258 top1=59.72 top5=81.09 imgs/s=562.5
[2026-01-03 22:06:17] [Train][E049][upd 0247486] lr=0.000553582 loss=3.7332 top1=59.69 top5=81.02 imgs/s=564.4
[2026-01-03 22:10:02] [Train][E049][upd 0247988] lr=0.00055194 loss=3.7370 top1=59.60 top5=80.99 imgs/s=566.5
[2026-01-03 22:13:46] [Train][E049][upd 0248490] lr=0.000550297 loss=3.7372 top1=59.63 top5=80.99 imgs/s=567.7
[2026-01-03 22:17:31] [Train][E049][upd 0248992] lr=0.000548654 loss=3.7379 top1=59.61 top5=80.98 imgs/s=568.3
[2026-01-03 22:21:16] [Train][E049][upd 0249494] lr=0.00054701 loss=3.7410 top1=59.53 top5=80.95 imgs/s=568.8
[2026-01-03 22:25:01] [Train][E049][upd 0249996] lr=0.000545366 loss=3.7437 top1=59.49 top5=80.91 imgs/s=569.2
[2026-01-03 22:28:23] [Train][E049][upd 0250498] lr=0.000543721 loss=3.7453 top1=59.46 top5=80.89 imgs/s=575.9
[2026-01-03 22:32:07] [Train][E049][upd 0251000] lr=0.000542076 loss=3.7469 top1=59.43 top5=80.87 imgs/s=575.8
[2026-01-03 22:33:41] [Epoch 049] TrainLoss=3.7476 ValLoss=2.5461 ValTop1=60.89% ValTop5=83.66% (BestTop1=63.57%)
[2026-01-03 22:36:44] [Train][E050][upd 0251502] lr=0.000540431 loss=3.6940 top1=60.34 top5=81.53 imgs/s=567.5
[2026-01-03 22:40:28] [Train][E050][upd 0252004] lr=0.000538784 loss=3.7052 top1=60.14 top5=81.37 imgs/s=570.0
[2026-01-03 22:44:14] [Train][E050][upd 0252506] lr=0.000537138 loss=3.7126 top1=60.02 top5=81.34 imgs/s=569.7
[2026-01-03 22:48:00] [Train][E050][upd 0253008] lr=0.000535491 loss=3.7185 top1=59.91 top5=81.24 imgs/s=569.5
[2026-01-03 22:51:47] [Train][E050][upd 0253510] lr=0.000533844 loss=3.7217 top1=59.86 top5=81.20 imgs/s=568.6
[2026-01-03 22:55:34] [Train][E050][upd 0254012] lr=0.000532196 loss=3.7231 top1=59.85 top5=81.17 imgs/s=568.2
[2026-01-03 22:59:20] [Train][E050][upd 0254514] lr=0.000530548 loss=3.7258 top1=59.82 top5=81.13 imgs/s=568.2
[2026-01-03 23:03:08] [Train][E050][upd 0255016] lr=0.0005289 loss=3.7286 top1=59.76 top5=81.10 imgs/s=567.9
[2026-01-03 23:06:30] [Train][E050][upd 0255518] lr=0.000527251 loss=3.7291 top1=59.74 top5=81.08 imgs/s=574.9
[2026-01-03 23:10:17] [Train][E050][upd 0256020] lr=0.000525602 loss=3.7311 top1=59.71 top5=81.06 imgs/s=574.0
[2026-01-03 23:11:53] [Epoch 050] TrainLoss=3.7317 ValLoss=2.4911 ValTop1=61.20% ValTop5=83.76% (BestTop1=63.57%)
[2026-01-03 23:14:56] [Train][E051][upd 0256522] lr=0.000523953 loss=3.6813 top1=60.46 top5=81.55 imgs/s=561.0
[2026-01-03 23:18:43] [Train][E051][upd 0257024] lr=0.000522303 loss=3.7043 top1=60.16 top5=81.31 imgs/s=563.5
[2026-01-03 23:22:31] [Train][E051][upd 0257526] lr=0.000520654 loss=3.7053 top1=60.17 top5=81.35 imgs/s=564.0
[2026-01-03 23:26:18] [Train][E051][upd 0258028] lr=0.000519004 loss=3.7052 top1=60.19 top5=81.37 imgs/s=564.1
[2026-01-03 23:30:05] [Train][E051][upd 0258530] lr=0.000517354 loss=3.7077 top1=60.13 top5=81.35 imgs/s=564.6
[2026-01-03 23:33:53] [Train][E051][upd 0259032] lr=0.000515703 loss=3.7091 top1=60.11 top5=81.34 imgs/s=564.7
[2026-01-03 23:37:39] [Train][E051][upd 0259534] lr=0.000514053 loss=3.7094 top1=60.11 top5=81.34 imgs/s=565.2
[2026-01-03 23:41:22] [Train][E051][upd 0260036] lr=0.000512402 loss=3.7101 top1=60.11 top5=81.34 imgs/s=566.5
[2026-01-03 23:44:47] [Train][E051][upd 0260538] lr=0.000510752 loss=3.7132 top1=60.04 top5=81.30 imgs/s=572.8
[2026-01-03 23:48:33] [Train][E051][upd 0261040] lr=0.000509101 loss=3.7144 top1=60.02 top5=81.27 imgs/s=572.5
[2026-01-03 23:50:09] [Epoch 051] TrainLoss=3.7144 ValLoss=2.5035 ValTop1=61.31% ValTop5=83.87% (BestTop1=63.57%)
[2026-01-03 23:53:10] [Train][E052][upd 0261542] lr=0.00050745 loss=3.6745 top1=60.60 top5=81.70 imgs/s=566.8
[2026-01-03 23:56:56] [Train][E052][upd 0262044] lr=0.000505799 loss=3.6726 top1=60.65 top5=81.72 imgs/s=567.9
[2026-01-04 00:00:43] [Train][E052][upd 0262546] lr=0.000504148 loss=3.6800 top1=60.59 top5=81.64 imgs/s=567.7
[2026-01-04 00:04:29] [Train][E052][upd 0263048] lr=0.000502497 loss=3.6814 top1=60.55 top5=81.63 imgs/s=567.9
[2026-01-04 00:08:15] [Train][E052][upd 0263550] lr=0.000500845 loss=3.6840 top1=60.51 top5=81.61 imgs/s=568.1
[2026-01-04 00:12:00] [Train][E052][upd 0264052] lr=0.000499194 loss=3.6872 top1=60.45 top5=81.56 imgs/s=568.6
[2026-01-04 00:15:45] [Train][E052][upd 0264554] lr=0.000497543 loss=3.6892 top1=60.43 top5=81.53 imgs/s=568.8
[2026-01-04 00:19:25] [Train][E052][upd 0265056] lr=0.000495892 loss=3.6903 top1=60.41 top5=81.55 imgs/s=570.8
[2026-01-04 00:22:51] [Train][E052][upd 0265558] lr=0.000494241 loss=3.6927 top1=60.39 top5=81.52 imgs/s=576.4
[2026-01-04 00:26:37] [Train][E052][upd 0266060] lr=0.00049259 loss=3.6945 top1=60.35 top5=81.50 imgs/s=575.7
[2026-01-04 00:28:14] [Epoch 052] TrainLoss=3.6950 ValLoss=2.5626 ValTop1=59.97% ValTop5=83.00% (BestTop1=63.57%)
[2026-01-04 00:31:11] [Train][E053][upd 0266562] lr=0.000490939 loss=3.6550 top1=61.11 top5=81.99 imgs/s=573.5
[2026-01-04 00:34:56] [Train][E053][upd 0267064] lr=0.000489288 loss=3.6630 top1=60.92 top5=81.90 imgs/s=573.0
[2026-01-04 00:38:42] [Train][E053][upd 0267566] lr=0.000487638 loss=3.6616 top1=60.96 top5=81.88 imgs/s=571.3
[2026-01-04 00:42:29] [Train][E053][upd 0268068] lr=0.000485987 loss=3.6638 top1=60.92 top5=81.85 imgs/s=570.1
[2026-01-04 00:46:16] [Train][E053][upd 0268570] lr=0.000484337 loss=3.6661 top1=60.86 top5=81.82 imgs/s=569.1
[2026-01-04 00:50:01] [Train][E053][upd 0269072] lr=0.000482686 loss=3.6698 top1=60.80 top5=81.78 imgs/s=569.4
[2026-01-04 00:53:47] [Train][E053][upd 0269574] lr=0.000481036 loss=3.6707 top1=60.80 top5=81.76 imgs/s=569.5
[2026-01-04 00:57:26] [Train][E053][upd 0270076] lr=0.000479387 loss=3.6725 top1=60.77 top5=81.74 imgs/s=571.4
[2026-01-04 01:00:56] [Train][E053][upd 0270578] lr=0.000477737 loss=3.6749 top1=60.72 top5=81.69 imgs/s=576.0
[2026-01-04 01:04:39] [Train][E053][upd 0271080] lr=0.000476088 loss=3.6767 top1=60.70 top5=81.67 imgs/s=575.8
[2026-01-04 01:06:18] [Epoch 053] TrainLoss=3.6773 ValLoss=2.7949 ValTop1=56.65% ValTop5=78.78% (BestTop1=63.57%)
[2026-01-04 01:09:18] [Train][E054][upd 0271582] lr=0.000474439 loss=3.6293 top1=61.50 top5=82.35 imgs/s=564.9
[2026-01-04 01:13:03] [Train][E054][upd 0272084] lr=0.00047279 loss=3.6388 top1=61.31 top5=82.29 imgs/s=567.8
[2026-01-04 01:16:48] [Train][E054][upd 0272586] lr=0.000471141 loss=3.6420 top1=61.28 top5=82.21 imgs/s=569.1
[2026-01-04 01:20:33] [Train][E054][upd 0273088] lr=0.000469493 loss=3.6472 top1=61.15 top5=82.11 imgs/s=569.8
[2026-01-04 01:24:18] [Train][E054][upd 0273590] lr=0.000467845 loss=3.6494 top1=61.13 top5=82.07 imgs/s=569.9
[2026-01-04 01:28:04] [Train][E054][upd 0274092] lr=0.000466198 loss=3.6504 top1=61.10 top5=82.05 imgs/s=569.8
[2026-01-04 01:31:50] [Train][E054][upd 0274594] lr=0.000464551 loss=3.6529 top1=61.06 top5=82.01 imgs/s=569.7
[2026-01-04 01:35:28] [Train][E054][upd 0275096] lr=0.000462904 loss=3.6552 top1=61.01 top5=81.98 imgs/s=572.1
[2026-01-04 01:38:58] [Train][E054][upd 0275598] lr=0.000461258 loss=3.6554 top1=61.01 top5=81.96 imgs/s=576.4
[2026-01-04 01:42:43] [Train][E054][upd 0276100] lr=0.000459612 loss=3.6575 top1=60.99 top5=81.93 imgs/s=575.7
[2026-01-04 01:44:23] [Epoch 054] TrainLoss=3.6578 ValLoss=2.5790 ValTop1=60.58% ValTop5=83.21% (BestTop1=63.57%)
[2026-01-04 01:47:23] [Train][E055][upd 0276602] lr=0.000457967 loss=3.6100 top1=61.92 top5=82.40 imgs/s=560.2
[2026-01-04 01:51:10] [Train][E055][upd 0277104] lr=0.000456322 loss=3.6151 top1=61.70 top5=82.43 imgs/s=563.7
[2026-01-04 01:54:57] [Train][E055][upd 0277606] lr=0.000454677 loss=3.6220 top1=61.52 top5=82.33 imgs/s=564.4
[2026-01-04 01:58:45] [Train][E055][upd 0278108] lr=0.000453033 loss=3.6260 top1=61.46 top5=82.29 imgs/s=564.6
[2026-01-04 02:02:30] [Train][E055][upd 0278610] lr=0.00045139 loss=3.6280 top1=61.46 top5=82.25 imgs/s=565.8
[2026-01-04 02:06:15] [Train][E055][upd 0279112] lr=0.000449747 loss=3.6305 top1=61.41 top5=82.21 imgs/s=566.9
[2026-01-04 02:10:01] [Train][E055][upd 0279614] lr=0.000448105 loss=3.6338 top1=61.36 top5=82.18 imgs/s=567.1
[2026-01-04 02:13:36] [Train][E055][upd 0280116] lr=0.000446463 loss=3.6350 top1=61.34 top5=82.16 imgs/s=570.6
[2026-01-04 02:17:09] [Train][E055][upd 0280618] lr=0.000444822 loss=3.6370 top1=61.32 top5=82.15 imgs/s=574.4
[2026-01-04 02:20:54] [Train][E055][upd 0281120] lr=0.000443181 loss=3.6385 top1=61.30 top5=82.12 imgs/s=573.9
[2026-01-04 02:22:35] [Epoch 055] TrainLoss=3.6388 ValLoss=2.6250 ValTop1=59.33% ValTop5=82.00% (BestTop1=63.57%)
[2026-01-04 02:25:32] [Train][E056][upd 0281622] lr=0.000441541 loss=3.5917 top1=62.30 top5=82.65 imgs/s=565.0
[2026-01-04 02:29:19] [Train][E056][upd 0282124] lr=0.000439902 loss=3.6084 top1=61.82 top5=82.50 imgs/s=566.7
[2026-01-04 02:33:06] [Train][E056][upd 0282626] lr=0.000438264 loss=3.6125 top1=61.76 top5=82.45 imgs/s=565.9
[2026-01-04 02:36:53] [Train][E056][upd 0283128] lr=0.000436626 loss=3.6144 top1=61.70 top5=82.48 imgs/s=565.8
[2026-01-04 02:40:40] [Train][E056][upd 0283630] lr=0.000434988 loss=3.6170 top1=61.68 top5=82.45 imgs/s=566.3
[2026-01-04 02:44:27] [Train][E056][upd 0284132] lr=0.000433352 loss=3.6180 top1=61.68 top5=82.44 imgs/s=566.3
[2026-01-04 02:48:13] [Train][E056][upd 0284634] lr=0.000431716 loss=3.6198 top1=61.64 top5=82.41 imgs/s=566.4
[2026-01-04 02:51:48] [Train][E056][upd 0285136] lr=0.000430081 loss=3.6191 top1=61.64 top5=82.42 imgs/s=570.2
[2026-01-04 02:55:23] [Train][E056][upd 0285638] lr=0.000428447 loss=3.6213 top1=61.59 top5=82.37 imgs/s=573.2
[2026-01-04 02:59:10] [Train][E056][upd 0286140] lr=0.000426813 loss=3.6230 top1=61.55 top5=82.34 imgs/s=572.5
[2026-01-04 03:00:52] [Epoch 056] TrainLoss=3.6233 ValLoss=2.8878 ValTop1=53.86% ValTop5=77.53% (BestTop1=63.57%)
[2026-01-04 03:03:48] [Train][E057][upd 0286642] lr=0.00042518 loss=3.5759 top1=62.28 top5=82.92 imgs/s=570.3
[2026-01-04 03:07:34] [Train][E057][upd 0287144] lr=0.000423549 loss=3.5818 top1=62.22 top5=82.83 imgs/s=569.4
[2026-01-04 03:11:21] [Train][E057][upd 0287646] lr=0.000421918 loss=3.5853 top1=62.19 top5=82.81 imgs/s=567.9
[2026-01-04 03:15:08] [Train][E057][upd 0288148] lr=0.000420287 loss=3.5869 top1=62.18 top5=82.79 imgs/s=567.3
[2026-01-04 03:18:55] [Train][E057][upd 0288650] lr=0.000418658 loss=3.5896 top1=62.12 top5=82.77 imgs/s=567.0
[2026-01-04 03:22:40] [Train][E057][upd 0289152] lr=0.00041703 loss=3.5925 top1=62.07 top5=82.73 imgs/s=567.7
[2026-01-04 03:26:26] [Train][E057][upd 0289654] lr=0.000415402 loss=3.5969 top1=62.01 top5=82.67 imgs/s=568.0
[2026-01-04 03:29:58] [Train][E057][upd 0290156] lr=0.000413776 loss=3.5992 top1=61.99 top5=82.63 imgs/s=572.4
[2026-01-04 03:33:34] [Train][E057][upd 0290658] lr=0.00041215 loss=3.6008 top1=61.98 top5=82.60 imgs/s=575.0
[2026-01-04 03:37:19] [Train][E057][upd 0291160] lr=0.000410525 loss=3.6028 top1=61.94 top5=82.58 imgs/s=574.6
[2026-01-04 03:39:01] [Epoch 057] TrainLoss=3.6027 ValLoss=2.3040 ValTop1=66.53% ValTop5=87.20% (BestTop1=66.53%)
[2026-01-04 03:41:58] [Train][E058][upd 0291662] lr=0.000408902 loss=3.5505 top1=62.71 top5=83.18 imgs/s=565.1
[2026-01-04 03:45:43] [Train][E058][upd 0292164] lr=0.000407279 loss=3.5567 top1=62.59 top5=83.09 imgs/s=568.5
[2026-01-04 03:49:29] [Train][E058][upd 0292666] lr=0.000405658 loss=3.5613 top1=62.57 top5=83.04 imgs/s=568.6
[2026-01-04 03:53:17] [Train][E058][upd 0293168] lr=0.000404037 loss=3.5666 top1=62.47 top5=82.99 imgs/s=567.4
[2026-01-04 03:57:05] [Train][E058][upd 0293670] lr=0.000402417 loss=3.5724 top1=62.39 top5=82.90 imgs/s=566.6
[2026-01-04 04:00:53] [Train][E058][upd 0294172] lr=0.000400799 loss=3.5737 top1=62.38 top5=82.90 imgs/s=566.2
[2026-01-04 04:04:41] [Train][E058][upd 0294674] lr=0.000399181 loss=3.5756 top1=62.35 top5=82.88 imgs/s=565.7
[2026-01-04 04:08:13] [Train][E058][upd 0295176] lr=0.000397565 loss=3.5768 top1=62.32 top5=82.86 imgs/s=570.6
[2026-01-04 04:11:50] [Train][E058][upd 0295678] lr=0.00039595 loss=3.5794 top1=62.27 top5=82.84 imgs/s=572.8
[2026-01-04 04:15:38] [Train][E058][upd 0296180] lr=0.000394336 loss=3.5807 top1=62.25 top5=82.83 imgs/s=572.1
[2026-01-04 04:17:21] [Epoch 058] TrainLoss=3.5809 ValLoss=2.4239 ValTop1=63.85% ValTop5=85.63% (BestTop1=66.53%)
[2026-01-04 04:20:18] [Train][E059][upd 0296682] lr=0.000392723 loss=3.5368 top1=63.04 top5=83.29 imgs/s=557.6
[2026-01-04 04:24:07] [Train][E059][upd 0297184] lr=0.000391112 loss=3.5528 top1=62.88 top5=83.10 imgs/s=560.3
[2026-01-04 04:27:55] [Train][E059][upd 0297686] lr=0.000389501 loss=3.5521 top1=62.85 top5=83.14 imgs/s=561.1
[2026-01-04 04:31:44] [Train][E059][upd 0298188] lr=0.000387892 loss=3.5544 top1=62.78 top5=83.13 imgs/s=561.3
[2026-01-04 04:35:32] [Train][E059][upd 0298690] lr=0.000386284 loss=3.5575 top1=62.69 top5=83.08 imgs/s=561.7
[2026-01-04 04:39:19] [Train][E059][upd 0299192] lr=0.000384677 loss=3.5599 top1=62.64 top5=83.06 imgs/s=562.5
[2026-01-04 04:43:06] [Train][E059][upd 0299694] lr=0.000383071 loss=3.5602 top1=62.64 top5=83.05 imgs/s=562.8
[2026-01-04 04:46:38] [Train][E059][upd 0300196] lr=0.000381467 loss=3.5624 top1=62.62 top5=83.01 imgs/s=568.2
[2026-01-04 04:50:19] [Train][E059][upd 0300698] lr=0.000379864 loss=3.5638 top1=62.60 top5=82.99 imgs/s=569.6
[2026-01-04 04:54:07] [Train][E059][upd 0301200] lr=0.000378263 loss=3.5645 top1=62.59 top5=82.98 imgs/s=569.1
[2026-01-04 04:55:52] [Epoch 059] TrainLoss=3.5647 ValLoss=2.6416 ValTop1=60.82% ValTop5=82.73% (BestTop1=66.53%)
[2026-01-04 04:58:47] [Train][E060][upd 0301702] lr=0.000376662 loss=3.5276 top1=63.22 top5=83.27 imgs/s=560.6
[2026-01-04 05:02:35] [Train][E060][upd 0302204] lr=0.000375063 loss=3.5293 top1=63.25 top5=83.30 imgs/s=562.8
[2026-01-04 05:06:22] [Train][E060][upd 0302706] lr=0.000373466 loss=3.5264 top1=63.21 top5=83.39 imgs/s=563.4
[2026-01-04 05:10:10] [Train][E060][upd 0303208] lr=0.00037187 loss=3.5282 top1=63.17 top5=83.40 imgs/s=563.5
[2026-01-04 05:13:57] [Train][E060][upd 0303710] lr=0.000370275 loss=3.5312 top1=63.14 top5=83.34 imgs/s=564.2
[2026-01-04 05:17:44] [Train][E060][upd 0304212] lr=0.000368682 loss=3.5334 top1=63.08 top5=83.33 imgs/s=564.7
[2026-01-04 05:21:31] [Train][E060][upd 0304714] lr=0.00036709 loss=3.5349 top1=63.03 top5=83.33 imgs/s=564.8
[2026-01-04 05:25:02] [Train][E060][upd 0305216] lr=0.000365499 loss=3.5366 top1=63.01 top5=83.30 imgs/s=570.3
[2026-01-04 05:28:43] [Train][E060][upd 0305718] lr=0.00036391 loss=3.5396 top1=62.97 top5=83.26 imgs/s=571.3
[2026-01-04 05:32:31] [Train][E060][upd 0306220] lr=0.000362323 loss=3.5418 top1=62.93 top5=83.23 imgs/s=570.5
[2026-01-04 05:34:17] [Epoch 060] TrainLoss=3.5425 ValLoss=2.4637 ValTop1=63.39% ValTop5=84.87% (BestTop1=66.53%)
[2026-01-04 05:37:12] [Train][E061][upd 0306722] lr=0.000360737 loss=3.5000 top1=63.52 top5=83.74 imgs/s=557.8
[2026-01-04 05:41:00] [Train][E061][upd 0307224] lr=0.000359152 loss=3.5010 top1=63.63 top5=83.70 imgs/s=562.0
[2026-01-04 05:44:47] [Train][E061][upd 0307726] lr=0.00035757 loss=3.5055 top1=63.58 top5=83.62 imgs/s=563.5
[2026-01-04 05:48:33] [Train][E061][upd 0308228] lr=0.000355988 loss=3.5078 top1=63.54 top5=83.63 imgs/s=564.5
[2026-01-04 05:52:20] [Train][E061][upd 0308730] lr=0.000354408 loss=3.5112 top1=63.53 top5=83.57 imgs/s=565.1
[2026-01-04 05:56:07] [Train][E061][upd 0309232] lr=0.00035283 loss=3.5156 top1=63.48 top5=83.51 imgs/s=565.1
[2026-01-04 05:59:54] [Train][E061][upd 0309734] lr=0.000351254 loss=3.5170 top1=63.46 top5=83.49 imgs/s=565.2
[2026-01-04 06:03:23] [Train][E061][upd 0310236] lr=0.000349679 loss=3.5180 top1=63.44 top5=83.48 imgs/s=571.4
[2026-01-04 06:07:05] [Train][E061][upd 0310738] lr=0.000348106 loss=3.5191 top1=63.42 top5=83.49 imgs/s=572.0
[2026-01-04 06:10:51] [Train][E061][upd 0311240] lr=0.000346534 loss=3.5198 top1=63.39 top5=83.49 imgs/s=571.6
[2026-01-04 06:12:37] [Epoch 061] TrainLoss=3.5200 ValLoss=2.8868 ValTop1=55.12% ValTop5=77.90% (BestTop1=66.53%)
[2026-01-04 06:15:33] [Train][E062][upd 0311742] lr=0.000344964 loss=3.4836 top1=64.11 top5=83.91 imgs/s=553.4
[2026-01-04 06:19:21] [Train][E062][upd 0312244] lr=0.000343396 loss=3.4873 top1=63.97 top5=83.85 imgs/s=559.5
[2026-01-04 06:23:08] [Train][E062][upd 0312746] lr=0.000341829 loss=3.4910 top1=63.84 top5=83.82 imgs/s=561.7
[2026-01-04 06:26:56] [Train][E062][upd 0313248] lr=0.000340265 loss=3.4940 top1=63.81 top5=83.78 imgs/s=562.3
[2026-01-04 06:30:43] [Train][E062][upd 0313750] lr=0.000338702 loss=3.4954 top1=63.76 top5=83.77 imgs/s=563.1
[2026-01-04 06:34:30] [Train][E062][upd 0314252] lr=0.00033714 loss=3.4980 top1=63.70 top5=83.75 imgs/s=563.8
[2026-01-04 06:38:16] [Train][E062][upd 0314754] lr=0.000335581 loss=3.4989 top1=63.71 top5=83.74 imgs/s=564.3
[2026-01-04 06:41:41] [Train][E062][upd 0315256] lr=0.000334023 loss=3.4986 top1=63.72 top5=83.74 imgs/s=571.8
[2026-01-04 06:45:25] [Train][E062][upd 0315758] lr=0.000332467 loss=3.4985 top1=63.72 top5=83.74 imgs/s=571.9
[2026-01-04 06:49:12] [Train][E062][upd 0316260] lr=0.000330913 loss=3.4994 top1=63.71 top5=83.73 imgs/s=571.5
[2026-01-04 06:50:59] [Epoch 062] TrainLoss=3.4996 ValLoss=2.3685 ValTop1=65.40% ValTop5=86.40% (BestTop1=66.53%)
[2026-01-04 06:53:52] [Train][E063][upd 0316762] lr=0.000329361 loss=3.4693 top1=64.28 top5=84.22 imgs/s=558.2
[2026-01-04 06:57:40] [Train][E063][upd 0317264] lr=0.000327811 loss=3.4660 top1=64.30 top5=84.19 imgs/s=562.0
[2026-01-04 07:01:28] [Train][E063][upd 0317766] lr=0.000326262 loss=3.4671 top1=64.32 top5=84.12 imgs/s=562.4
[2026-01-04 07:05:16] [Train][E063][upd 0318268] lr=0.000324716 loss=3.4686 top1=64.26 top5=84.09 imgs/s=562.4
[2026-01-04 07:09:05] [Train][E063][upd 0318770] lr=0.000323171 loss=3.4720 top1=64.19 top5=84.06 imgs/s=562.3
[2026-01-04 07:12:54] [Train][E063][upd 0319272] lr=0.000321629 loss=3.4746 top1=64.16 top5=84.03 imgs/s=562.1
[2026-01-04 07:16:41] [Train][E063][upd 0319774] lr=0.000320088 loss=3.4773 top1=64.12 top5=84.00 imgs/s=562.5
[2026-01-04 07:20:05] [Train][E063][upd 0320276] lr=0.000318549 loss=3.4792 top1=64.08 top5=83.98 imgs/s=570.4
