[2026-01-02 04:53:18] W&B enabled: project=0102-imagenet-gray3 name=pretty-silence-1
[2026-01-02 04:53:20] Dataset: 1285684 train, 50000 val | classes=1000
[2026-01-02 04:53:20] Device: cuda:6 | amp=True | tf32=True | ema=True | randaug=True | force_gray3=True
[2026-01-02 04:53:20] Norm: mean=(0.45798322587856827, 0.45798322587856827, 0.45798322587856827), std=(0.2623006911570552, 0.2623006911570552, 0.2623006911570552)
[2026-01-02 04:53:21] Optimizer=sgd | lr=0.05 | wd=0.0001 | updates/epoch=10044 total_updates=10044000 warmup_updates=50220
[2026-01-02 04:55:30] W&B enabled: project=0102-imagenet-gray3 name=visionary-plasma-2
[2026-01-02 04:55:31] Dataset: 1285684 train, 50000 val | classes=1000
[2026-01-02 04:55:31] Device: cuda:6 | amp=True | tf32=True | ema=True | randaug=True | force_gray3=True
[2026-01-02 04:55:31] Norm: mean=(0.45798322587856827, 0.45798322587856827, 0.45798322587856827), std=(0.2623006911570552, 0.2623006911570552, 0.2623006911570552)
[2026-01-02 04:55:32] Optimizer=sgd | lr=0.05 | wd=0.0001 | updates/epoch=10044 total_updates=10044000 warmup_updates=50220
[2026-01-02 04:57:44] [Train][E000][upd 0001004] lr=0.00148961 loss=12.7388 top1=0.12 top5=0.51 imgs/s=969.9
[2026-01-02 04:59:53] [Train][E000][upd 0002008] lr=0.00247921 loss=12.5865 top1=0.11 top5=0.50 imgs/s=983.2
[2026-01-02 05:02:01] [Train][E000][upd 0003012] lr=0.00346882 loss=12.3921 top1=0.11 top5=0.50 imgs/s=990.0
[2026-01-02 05:04:12] [Train][E000][upd 0004016] lr=0.00445842 loss=12.1653 top1=0.11 top5=0.50 imgs/s=988.0
[2026-01-02 05:06:23] [Train][E000][upd 0005020] lr=0.00544803 loss=11.9296 top1=0.11 top5=0.50 imgs/s=987.0
[2026-01-02 05:08:32] [Train][E000][upd 0006024] lr=0.00643763 loss=11.7134 top1=0.10 top5=0.50 imgs/s=987.9
[2026-01-02 05:10:42] [Train][E000][upd 0007028] lr=0.00742724 loss=11.5222 top1=0.11 top5=0.50 imgs/s=988.7
[2026-01-02 05:12:49] [Train][E000][upd 0008032] lr=0.00841685 loss=11.3545 top1=0.11 top5=0.51 imgs/s=991.6
[2026-01-02 05:14:56] [Train][E000][upd 0009036] lr=0.00940645 loss=11.2083 top1=0.11 top5=0.51 imgs/s=993.5
[2026-01-02 05:17:04] [Train][E000][upd 0010040] lr=0.0103961 loss=11.0772 top1=0.11 top5=0.51 imgs/s=994.8
[2026-01-02 05:17:59] [Epoch 000] TrainLoss=11.0767 ValLoss=9.4308 ValTop1=0.09% ValTop5=0.54% (BestTop1=0.09%)
[2026-01-02 05:20:07] [Train][E001][upd 0011044] lr=0.0113857 loss=9.7695 top1=0.13 top5=0.59 imgs/s=1000.9
[2026-01-02 05:22:14] [Train][E001][upd 0012048] lr=0.0123753 loss=9.7205 top1=0.13 top5=0.62 imgs/s=1009.3
[2026-01-02 05:24:23] [Train][E001][upd 0013052] lr=0.0133649 loss=9.6812 top1=0.16 top5=0.73 imgs/s=1003.6
[2026-01-02 05:26:26] [Train][E001][upd 0014056] lr=0.0143545 loss=9.6356 top1=0.19 top5=0.87 imgs/s=1013.1
[2026-01-02 05:28:35] [Train][E001][upd 0015060] lr=0.0153441 loss=9.5820 top1=0.23 top5=1.03 imgs/s=1010.5
[2026-01-02 05:30:42] [Train][E001][upd 0016064] lr=0.0163337 loss=9.5247 top1=0.27 top5=1.23 imgs/s=1011.3
[2026-01-02 05:32:46] [Train][E001][upd 0017068] lr=0.0173233 loss=9.4645 top1=0.34 top5=1.49 imgs/s=1013.7
[2026-01-02 05:34:50] [Train][E001][upd 0018072] lr=0.0183129 loss=9.4041 top1=0.42 top5=1.80 imgs/s=1016.8
[2026-01-02 05:36:54] [Train][E001][upd 0019076] lr=0.0193025 loss=9.3432 top1=0.51 top5=2.13 imgs/s=1019.0
[2026-01-02 05:38:58] [Train][E001][upd 0020080] lr=0.0202921 loss=9.2816 top1=0.62 top5=2.52 imgs/s=1020.6
[2026-01-02 05:39:52] [Epoch 001] TrainLoss=9.2811 ValLoss=1654.9268 ValTop1=0.11% ValTop5=0.52% (BestTop1=0.11%)
[2026-01-02 05:41:59] [Train][E002][upd 0021084] lr=0.0212817 loss=8.6225 top1=1.91 top5=6.97 imgs/s=1015.5
[2026-01-02 05:44:04] [Train][E002][upd 0022088] lr=0.0222713 loss=8.5682 top1=2.12 top5=7.56 imgs/s=1022.7
[2026-01-02 05:46:11] [Train][E002][upd 0023092] lr=0.0232609 loss=8.5130 top1=2.30 top5=8.18 imgs/s=1020.2
[2026-01-02 05:48:18] [Train][E002][upd 0024096] lr=0.0242505 loss=8.4598 top1=2.50 top5=8.81 imgs/s=1017.3
[2026-01-02 05:50:23] [Train][E002][upd 0025100] lr=0.0252401 loss=8.4067 top1=2.71 top5=9.43 imgs/s=1019.4
[2026-01-02 05:52:30] [Train][E002][upd 0026104] lr=0.0262297 loss=8.3563 top1=2.93 top5=10.05 imgs/s=1018.8
[2026-01-02 05:54:36] [Train][E002][upd 0027108] lr=0.0272194 loss=8.3056 top1=3.16 top5=10.72 imgs/s=1018.8
[2026-01-02 05:56:40] [Train][E002][upd 0028112] lr=0.028209 loss=8.2549 top1=3.41 top5=11.42 imgs/s=1020.5
[2026-01-02 05:58:46] [Train][E002][upd 0029116] lr=0.0291986 loss=8.2050 top1=3.68 top5=12.11 imgs/s=1020.7
[2026-01-02 06:00:52] [Train][E002][upd 0030120] lr=0.0301882 loss=8.1542 top1=3.97 top5=12.84 imgs/s=1020.9
[2026-01-02 06:01:46] [Epoch 002] TrainLoss=8.1536 ValLoss=25473506.9171 ValTop1=0.10% ValTop5=0.51% (BestTop1=0.11%)
[2026-01-02 06:03:51] [Train][E003][upd 0031124] lr=0.0311778 loss=7.6047 top1=7.24 top5=20.78 imgs/s=1018.5
[2026-01-02 06:05:59] [Train][E003][upd 0032128] lr=0.0321674 loss=7.5589 top1=7.60 top5=21.63 imgs/s=1010.9
[2026-01-02 06:08:03] [Train][E003][upd 0033132] lr=0.033157 loss=7.5155 top1=7.97 top5=22.38 imgs/s=1018.5
[2026-01-02 06:10:09] [Train][E003][upd 0034136] lr=0.0341466 loss=7.4724 top1=8.36 top5=23.14 imgs/s=1019.5
[2026-01-02 06:12:14] [Train][E003][upd 0035140] lr=0.0351362 loss=7.4290 top1=8.71 top5=23.86 imgs/s=1020.6
[2026-01-02 06:14:19] [Train][E003][upd 0036144] lr=0.0361258 loss=7.3857 top1=9.10 top5=24.60 imgs/s=1022.1
[2026-01-02 06:16:27] [Train][E003][upd 0037148] lr=0.0371154 loss=7.3436 top1=9.49 top5=25.35 imgs/s=1020.0
[2026-01-02 06:18:32] [Train][E003][upd 0038152] lr=0.038105 loss=7.3033 top1=9.89 top5=26.08 imgs/s=1021.3
[2026-01-02 06:20:37] [Train][E003][upd 0039156] lr=0.0390946 loss=7.2616 top1=10.29 top5=26.85 imgs/s=1021.4
[2026-01-02 06:22:41] [Train][E003][upd 0040160] lr=0.0400842 loss=7.2219 top1=10.67 top5=27.55 imgs/s=1022.8
[2026-01-02 06:23:35] [Epoch 003] TrainLoss=7.2213 ValLoss=47019936883.6710 ValTop1=0.10% ValTop5=0.48% (BestTop1=0.11%)
[2026-01-02 06:25:40] [Train][E004][upd 0041164] lr=0.0410738 loss=6.7679 top1=15.26 top5=35.58 imgs/s=1019.1
[2026-01-02 06:27:46] [Train][E004][upd 0042168] lr=0.0420634 loss=6.7386 top1=15.56 top5=36.15 imgs/s=1020.6
[2026-01-02 06:29:52] [Train][E004][upd 0043172] lr=0.043053 loss=6.7088 top1=15.92 top5=36.67 imgs/s=1018.9
[2026-01-02 06:31:57] [Train][E004][upd 0044176] lr=0.0440427 loss=6.6766 top1=16.27 top5=37.22 imgs/s=1022.0
[2026-01-02 06:34:02] [Train][E004][upd 0045180] lr=0.0450323 loss=6.6490 top1=16.61 top5=37.74 imgs/s=1022.3
[2026-01-02 06:36:07] [Train][E004][upd 0046184] lr=0.0460219 loss=6.6184 top1=16.99 top5=38.30 imgs/s=1023.5
[2026-01-02 06:38:12] [Train][E004][upd 0047188] lr=0.0470115 loss=6.5888 top1=17.33 top5=38.81 imgs/s=1024.3
[2026-01-02 06:40:18] [Train][E004][upd 0048192] lr=0.0480011 loss=6.5604 top1=17.68 top5=39.31 imgs/s=1024.1
